#
# There is insufficient memory for the Java Runtime Environment to continue.
# Native memory allocation (mmap) failed to map 169869312 bytes. Error detail: G1 virtual space
# Possible reasons:
#   The system is out of physical RAM or swap space
#   This process is running with CompressedOops enabled, and the Java Heap may be blocking the growth of the native heap
# Possible solutions:
#   Reduce memory load on the system
#   Increase physical memory or swap space
#   Check if swap backing store is full
#   Decrease Java heap size (-Xmx/-Xms)
#   Decrease number of Java threads
#   Decrease Java thread stack sizes (-Xss)
#   Set larger code cache with -XX:ReservedCodeCacheSize=
#   JVM is running with Unscaled Compressed Oops mode in which the Java heap is
#     placed in the first 4GB address space. The Java Heap base address is the
#     maximum limit for the native heap growth. Please use -XX:HeapBaseMinAddress
#     to set the Java Heap base and to place the Java Heap above 4GB virtual address.
# This output file may be truncated or incomplete.
#
#  Out of Memory Error (os_windows.cpp:3825), pid=16956, tid=24544
#
# JRE version: OpenJDK Runtime Environment (17.0.11) (build 17.0.11+0--11852314)
# Java VM: OpenJDK 64-Bit Server VM (17.0.11+0--11852314, mixed mode, tiered, compressed oops, compressed class ptrs, g1 gc, windows-amd64)
# No core dump will be written. Minidumps are not enabled by default on client versions of Windows
#

---------------  S U M M A R Y ------------

Command Line: --add-opens=java.base/java.util=ALL-UNNAMED --add-opens=java.base/java.lang=ALL-UNNAMED --add-opens=java.base/java.lang.invoke=ALL-UNNAMED --add-opens=java.prefs/java.util.prefs=ALL-UNNAMED --add-opens=java.base/java.nio.charset=ALL-UNNAMED --add-opens=java.base/java.net=ALL-UNNAMED --add-opens=java.base/java.util.concurrent.atomic=ALL-UNNAMED -Xmx2048m -Dfile.encoding=UTF-8 -Duser.country=ES -Duser.language=es -Duser.variant -javaagent:C:\Users\salin\.gradle\wrapper\dists\gradle-8.7-bin\bhs2wmbdwecv87pi65oeuq5iu\gradle-8.7\lib\agents\gradle-instrumentation-agent-8.7.jar org.gradle.launcher.daemon.bootstrap.GradleDaemon 8.7

Host: 11th Gen Intel(R) Core(TM) i5-1135G7 @ 2.40GHz, 8 cores, 7G,  Windows 10 , 64 bit Build 19041 (10.0.19041.5072)
Time: Tue Nov 26 11:57:30 2024 Hora estándar central (México) elapsed time: 11.764133 seconds (0d 0h 0m 11s)

---------------  T H R E A D  ---------------

Current thread (0x00000258cb1f34d0):  VMThread "VM Thread" [stack: 0x000000b9d6200000,0x000000b9d6300000] [id=24544]

Stack: [0x000000b9d6200000,0x000000b9d6300000]
Native frames: (J=compiled Java code, j=interpreted, Vv=VM code, C=native code)
V  [jvm.dll+0x687bb9]
V  [jvm.dll+0x84142a]
V  [jvm.dll+0x8430ae]
V  [jvm.dll+0x843713]
V  [jvm.dll+0x24a35f]
V  [jvm.dll+0x684989]
V  [jvm.dll+0x67923a]
V  [jvm.dll+0x30af0b]
V  [jvm.dll+0x3123b6]
V  [jvm.dll+0x361dfe]
V  [jvm.dll+0x36202f]
V  [jvm.dll+0x2e0d38]
V  [jvm.dll+0x2df144]
V  [jvm.dll+0x2de74c]
V  [jvm.dll+0x32305b]
V  [jvm.dll+0x847e0b]
V  [jvm.dll+0x848b42]
V  [jvm.dll+0x84905d]
V  [jvm.dll+0x849434]
V  [jvm.dll+0x849500]
V  [jvm.dll+0x7efa4a]
V  [jvm.dll+0x686a35]
C  [ucrtbase.dll+0x21bb2]
C  [KERNEL32.DLL+0x17374]
C  [ntdll.dll+0x4cc91]

VM_Operation (0x000000b9d79f2f30): G1CollectForAllocation, mode: safepoint, requested by thread 0x00000258d0d53230


---------------  P R O C E S S  ---------------

Threads class SMR info:
_java_thread_list=0x00000258d4a78f20, length=47, elements={
0x00000258b120dae0, 0x00000258cb0880e0, 0x00000258cb08b760, 0x00000258cb0a1360,
0x00000258cb0bd5e0, 0x00000258cb0bdeb0, 0x00000258cb20cf10, 0x00000258cb20e2b0,
0x00000258cb225010, 0x00000258cb235cf0, 0x00000258cb31eb00, 0x00000258cb486370,
0x00000258d215ba10, 0x00000258d0e12f50, 0x00000258d0e49b90, 0x00000258d06d30e0,
0x00000258d11e74d0, 0x00000258d0d54160, 0x00000258d0d53230, 0x00000258d0d52300,
0x00000258d0d52810, 0x00000258d0d54b80, 0x00000258d0d55090, 0x00000258d0d555a0,
0x00000258d0d54670, 0x00000258d0d55ab0, 0x00000258d2274990, 0x00000258d2274ea0,
0x00000258d2271c00, 0x00000258d226f890, 0x00000258d226df40, 0x00000258d22753b0,
0x00000258d226f380, 0x00000258d22707c0, 0x00000258d2274480, 0x00000258d226fda0,
0x00000258d22758c0, 0x00000258d2270cd0, 0x00000258d226e450, 0x00000258d2273f70,
0x00000258d22711e0, 0x00000258d22716f0, 0x00000258d2272110, 0x00000258d2272620,
0x00000258d2272b30, 0x00000258d2273550, 0x00000258d2273a60
}

Java Threads: ( => current thread )
  0x00000258b120dae0 JavaThread "main" [_thread_blocked, id=12900, stack(0x000000b9d5c00000,0x000000b9d5d00000)]
  0x00000258cb0880e0 JavaThread "Reference Handler" daemon [_thread_blocked, id=21536, stack(0x000000b9d6300000,0x000000b9d6400000)]
  0x00000258cb08b760 JavaThread "Finalizer" daemon [_thread_blocked, id=22100, stack(0x000000b9d6400000,0x000000b9d6500000)]
  0x00000258cb0a1360 JavaThread "Signal Dispatcher" daemon [_thread_blocked, id=14560, stack(0x000000b9d6500000,0x000000b9d6600000)]
  0x00000258cb0bd5e0 JavaThread "Attach Listener" daemon [_thread_blocked, id=7700, stack(0x000000b9d6600000,0x000000b9d6700000)]
  0x00000258cb0bdeb0 JavaThread "Service Thread" daemon [_thread_blocked, id=24216, stack(0x000000b9d6700000,0x000000b9d6800000)]
  0x00000258cb20cf10 JavaThread "Monitor Deflation Thread" daemon [_thread_blocked, id=5224, stack(0x000000b9d6800000,0x000000b9d6900000)]
  0x00000258cb20e2b0 JavaThread "C2 CompilerThread0" daemon [_thread_blocked, id=20056, stack(0x000000b9d6900000,0x000000b9d6a00000)]
  0x00000258cb225010 JavaThread "C1 CompilerThread0" daemon [_thread_blocked, id=6408, stack(0x000000b9d6a00000,0x000000b9d6b00000)]
  0x00000258cb235cf0 JavaThread "Sweeper thread" daemon [_thread_blocked, id=22276, stack(0x000000b9d6b00000,0x000000b9d6c00000)]
  0x00000258cb31eb00 JavaThread "Common-Cleaner" daemon [_thread_blocked, id=22796, stack(0x000000b9d6c00000,0x000000b9d6d00000)]
  0x00000258cb486370 JavaThread "Notification Thread" daemon [_thread_blocked, id=20632, stack(0x000000b9d6d00000,0x000000b9d6e00000)]
  0x00000258d215ba10 JavaThread "Daemon health stats" [_thread_blocked, id=17264, stack(0x000000b9d7400000,0x000000b9d7500000)]
  0x00000258d0e12f50 JavaThread "Incoming local TCP Connector on port 49703" [_thread_in_native, id=13100, stack(0x000000b9d6f00000,0x000000b9d7000000)]
  0x00000258d0e49b90 JavaThread "Daemon periodic checks" [_thread_blocked, id=22616, stack(0x000000b9d7500000,0x000000b9d7600000)]
  0x00000258d06d30e0 JavaThread "Daemon" [_thread_blocked, id=23220, stack(0x000000b9d7600000,0x000000b9d7700000)]
  0x00000258d11e74d0 JavaThread "Handler for socket connection from /127.0.0.1:49703 to /127.0.0.1:49704" [_thread_in_native, id=23180, stack(0x000000b9d7700000,0x000000b9d7800000)]
  0x00000258d0d54160 JavaThread "Cancel handler" [_thread_blocked, id=7180, stack(0x000000b9d7800000,0x000000b9d7900000)]
  0x00000258d0d53230 JavaThread "Daemon worker" [_thread_blocked, id=15016, stack(0x000000b9d7900000,0x000000b9d7a00000)]
  0x00000258d0d52300 JavaThread "Asynchronous log dispatcher for DefaultDaemonConnection: socket connection from /127.0.0.1:49703 to /127.0.0.1:49704" [_thread_blocked, id=2936, stack(0x000000b9d7a00000,0x000000b9d7b00000)]
  0x00000258d0d52810 JavaThread "Stdin handler" [_thread_blocked, id=6228, stack(0x000000b9d7b00000,0x000000b9d7c00000)]
  0x00000258d0d54b80 JavaThread "Daemon client event forwarder" [_thread_blocked, id=24040, stack(0x000000b9d7c00000,0x000000b9d7d00000)]
  0x00000258d0d55090 JavaThread "Cache worker for journal cache (C:\Users\salin\.gradle\caches\journal-1)" [_thread_blocked, id=17252, stack(0x000000b9d8200000,0x000000b9d8300000)]
  0x00000258d0d555a0 JavaThread "File lock request listener" [_thread_in_native, id=22608, stack(0x000000b9d8300000,0x000000b9d8400000)]
  0x00000258d0d54670 JavaThread "Cache worker for file hash cache (C:\Users\salin\.gradle\caches\8.7\fileHashes)" [_thread_blocked, id=18764, stack(0x000000b9d8400000,0x000000b9d8500000)]
  0x00000258d0d55ab0 JavaThread "Cache worker for file hash cache (D:\andr\.gradle\8.7\fileHashes)" [_thread_blocked, id=23152, stack(0x000000b9d8600000,0x000000b9d8700000)]
  0x00000258d2274990 JavaThread "File watcher server" daemon [_thread_blocked, id=22068, stack(0x000000b9d8700000,0x000000b9d8800000)]
  0x00000258d2274ea0 JavaThread "File watcher consumer" daemon [_thread_blocked, id=3340, stack(0x000000b9d8800000,0x000000b9d8900000)]
  0x00000258d2271c00 JavaThread "Cache worker for checksums cache (D:\andr\.gradle\8.7\checksums)" [_thread_blocked, id=8612, stack(0x000000b9d8900000,0x000000b9d8a00000)]
  0x00000258d226f890 JavaThread "Cache worker for cache directory md-supplier (C:\Users\salin\.gradle\caches\8.7\md-supplier)" [_thread_blocked, id=23832, stack(0x000000b9d8a00000,0x000000b9d8b00000)]
  0x00000258d226df40 JavaThread "Cache worker for cache directory md-rule (C:\Users\salin\.gradle\caches\8.7\md-rule)" [_thread_blocked, id=11124, stack(0x000000b9d8b00000,0x000000b9d8c00000)]
  0x00000258d22753b0 JavaThread "Cache worker for file content cache (C:\Users\salin\.gradle\caches\8.7\fileContent)" [_thread_blocked, id=23476, stack(0x000000b9d8100000,0x000000b9d8200000)]
  0x00000258d226f380 JavaThread "Cache worker for Build Output Cleanup Cache (D:\andr\.gradle\buildOutputCleanup)" [_thread_blocked, id=7820, stack(0x000000b9d8d00000,0x000000b9d8e00000)]
  0x00000258d22707c0 JavaThread "Unconstrained build operations" [_thread_blocked, id=11348, stack(0x000000b9d8e00000,0x000000b9d8f00000)]
  0x00000258d2274480 JavaThread "Unconstrained build operations Thread 2" [_thread_blocked, id=3852, stack(0x000000b9d8f00000,0x000000b9d9000000)]
  0x00000258d226fda0 JavaThread "Unconstrained build operations Thread 3" [_thread_blocked, id=14168, stack(0x000000b9d9000000,0x000000b9d9100000)]
  0x00000258d22758c0 JavaThread "Unconstrained build operations Thread 4" [_thread_blocked, id=24448, stack(0x000000b9d9100000,0x000000b9d9200000)]
  0x00000258d2270cd0 JavaThread "Unconstrained build operations Thread 5" [_thread_blocked, id=21672, stack(0x000000b9d9200000,0x000000b9d9300000)]
  0x00000258d226e450 JavaThread "Unconstrained build operations Thread 6" [_thread_blocked, id=19880, stack(0x000000b9d9300000,0x000000b9d9400000)]
  0x00000258d2273f70 JavaThread "Unconstrained build operations Thread 7" [_thread_blocked, id=12008, stack(0x000000b9d9400000,0x000000b9d9500000)]
  0x00000258d22711e0 JavaThread "Unconstrained build operations Thread 8" [_thread_blocked, id=23324, stack(0x000000b9d9500000,0x000000b9d9600000)]
  0x00000258d22716f0 JavaThread "Unconstrained build operations Thread 9" [_thread_blocked, id=23368, stack(0x000000b9d9600000,0x000000b9d9700000)]
  0x00000258d2272110 JavaThread "Unconstrained build operations Thread 10" [_thread_blocked, id=24264, stack(0x000000b9d9700000,0x000000b9d9800000)]
  0x00000258d2272620 JavaThread "Unconstrained build operations Thread 11" [_thread_blocked, id=4792, stack(0x000000b9d9800000,0x000000b9d9900000)]
  0x00000258d2272b30 JavaThread "Unconstrained build operations Thread 12" [_thread_blocked, id=8828, stack(0x000000b9d9900000,0x000000b9d9a00000)]
  0x00000258d2273550 JavaThread "Unconstrained build operations Thread 13" [_thread_blocked, id=24124, stack(0x000000b9d9a00000,0x000000b9d9b00000)]
  0x00000258d2273a60 JavaThread "Unconstrained build operations Thread 14" [_thread_blocked, id=3180, stack(0x000000b9d9b00000,0x000000b9d9c00000)]

Other Threads:
=>0x00000258cb1f34d0 VMThread "VM Thread" [stack: 0x000000b9d6200000,0x000000b9d6300000] [id=24544]
  0x00000258b120e9b0 WatcherThread [stack: 0x000000b9d6e00000,0x000000b9d6f00000] [id=12724]
  0x00000258b126ad70 GCTaskThread "GC Thread#0" [stack: 0x000000b9d5d00000,0x000000b9d5e00000] [id=13720]
  0x00000258d0142d40 GCTaskThread "GC Thread#1" [stack: 0x000000b9d7000000,0x000000b9d7100000] [id=6588]
  0x00000258d060df50 GCTaskThread "GC Thread#2" [stack: 0x000000b9d7100000,0x000000b9d7200000] [id=21532]
  0x00000258d082f0d0 GCTaskThread "GC Thread#3" [stack: 0x000000b9d7200000,0x000000b9d7300000] [id=23820]
  0x00000258d00e80a0 GCTaskThread "GC Thread#4" [stack: 0x000000b9d7300000,0x000000b9d7400000] [id=11232]
  0x00000258d11f17f0 GCTaskThread "GC Thread#5" [stack: 0x000000b9d7d00000,0x000000b9d7e00000] [id=23160]
  0x00000258d11f1530 GCTaskThread "GC Thread#6" [stack: 0x000000b9d7e00000,0x000000b9d7f00000] [id=22340]
  0x00000258d11f1ab0 GCTaskThread "GC Thread#7" [stack: 0x000000b9d7f00000,0x000000b9d8000000] [id=23372]
  0x00000258b127bbd0 ConcurrentGCThread "G1 Main Marker" [stack: 0x000000b9d5e00000,0x000000b9d5f00000] [id=9352]
  0x00000258b127c500 ConcurrentGCThread "G1 Conc#0" [stack: 0x000000b9d5f00000,0x000000b9d6000000] [id=24248]
  0x00000258d11f01f0 ConcurrentGCThread "G1 Conc#1" [stack: 0x000000b9d8000000,0x000000b9d8100000] [id=19748]
  0x00000258caef60e0 ConcurrentGCThread "G1 Refine#0" [stack: 0x000000b9d6000000,0x000000b9d6100000] [id=23928]
  0x00000258d3830420 ConcurrentGCThread "G1 Refine#1" [stack: 0x000000b9d8c00000,0x000000b9d8d00000] [id=23348]
  0x00000258d38318b0 ConcurrentGCThread "G1 Refine#2" [stack: 0x000000b9d9c00000,0x000000b9d9d00000] [id=21908]
  0x00000258d3832d40 ConcurrentGCThread "G1 Refine#3" [stack: 0x000000b9d9d00000,0x000000b9d9e00000] [id=21992]
  0x00000258d3833320 ConcurrentGCThread "G1 Refine#4" [stack: 0x000000b9d9e00000,0x000000b9d9f00000] [id=20264]
  0x00000258d3833610 ConcurrentGCThread "G1 Refine#5" [stack: 0x000000b9d9f00000,0x000000b9da000000] [id=20876]
  0x00000258cbed2070 ConcurrentGCThread "G1 Refine#6" [stack: 0x000000b9da000000,0x000000b9da100000] [id=1828]
  0x00000258cbed2f20 ConcurrentGCThread "G1 Refine#7" [stack: 0x000000b9da100000,0x000000b9da200000] [id=23712]
  0x00000258caef6920 ConcurrentGCThread "G1 Service" [stack: 0x000000b9d6100000,0x000000b9d6200000] [id=24548]

Threads with active compile tasks:
C2 CompilerThread0    11797 7792       4       java.util.LinkedHashSet::<init> (10 bytes)

VM state: at safepoint (normal execution)

VM Mutex/Monitor currently owned by a thread:  ([mutex/lock_event])
[0x00000258b1209780] Threads_lock - owner thread: 0x00000258cb1f34d0
[0x00000258b12099c0] Heap_lock - owner thread: 0x00000258d0d53230

Heap address: 0x0000000080000000, size: 2048 MB, Compressed Oops mode: 32-bit

CDS archive(s) not mapped
Compressed class space mapped at: 0x0000000100000000-0x0000000140000000, reserved size: 1073741824
Narrow klass base: 0x0000000000000000, Narrow klass shift: 3, Narrow klass range: 0x140000000

GC Precious Log:
 CPUs: 8 total, 8 available
 Memory: 7991M
 Large Page Support: Disabled
 NUMA Support: Disabled
 Compressed Oops: Enabled (32-bit)
 Heap Region Size: 1M
 Heap Min Capacity: 8M
 Heap Initial Capacity: 126M
 Heap Max Capacity: 2G
 Pre-touch: Disabled
 Parallel Workers: 8
 Concurrent Workers: 2
 Concurrent Refinement Workers: 8
 Periodic GC: Disabled

Heap:
 garbage-first heap   total 145408K, used 98332K [0x0000000080000000, 0x0000000100000000)
  region size 1024K, 2 young (2048K), 2 survivors (2048K)
 Metaspace       used 81934K, committed 82496K, reserved 1179648K
  class space    used 11379K, committed 11648K, reserved 1048576K

Heap Regions: E=young(eden), S=young(survivor), O=old, HS=humongous(starts), HC=humongous(continues), CS=collection set, F=free, OA=open archive, CA=closed archive, TAMS=top-at-mark-start (previous, next)
|   0|0x0000000080000000, 0x0000000080100000, 0x0000000080100000|100%|HS|  |TAMS 0x0000000080100000, 0x0000000080100000| Complete 
|   1|0x0000000080100000, 0x0000000080200000, 0x0000000080200000|100%|HC|  |TAMS 0x0000000080200000, 0x0000000080200000| Complete 
|   2|0x0000000080200000, 0x0000000080300000, 0x0000000080300000|100%|HC|  |TAMS 0x0000000080300000, 0x0000000080300000| Complete 
|   3|0x0000000080300000, 0x0000000080400000, 0x0000000080400000|100%|HC|  |TAMS 0x0000000080400000, 0x0000000080400000| Complete 
|   4|0x0000000080400000, 0x0000000080500000, 0x0000000080500000|100%| O|  |TAMS 0x0000000080500000, 0x0000000080500000| Untracked 
|   5|0x0000000080500000, 0x0000000080600000, 0x0000000080600000|100%| O|  |TAMS 0x0000000080600000, 0x0000000080600000| Untracked 
|   6|0x0000000080600000, 0x0000000080700000, 0x0000000080700000|100%| O|  |TAMS 0x0000000080700000, 0x0000000080700000| Untracked 
|   7|0x0000000080700000, 0x0000000080800000, 0x0000000080800000|100%| O|  |TAMS 0x0000000080800000, 0x0000000080800000| Untracked 
|   8|0x0000000080800000, 0x0000000080900000, 0x0000000080900000|100%| O|  |TAMS 0x0000000080900000, 0x0000000080900000| Untracked 
|   9|0x0000000080900000, 0x0000000080a00000, 0x0000000080a00000|100%| O|  |TAMS 0x0000000080a00000, 0x0000000080a00000| Untracked 
|  10|0x0000000080a00000, 0x0000000080b00000, 0x0000000080b00000|100%| O|  |TAMS 0x0000000080b00000, 0x0000000080b00000| Untracked 
|  11|0x0000000080b00000, 0x0000000080c00000, 0x0000000080c00000|100%| O|  |TAMS 0x0000000080c00000, 0x0000000080c00000| Untracked 
|  12|0x0000000080c00000, 0x0000000080d00000, 0x0000000080d00000|100%| O|  |TAMS 0x0000000080d00000, 0x0000000080d00000| Untracked 
|  13|0x0000000080d00000, 0x0000000080e00000, 0x0000000080e00000|100%| O|  |TAMS 0x0000000080e00000, 0x0000000080e00000| Untracked 
|  14|0x0000000080e00000, 0x0000000080f00000, 0x0000000080f00000|100%| O|  |TAMS 0x0000000080f00000, 0x0000000080f00000| Untracked 
|  15|0x0000000080f00000, 0x0000000081000000, 0x0000000081000000|100%| O|  |TAMS 0x0000000081000000, 0x0000000081000000| Untracked 
|  16|0x0000000081000000, 0x0000000081100000, 0x0000000081100000|100%| O|  |TAMS 0x0000000081100000, 0x0000000081100000| Untracked 
|  17|0x0000000081100000, 0x0000000081200000, 0x0000000081200000|100%| O|  |TAMS 0x0000000081200000, 0x0000000081200000| Untracked 
|  18|0x0000000081200000, 0x0000000081300000, 0x0000000081300000|100%| O|  |TAMS 0x0000000081300000, 0x0000000081300000| Untracked 
|  19|0x0000000081300000, 0x0000000081400000, 0x0000000081400000|100%| O|  |TAMS 0x0000000081400000, 0x0000000081400000| Untracked 
|  20|0x0000000081400000, 0x0000000081500000, 0x0000000081500000|100%| O|  |TAMS 0x0000000081500000, 0x0000000081500000| Untracked 
|  21|0x0000000081500000, 0x0000000081600000, 0x0000000081600000|100%| O|  |TAMS 0x0000000081600000, 0x0000000081600000| Untracked 
|  22|0x0000000081600000, 0x0000000081700000, 0x0000000081700000|100%| O|  |TAMS 0x0000000081700000, 0x0000000081700000| Untracked 
|  23|0x0000000081700000, 0x0000000081800000, 0x0000000081800000|100%| O|  |TAMS 0x0000000081790e00, 0x0000000081800000| Untracked 
|  24|0x0000000081800000, 0x0000000081900000, 0x0000000081900000|100%| O|  |TAMS 0x0000000081900000, 0x0000000081900000| Untracked 
|  25|0x0000000081900000, 0x0000000081a00000, 0x0000000081a00000|100%| O|  |TAMS 0x0000000081a00000, 0x0000000081a00000| Untracked 
|  26|0x0000000081a00000, 0x0000000081b00000, 0x0000000081b00000|100%| O|  |TAMS 0x0000000081b00000, 0x0000000081b00000| Untracked 
|  27|0x0000000081b00000, 0x0000000081c00000, 0x0000000081c00000|100%| O|  |TAMS 0x0000000081c00000, 0x0000000081c00000| Untracked 
|  28|0x0000000081c00000, 0x0000000081d00000, 0x0000000081d00000|100%| O|  |TAMS 0x0000000081d00000, 0x0000000081d00000| Untracked 
|  29|0x0000000081d00000, 0x0000000081e00000, 0x0000000081e00000|100%| O|  |TAMS 0x0000000081d00000, 0x0000000081e00000| Untracked 
|  30|0x0000000081e00000, 0x0000000081f00000, 0x0000000081f00000|100%| O|  |TAMS 0x0000000081f00000, 0x0000000081f00000| Untracked 
|  31|0x0000000081f00000, 0x0000000082000000, 0x0000000082000000|100%|HS|  |TAMS 0x0000000081f00000, 0x0000000082000000| Complete 
|  32|0x0000000082000000, 0x0000000082100000, 0x0000000082100000|100%| O|  |TAMS 0x0000000082100000, 0x0000000082100000| Untracked 
|  33|0x0000000082100000, 0x0000000082200000, 0x0000000082200000|100%| O|  |TAMS 0x0000000082200000, 0x0000000082200000| Untracked 
|  34|0x0000000082200000, 0x0000000082300000, 0x0000000082300000|100%| O|  |TAMS 0x0000000082300000, 0x0000000082300000| Untracked 
|  35|0x0000000082300000, 0x0000000082400000, 0x0000000082400000|100%| O|  |TAMS 0x0000000082400000, 0x0000000082400000| Untracked 
|  36|0x0000000082400000, 0x0000000082500000, 0x0000000082500000|100%| O|  |TAMS 0x0000000082500000, 0x0000000082500000| Untracked 
|  37|0x0000000082500000, 0x0000000082600000, 0x0000000082600000|100%| O|  |TAMS 0x0000000082600000, 0x0000000082600000| Untracked 
|  38|0x0000000082600000, 0x0000000082700000, 0x0000000082700000|100%| O|  |TAMS 0x0000000082700000, 0x0000000082700000| Untracked 
|  39|0x0000000082700000, 0x0000000082800000, 0x0000000082800000|100%| O|  |TAMS 0x0000000082800000, 0x0000000082800000| Untracked 
|  40|0x0000000082800000, 0x0000000082900000, 0x0000000082900000|100%| O|  |TAMS 0x0000000082900000, 0x0000000082900000| Untracked 
|  41|0x0000000082900000, 0x0000000082a00000, 0x0000000082a00000|100%| O|  |TAMS 0x0000000082a00000, 0x0000000082a00000| Untracked 
|  42|0x0000000082a00000, 0x0000000082b00000, 0x0000000082b00000|100%| O|  |TAMS 0x0000000082b00000, 0x0000000082b00000| Untracked 
|  43|0x0000000082b00000, 0x0000000082c00000, 0x0000000082c00000|100%| O|  |TAMS 0x0000000082c00000, 0x0000000082c00000| Untracked 
|  44|0x0000000082c00000, 0x0000000082d00000, 0x0000000082d00000|100%| O|  |TAMS 0x0000000082c00000, 0x0000000082d00000| Untracked 
|  45|0x0000000082d00000, 0x0000000082e00000, 0x0000000082e00000|100%| O|  |TAMS 0x0000000082d00000, 0x0000000082e00000| Untracked 
|  46|0x0000000082e00000, 0x0000000082f00000, 0x0000000082f00000|100%| O|  |TAMS 0x0000000082e00000, 0x0000000082f00000| Untracked 
|  47|0x0000000082f00000, 0x0000000083000000, 0x0000000083000000|100%| O|  |TAMS 0x0000000082f00000, 0x0000000083000000| Untracked 
|  48|0x0000000083000000, 0x0000000083100000, 0x0000000083100000|100%| O|  |TAMS 0x0000000083000000, 0x0000000083100000| Untracked 
|  49|0x0000000083100000, 0x0000000083200000, 0x0000000083200000|100%| O|  |TAMS 0x0000000083100000, 0x0000000083200000| Untracked 
|  50|0x0000000083200000, 0x0000000083300000, 0x0000000083300000|100%| O|  |TAMS 0x0000000083200000, 0x0000000083300000| Untracked 
|  51|0x0000000083300000, 0x0000000083400000, 0x0000000083400000|100%| O|  |TAMS 0x0000000083300000, 0x0000000083400000| Untracked 
|  52|0x0000000083400000, 0x0000000083500000, 0x0000000083500000|100%| O|  |TAMS 0x0000000083400000, 0x0000000083500000| Untracked 
|  53|0x0000000083500000, 0x0000000083600000, 0x0000000083600000|100%| O|  |TAMS 0x0000000083500000, 0x0000000083600000| Untracked 
|  54|0x0000000083600000, 0x0000000083700000, 0x0000000083700000|100%| O|  |TAMS 0x0000000083600000, 0x0000000083700000| Untracked 
|  55|0x0000000083700000, 0x0000000083800000, 0x0000000083800000|100%| O|  |TAMS 0x0000000083700000, 0x0000000083800000| Untracked 
|  56|0x0000000083800000, 0x0000000083900000, 0x0000000083900000|100%| O|  |TAMS 0x0000000083800000, 0x0000000083900000| Untracked 
|  57|0x0000000083900000, 0x0000000083a00000, 0x0000000083a00000|100%|HS|  |TAMS 0x0000000083900000, 0x0000000083a00000| Complete 
|  58|0x0000000083a00000, 0x0000000083b00000, 0x0000000083b00000|100%|HC|  |TAMS 0x0000000083a00000, 0x0000000083b00000| Complete 
|  59|0x0000000083b00000, 0x0000000083c00000, 0x0000000083c00000|100%|HC|  |TAMS 0x0000000083b00000, 0x0000000083c00000| Complete 
|  60|0x0000000083c00000, 0x0000000083d00000, 0x0000000083d00000|100%|HC|  |TAMS 0x0000000083c00000, 0x0000000083d00000| Complete 
|  61|0x0000000083d00000, 0x0000000083e00000, 0x0000000083e00000|100%|HC|  |TAMS 0x0000000083d00000, 0x0000000083e00000| Complete 
|  62|0x0000000083e00000, 0x0000000083f00000, 0x0000000083f00000|100%|HC|  |TAMS 0x0000000083e00000, 0x0000000083f00000| Complete 
|  63|0x0000000083f00000, 0x0000000084000000, 0x0000000084000000|100%|HS|  |TAMS 0x0000000083f00000, 0x0000000084000000| Complete 
|  64|0x0000000084000000, 0x0000000084100000, 0x0000000084100000|100%|HS|  |TAMS 0x0000000084000000, 0x0000000084100000| Complete 
|  65|0x0000000084100000, 0x0000000084200000, 0x0000000084200000|100%| O|  |TAMS 0x0000000084100000, 0x0000000084200000| Untracked 
|  66|0x0000000084200000, 0x0000000084300000, 0x0000000084300000|100%| O|  |TAMS 0x0000000084200000, 0x0000000084300000| Untracked 
|  67|0x0000000084300000, 0x0000000084400000, 0x0000000084400000|100%| O|  |TAMS 0x0000000084300000, 0x0000000084400000| Untracked 
|  68|0x0000000084400000, 0x0000000084500000, 0x0000000084500000|100%| O|  |TAMS 0x0000000084400000, 0x0000000084500000| Untracked 
|  69|0x0000000084500000, 0x0000000084600000, 0x0000000084600000|100%| O|  |TAMS 0x0000000084500000, 0x0000000084600000| Untracked 
|  70|0x0000000084600000, 0x0000000084700000, 0x0000000084700000|100%| O|  |TAMS 0x0000000084600000, 0x0000000084700000| Untracked 
|  71|0x0000000084700000, 0x0000000084800000, 0x0000000084800000|100%| O|  |TAMS 0x0000000084700000, 0x0000000084800000| Untracked 
|  72|0x0000000084800000, 0x0000000084900000, 0x0000000084900000|100%| O|  |TAMS 0x0000000084800000, 0x0000000084900000| Untracked 
|  73|0x0000000084900000, 0x0000000084a00000, 0x0000000084a00000|100%| O|  |TAMS 0x0000000084900000, 0x0000000084a00000| Untracked 
|  74|0x0000000084a00000, 0x0000000084b00000, 0x0000000084b00000|100%| O|  |TAMS 0x0000000084a00000, 0x0000000084b00000| Untracked 
|  75|0x0000000084b00000, 0x0000000084c00000, 0x0000000084c00000|100%| O|  |TAMS 0x0000000084b00000, 0x0000000084c00000| Untracked 
|  76|0x0000000084c00000, 0x0000000084d00000, 0x0000000084d00000|100%| O|  |TAMS 0x0000000084c00000, 0x0000000084d00000| Untracked 
|  77|0x0000000084d00000, 0x0000000084e00000, 0x0000000084e00000|100%|HS|  |TAMS 0x0000000084d00000, 0x0000000084e00000| Complete 
|  78|0x0000000084e00000, 0x0000000084f00000, 0x0000000084f00000|100%|HC|  |TAMS 0x0000000084e00000, 0x0000000084f00000| Complete 
|  79|0x0000000084f00000, 0x0000000085000000, 0x0000000085000000|100%| O|  |TAMS 0x0000000084f00000, 0x0000000084f00000| Untracked 
|  80|0x0000000085000000, 0x0000000085100000, 0x0000000085100000|100%|HS|  |TAMS 0x0000000085000000, 0x0000000085100000| Complete 
|  81|0x0000000085100000, 0x0000000085200000, 0x0000000085200000|100%|HC|  |TAMS 0x0000000085100000, 0x0000000085200000| Complete 
|  82|0x0000000085200000, 0x0000000085300000, 0x0000000085300000|100%|HC|  |TAMS 0x0000000085200000, 0x0000000085300000| Complete 
|  83|0x0000000085300000, 0x0000000085400000, 0x0000000085400000|100%|HC|  |TAMS 0x0000000085300000, 0x0000000085400000| Complete 
|  84|0x0000000085400000, 0x0000000085500000, 0x0000000085500000|100%| O|  |TAMS 0x0000000085400000, 0x0000000085400000| Untracked 
|  85|0x0000000085500000, 0x0000000085600000, 0x0000000085600000|100%| O|  |TAMS 0x0000000085500000, 0x0000000085600000| Untracked 
|  86|0x0000000085600000, 0x0000000085700000, 0x0000000085700000|100%| O|  |TAMS 0x0000000085600000, 0x0000000085700000| Untracked 
|  87|0x0000000085700000, 0x0000000085800000, 0x0000000085800000|100%| O|  |TAMS 0x0000000085700000, 0x0000000085800000| Untracked 
|  88|0x0000000085800000, 0x0000000085900000, 0x0000000085900000|100%| O|  |TAMS 0x0000000085800000, 0x0000000085900000| Untracked 
|  89|0x0000000085900000, 0x0000000085a00000, 0x0000000085a00000|100%| O|  |TAMS 0x0000000085900000, 0x0000000085a00000| Untracked 
|  90|0x0000000085a00000, 0x0000000085b00000, 0x0000000085b00000|100%| O|  |TAMS 0x0000000085a00000, 0x0000000085a00000| Untracked 
|  91|0x0000000085b00000, 0x0000000085c00000, 0x0000000085c00000|100%| O|  |TAMS 0x0000000085b00000, 0x0000000085b00000| Untracked 
|  92|0x0000000085c00000, 0x0000000085d00000, 0x0000000085d00000|100%| O|  |TAMS 0x0000000085c00000, 0x0000000085c00000| Untracked 
|  93|0x0000000085d00000, 0x0000000085d1c000, 0x0000000085e00000| 10%| O|  |TAMS 0x0000000085d00000, 0x0000000085d00000| Untracked 
|  94|0x0000000085e00000, 0x0000000085e00000, 0x0000000085f00000|  0%| F|  |TAMS 0x0000000085e00000, 0x0000000085e00000| Untracked 
|  95|0x0000000085f00000, 0x0000000085f00000, 0x0000000086000000|  0%| F|  |TAMS 0x0000000085f00000, 0x0000000085f00000| Untracked 
|  96|0x0000000086000000, 0x0000000086000000, 0x0000000086100000|  0%| F|  |TAMS 0x0000000086000000, 0x0000000086000000| Untracked 
|  97|0x0000000086100000, 0x0000000086100000, 0x0000000086200000|  0%| F|  |TAMS 0x0000000086100000, 0x0000000086100000| Untracked 
|  98|0x0000000086200000, 0x0000000086200000, 0x0000000086300000|  0%| F|  |TAMS 0x0000000086200000, 0x0000000086200000| Untracked 
|  99|0x0000000086300000, 0x0000000086300000, 0x0000000086400000|  0%| F|  |TAMS 0x0000000086300000, 0x0000000086300000| Untracked 
| 100|0x0000000086400000, 0x0000000086400000, 0x0000000086500000|  0%| F|  |TAMS 0x0000000086400000, 0x0000000086400000| Untracked 
| 101|0x0000000086500000, 0x0000000086500000, 0x0000000086600000|  0%| F|  |TAMS 0x0000000086500000, 0x0000000086500000| Untracked 
| 102|0x0000000086600000, 0x0000000086600000, 0x0000000086700000|  0%| F|  |TAMS 0x0000000086600000, 0x0000000086600000| Untracked 
| 103|0x0000000086700000, 0x0000000086700000, 0x0000000086800000|  0%| F|  |TAMS 0x0000000086700000, 0x0000000086700000| Untracked 
| 104|0x0000000086800000, 0x0000000086800000, 0x0000000086900000|  0%| F|  |TAMS 0x0000000086800000, 0x0000000086800000| Untracked 
| 105|0x0000000086900000, 0x0000000086900000, 0x0000000086a00000|  0%| F|  |TAMS 0x0000000086900000, 0x0000000086900000| Untracked 
| 106|0x0000000086a00000, 0x0000000086a00000, 0x0000000086b00000|  0%| F|  |TAMS 0x0000000086a00000, 0x0000000086a00000| Untracked 
| 107|0x0000000086b00000, 0x0000000086b00000, 0x0000000086c00000|  0%| F|  |TAMS 0x0000000086b00000, 0x0000000086b00000| Untracked 
| 108|0x0000000086c00000, 0x0000000086c00000, 0x0000000086d00000|  0%| F|  |TAMS 0x0000000086c00000, 0x0000000086c00000| Untracked 
| 109|0x0000000086d00000, 0x0000000086d00000, 0x0000000086e00000|  0%| F|  |TAMS 0x0000000086d00000, 0x0000000086d00000| Untracked 
| 110|0x0000000086e00000, 0x0000000086e00000, 0x0000000086f00000|  0%| F|  |TAMS 0x0000000086e00000, 0x0000000086e00000| Untracked 
| 111|0x0000000086f00000, 0x0000000086f00000, 0x0000000087000000|  0%| F|  |TAMS 0x0000000086f00000, 0x0000000086f00000| Untracked 
| 112|0x0000000087000000, 0x0000000087000000, 0x0000000087100000|  0%| F|  |TAMS 0x0000000087000000, 0x0000000087000000| Untracked 
| 113|0x0000000087100000, 0x0000000087100000, 0x0000000087200000|  0%| F|  |TAMS 0x0000000087100000, 0x0000000087100000| Untracked 
| 114|0x0000000087200000, 0x0000000087200000, 0x0000000087300000|  0%| F|  |TAMS 0x0000000087200000, 0x0000000087200000| Untracked 
| 115|0x0000000087300000, 0x0000000087300000, 0x0000000087400000|  0%| F|  |TAMS 0x0000000087300000, 0x0000000087300000| Untracked 
| 116|0x0000000087400000, 0x0000000087400000, 0x0000000087500000|  0%| F|  |TAMS 0x0000000087400000, 0x0000000087400000| Untracked 
| 117|0x0000000087500000, 0x00000000875eb3e8, 0x0000000087600000| 91%| S|CS|TAMS 0x0000000087500000, 0x0000000087500000| Complete 
| 118|0x0000000087600000, 0x0000000087700000, 0x0000000087700000|100%| S|CS|TAMS 0x0000000087600000, 0x0000000087600000| Complete 
| 119|0x0000000087700000, 0x0000000087700000, 0x0000000087800000|  0%| F|  |TAMS 0x0000000087700000, 0x0000000087700000| Untracked 
| 120|0x0000000087800000, 0x0000000087800000, 0x0000000087900000|  0%| F|  |TAMS 0x0000000087800000, 0x0000000087800000| Untracked 
| 121|0x0000000087900000, 0x0000000087900000, 0x0000000087a00000|  0%| F|  |TAMS 0x0000000087900000, 0x0000000087900000| Untracked 
| 122|0x0000000087a00000, 0x0000000087a00000, 0x0000000087b00000|  0%| F|  |TAMS 0x0000000087a00000, 0x0000000087a00000| Untracked 
| 123|0x0000000087b00000, 0x0000000087b00000, 0x0000000087c00000|  0%| F|  |TAMS 0x0000000087b00000, 0x0000000087b00000| Untracked 
| 124|0x0000000087c00000, 0x0000000087c00000, 0x0000000087d00000|  0%| F|  |TAMS 0x0000000087c00000, 0x0000000087c00000| Untracked 
| 125|0x0000000087d00000, 0x0000000087d00000, 0x0000000087e00000|  0%| F|  |TAMS 0x0000000087d00000, 0x0000000087d00000| Untracked 
| 126|0x0000000087e00000, 0x0000000087e00000, 0x0000000087f00000|  0%| F|  |TAMS 0x0000000087e00000, 0x0000000087e00000| Untracked 
| 127|0x0000000087f00000, 0x0000000087f00000, 0x0000000088000000|  0%| F|  |TAMS 0x0000000087f00000, 0x0000000087f00000| Untracked 
| 128|0x0000000088000000, 0x0000000088000000, 0x0000000088100000|  0%| F|  |TAMS 0x0000000088000000, 0x0000000088000000| Untracked 
| 129|0x0000000088100000, 0x0000000088100000, 0x0000000088200000|  0%| F|  |TAMS 0x0000000088100000, 0x0000000088100000| Untracked 
| 130|0x0000000088200000, 0x0000000088200000, 0x0000000088300000|  0%| F|  |TAMS 0x0000000088200000, 0x0000000088200000| Untracked 
| 131|0x0000000088300000, 0x0000000088300000, 0x0000000088400000|  0%| F|  |TAMS 0x0000000088300000, 0x0000000088300000| Untracked 
| 132|0x0000000088400000, 0x0000000088400000, 0x0000000088500000|  0%| F|  |TAMS 0x0000000088400000, 0x0000000088400000| Untracked 
| 133|0x0000000088500000, 0x0000000088500000, 0x0000000088600000|  0%| F|  |TAMS 0x0000000088500000, 0x0000000088500000| Untracked 
| 134|0x0000000088600000, 0x0000000088600000, 0x0000000088700000|  0%| F|  |TAMS 0x0000000088600000, 0x0000000088600000| Untracked 
| 135|0x0000000088700000, 0x0000000088700000, 0x0000000088800000|  0%| F|  |TAMS 0x0000000088700000, 0x0000000088700000| Untracked 
| 136|0x0000000088800000, 0x0000000088800000, 0x0000000088900000|  0%| F|  |TAMS 0x0000000088800000, 0x0000000088800000| Untracked 
| 137|0x0000000088900000, 0x0000000088900000, 0x0000000088a00000|  0%| F|  |TAMS 0x0000000088900000, 0x0000000088900000| Untracked 
| 138|0x0000000088a00000, 0x0000000088a00000, 0x0000000088b00000|  0%| F|  |TAMS 0x0000000088a00000, 0x0000000088a00000| Untracked 
| 139|0x0000000088b00000, 0x0000000088b00000, 0x0000000088c00000|  0%| F|  |TAMS 0x0000000088b00000, 0x0000000088b00000| Untracked 
| 140|0x0000000088c00000, 0x0000000088c00000, 0x0000000088d00000|  0%| F|  |TAMS 0x0000000088c00000, 0x0000000088c00000| Untracked 
|2047|0x00000000fff00000, 0x0000000100000000, 0x0000000100000000|100%| O|  |TAMS 0x00000000fff00000, 0x0000000100000000| Untracked 

Card table byte_map: [0x00000258c3e20000,0x00000258c4220000] _byte_map_base: 0x00000258c3a20000

Marking Bits (Prev, Next): (CMBitMap*) 0x00000258b126b2a0, (CMBitMap*) 0x00000258b126b2e0
 Prev Bits: [0x00000258c4620000, 0x00000258c6620000)
 Next Bits: [0x00000258c6620000, 0x00000258c8620000)

Polling page: 0x00000258af1b0000

Metaspace:

Usage:
  Non-class:     68.90 MB used.
      Class:     11.11 MB used.
       Both:     80.01 MB used.

Virtual space:
  Non-class space:      128.00 MB reserved,      69.19 MB ( 54%) committed,  2 nodes.
      Class space:        1.00 GB reserved,      11.38 MB (  1%) committed,  1 nodes.
             Both:        1.12 GB reserved,      80.56 MB (  7%) committed. 

Chunk freelists:
   Non-Class:  10.64 MB
       Class:  4.66 MB
        Both:  15.30 MB

MaxMetaspaceSize: unlimited
CompressedClassSpaceSize: 1.00 GB
Initial GC threshold: 21.00 MB
Current GC threshold: 122.50 MB
CDS: off
MetaspaceReclaimPolicy: balanced
 - commit_granule_bytes: 65536.
 - commit_granule_words: 8192.
 - virtual_space_node_default_size: 8388608.
 - enlarge_chunks_in_place: 1.
 - new_chunks_are_fully_committed: 0.
 - uncommit_free_chunks: 1.
 - use_allocation_guard: 0.
 - handle_deallocations: 1.


Internal statistics:

num_allocs_failed_limit: 6.
num_arena_births: 720.
num_arena_deaths: 0.
num_vsnodes_births: 3.
num_vsnodes_deaths: 0.
num_space_committed: 1287.
num_space_uncommitted: 0.
num_chunks_returned_to_freelist: 6.
num_chunks_taken_from_freelist: 3466.
num_chunk_merges: 6.
num_chunk_splits: 2493.
num_chunks_enlarged: 1887.
num_inconsistent_stats: 0.

CodeHeap 'non-profiled nmethods': size=120000Kb used=3839Kb max_used=3839Kb free=116160Kb
 bounds [0x00000258bc1c0000, 0x00000258bc580000, 0x00000258c36f0000]
CodeHeap 'profiled nmethods': size=120000Kb used=13073Kb max_used=13073Kb free=106926Kb
 bounds [0x00000258b46f0000, 0x00000258b53c0000, 0x00000258bbc20000]
CodeHeap 'non-nmethods': size=5760Kb used=1690Kb max_used=1734Kb free=4069Kb
 bounds [0x00000258bbc20000, 0x00000258bbe90000, 0x00000258bc1c0000]
 total_blobs=7816 nmethods=7052 adapters=675
 compilation: enabled
              stopped_count=0, restarted_count=0
 full_count=0

Compilation events (20 events):
Event: 11.678 Thread 0x00000258cb225010 7785       3       org.jetbrains.kotlin.com.intellij.util.containers.CanonicalHashingStrategy::hashCode (5 bytes)
Event: 11.678 Thread 0x00000258cb225010 nmethod 7785 0x00000258b53b0810 code [0x00000258b53b09c0, 0x00000258b53b0c68]
Event: 11.678 Thread 0x00000258cb225010 7784       3       kotlin.sequences.GeneratorSequence$iterator$1::<init> (16 bytes)
Event: 11.679 Thread 0x00000258cb225010 nmethod 7784 0x00000258b53b0d90 code [0x00000258b53b0f20, 0x00000258b53b10f8]
Event: 11.680 Thread 0x00000258cb225010 7786       3       jdk.proxy1.$Proxy7::<init> (6 bytes)
Event: 11.681 Thread 0x00000258cb225010 nmethod 7786 0x00000258b53b1190 code [0x00000258b53b1360, 0x00000258b53b16e8]
Event: 11.693 Thread 0x00000258cb225010 7787       3       java.lang.reflect.Proxy$ProxyBuilder::ensureAccess (39 bytes)
Event: 11.694 Thread 0x00000258cb225010 nmethod 7787 0x00000258b53b1890 code [0x00000258b53b1ae0, 0x00000258b53b2328]
Event: 11.736 Thread 0x00000258cb20e2b0 nmethod 7771 0x00000258bc57b190 code [0x00000258bc57b440, 0x00000258bc57d778]
Event: 11.736 Thread 0x00000258cb20e2b0 7778       4       java.lang.StringBuilder::append (6 bytes)
Event: 11.746 Thread 0x00000258cb20e2b0 nmethod 7778 0x00000258bc57e890 code [0x00000258bc57ea40, 0x00000258bc57f108]
Event: 11.746 Thread 0x00000258cb20e2b0 7788       4       jdk.internal.reflect.AccessorGenerator::sub (5 bytes)
Event: 11.747 Thread 0x00000258cb20e2b0 nmethod 7788 0x00000258bc57f510 code [0x00000258bc57f680, 0x00000258bc57f6d8]
Event: 11.751 Thread 0x00000258cb20e2b0 7789       4       java.lang.Class::getGenericInfo (52 bytes)
Event: 11.752 Thread 0x00000258cb225010 7790       3       kotlin.reflect.jvm.internal.CachesKt::getOrCreateKotlinClass (23 bytes)
Event: 11.753 Thread 0x00000258cb225010 nmethod 7790 0x00000258b53b2710 code [0x00000258b53b29a0, 0x00000258b53b3478]
Event: 11.753 Thread 0x00000258cb225010 7791   !   3       jdk.internal.reflect.GeneratedConstructorAccessor3::newInstance (53 bytes)
Event: 11.753 Thread 0x00000258cb20e2b0 nmethod 7789 0x00000258bc57f810 code [0x00000258bc57f9c0, 0x00000258bc57fba8]
Event: 11.753 Thread 0x00000258cb225010 nmethod 7791 0x00000258b53b3890 code [0x00000258b53b3ac0, 0x00000258b53b4328]
Event: 11.753 Thread 0x00000258cb20e2b0 7792       4       java.util.LinkedHashSet::<init> (10 bytes)

GC Heap History (20 events):
Event: 9.161 GC heap after
{Heap after GC invocations=27 (full 0):
 garbage-first heap   total 84992K, used 44236K [0x0000000080000000, 0x0000000100000000)
  region size 1024K, 2 young (2048K), 2 survivors (2048K)
 Metaspace       used 65733K, committed 66304K, reserved 1114112K
  class space    used 9456K, committed 9728K, reserved 1048576K
}
Event: 9.184 GC heap before
{Heap before GC invocations=27 (full 0):
 garbage-first heap   total 84992K, used 46284K [0x0000000080000000, 0x0000000100000000)
  region size 1024K, 4 young (4096K), 2 survivors (2048K)
 Metaspace       used 66011K, committed 66496K, reserved 1114112K
  class space    used 9491K, committed 9728K, reserved 1048576K
}
Event: 9.186 GC heap after
{Heap after GC invocations=28 (full 0):
 garbage-first heap   total 84992K, used 43726K [0x0000000080000000, 0x0000000100000000)
  region size 1024K, 1 young (1024K), 1 survivors (1024K)
 Metaspace       used 66011K, committed 66496K, reserved 1114112K
  class space    used 9491K, committed 9728K, reserved 1048576K
}
Event: 9.496 GC heap before
{Heap before GC invocations=28 (full 0):
 garbage-first heap   total 84992K, used 67278K [0x0000000080000000, 0x0000000100000000)
  region size 1024K, 25 young (25600K), 1 survivors (1024K)
 Metaspace       used 69630K, committed 70208K, reserved 1114112K
  class space    used 9921K, committed 10176K, reserved 1048576K
}
Event: 9.498 GC heap after
{Heap after GC invocations=29 (full 0):
 garbage-first heap   total 84992K, used 44160K [0x0000000080000000, 0x0000000100000000)
  region size 1024K, 1 young (1024K), 1 survivors (1024K)
 Metaspace       used 69630K, committed 70208K, reserved 1114112K
  class space    used 9921K, committed 10176K, reserved 1048576K
}
Event: 9.960 GC heap before
{Heap before GC invocations=30 (full 0):
 garbage-first heap   total 84992K, used 68736K [0x0000000080000000, 0x0000000100000000)
  region size 1024K, 26 young (26624K), 1 survivors (1024K)
 Metaspace       used 73443K, committed 74048K, reserved 1114112K
  class space    used 10421K, committed 10688K, reserved 1048576K
}
Event: 9.963 GC heap after
{Heap after GC invocations=31 (full 0):
 garbage-first heap   total 84992K, used 44655K [0x0000000080000000, 0x0000000100000000)
  region size 1024K, 2 young (2048K), 2 survivors (2048K)
 Metaspace       used 73443K, committed 74048K, reserved 1114112K
  class space    used 10421K, committed 10688K, reserved 1048576K
}
Event: 10.007 GC heap before
{Heap before GC invocations=31 (full 0):
 garbage-first heap   total 84992K, used 46703K [0x0000000080000000, 0x0000000100000000)
  region size 1024K, 4 young (4096K), 2 survivors (2048K)
 Metaspace       used 73747K, committed 74368K, reserved 1114112K
  class space    used 10476K, committed 10752K, reserved 1048576K
}
Event: 10.010 GC heap after
{Heap after GC invocations=32 (full 0):
 garbage-first heap   total 84992K, used 44190K [0x0000000080000000, 0x0000000100000000)
  region size 1024K, 1 young (1024K), 1 survivors (1024K)
 Metaspace       used 73747K, committed 74368K, reserved 1114112K
  class space    used 10476K, committed 10752K, reserved 1048576K
}
Event: 10.281 GC heap before
{Heap before GC invocations=32 (full 0):
 garbage-first heap   total 84992K, used 77982K [0x0000000080000000, 0x0000000100000000)
  region size 1024K, 27 young (27648K), 1 survivors (1024K)
 Metaspace       used 74662K, committed 75264K, reserved 1114112K
  class space    used 10559K, committed 10816K, reserved 1048576K
}
Event: 10.286 GC heap after
{Heap after GC invocations=33 (full 0):
 garbage-first heap   total 145408K, used 57963K [0x0000000080000000, 0x0000000100000000)
  region size 1024K, 4 young (4096K), 4 survivors (4096K)
 Metaspace       used 74662K, committed 75264K, reserved 1114112K
  class space    used 10559K, committed 10816K, reserved 1048576K
}
Event: 10.596 GC heap before
{Heap before GC invocations=34 (full 0):
 garbage-first heap   total 145408K, used 123499K [0x0000000080000000, 0x0000000100000000)
  region size 1024K, 60 young (61440K), 4 survivors (4096K)
 Metaspace       used 74667K, committed 75264K, reserved 1114112K
  class space    used 10560K, committed 10816K, reserved 1048576K
}
Event: 10.607 GC heap after
{Heap after GC invocations=35 (full 0):
 garbage-first heap   total 145408K, used 71082K [0x0000000080000000, 0x0000000100000000)
  region size 1024K, 8 young (8192K), 8 survivors (8192K)
 Metaspace       used 74667K, committed 75264K, reserved 1114112K
  class space    used 10560K, committed 10816K, reserved 1048576K
}
Event: 10.611 GC heap before
{Heap before GC invocations=35 (full 0):
 garbage-first heap   total 145408K, used 72106K [0x0000000080000000, 0x0000000100000000)
  region size 1024K, 9 young (9216K), 8 survivors (8192K)
 Metaspace       used 74667K, committed 75264K, reserved 1114112K
  class space    used 10560K, committed 10816K, reserved 1048576K
}
Event: 10.617 GC heap after
{Heap after GC invocations=36 (full 0):
 garbage-first heap   total 145408K, used 72704K [0x0000000080000000, 0x0000000100000000)
  region size 1024K, 1 young (1024K), 1 survivors (1024K)
 Metaspace       used 74667K, committed 75264K, reserved 1114112K
  class space    used 10560K, committed 10816K, reserved 1048576K
}
Event: 10.975 GC heap before
{Heap before GC invocations=36 (full 0):
 garbage-first heap   total 145408K, used 112640K [0x0000000080000000, 0x0000000100000000)
  region size 1024K, 39 young (39936K), 1 survivors (1024K)
 Metaspace       used 76977K, committed 77504K, reserved 1179648K
  class space    used 10858K, committed 11136K, reserved 1048576K
}
Event: 10.985 GC heap after
{Heap after GC invocations=37 (full 0):
 garbage-first heap   total 145408K, used 75741K [0x0000000080000000, 0x0000000100000000)
  region size 1024K, 5 young (5120K), 5 survivors (5120K)
 Metaspace       used 76977K, committed 77504K, reserved 1179648K
  class space    used 10858K, committed 11136K, reserved 1048576K
}
Event: 11.385 GC heap before
{Heap before GC invocations=37 (full 0):
 garbage-first heap   total 145408K, used 127965K [0x0000000080000000, 0x0000000100000000)
  region size 1024K, 40 young (40960K), 5 survivors (5120K)
 Metaspace       used 79576K, committed 80192K, reserved 1179648K
  class space    used 11124K, committed 11392K, reserved 1048576K
}
Event: 11.391 GC heap after
{Heap after GC invocations=38 (full 0):
 garbage-first heap   total 145408K, used 96256K [0x0000000080000000, 0x0000000100000000)
  region size 1024K, 5 young (5120K), 5 survivors (5120K)
 Metaspace       used 79576K, committed 80192K, reserved 1179648K
  class space    used 11124K, committed 11392K, reserved 1048576K
}
Event: 11.756 GC heap before
{Heap before GC invocations=38 (full 0):
 garbage-first heap   total 145408K, used 118784K [0x0000000080000000, 0x0000000100000000)
  region size 1024K, 27 young (27648K), 5 survivors (5120K)
 Metaspace       used 81934K, committed 82496K, reserved 1179648K
  class space    used 11379K, committed 11648K, reserved 1048576K
}

Dll operation events (3 events):
Event: 0.024 Loaded shared library C:\Program Files\Android\Android Studio\jbr\bin\java.dll
Event: 0.279 Loaded shared library C:\Program Files\Android\Android Studio\jbr\bin\zip.dll
Event: 0.771 Loaded shared library C:\Program Files\Android\Android Studio\jbr\bin\verify.dll

Deoptimization events (20 events):
Event: 11.070 Thread 0x00000258d0d53230 Uncommon trap: trap_request=0xffffff45 fr.pc=0x00000258bc4c62ac relative=0x0000000000000cac
Event: 11.070 Thread 0x00000258d0d53230 Uncommon trap: reason=unstable_if action=reinterpret pc=0x00000258bc4c62ac method=java.util.jar.JarFile.getVersionedEntry(Ljava/lang/String;Ljava/util/jar/JarEntry;)Ljava/util/jar/JarEntry; @ 26 c2
Event: 11.070 Thread 0x00000258d0d53230 DEOPT PACKING pc=0x00000258bc4c62ac sp=0x000000b9d79f55f0
Event: 11.070 Thread 0x00000258d0d53230 DEOPT UNPACKING pc=0x00000258bbc7a1a3 sp=0x000000b9d79f5560 mode 2
Event: 11.246 Thread 0x00000258d0d53230 Uncommon trap: trap_request=0xffffffde fr.pc=0x00000258bc55c0e0 relative=0x0000000000000580
Event: 11.246 Thread 0x00000258d0d53230 Uncommon trap: reason=class_check action=maybe_recompile pc=0x00000258bc55c0e0 method=org.jetbrains.kotlin.protobuf.CodedInputStream.tryRefillBuffer(I)Z @ 177 c2
Event: 11.246 Thread 0x00000258d0d53230 DEOPT PACKING pc=0x00000258bc55c0e0 sp=0x000000b9d79f5280
Event: 11.246 Thread 0x00000258d0d53230 DEOPT UNPACKING pc=0x00000258bbc7a1a3 sp=0x000000b9d79f5168 mode 2
Event: 11.247 Thread 0x00000258d0d53230 Uncommon trap: trap_request=0xffffffde fr.pc=0x00000258bc55c0e0 relative=0x0000000000000580
Event: 11.247 Thread 0x00000258d0d53230 Uncommon trap: reason=class_check action=maybe_recompile pc=0x00000258bc55c0e0 method=org.jetbrains.kotlin.protobuf.CodedInputStream.tryRefillBuffer(I)Z @ 177 c2
Event: 11.247 Thread 0x00000258d0d53230 DEOPT PACKING pc=0x00000258bc55c0e0 sp=0x000000b9d79f5280
Event: 11.247 Thread 0x00000258d0d53230 DEOPT UNPACKING pc=0x00000258bbc7a1a3 sp=0x000000b9d79f5168 mode 2
Event: 11.250 Thread 0x00000258d0d53230 Uncommon trap: trap_request=0xffffffde fr.pc=0x00000258bc55c0e0 relative=0x0000000000000580
Event: 11.250 Thread 0x00000258d0d53230 Uncommon trap: reason=class_check action=maybe_recompile pc=0x00000258bc55c0e0 method=org.jetbrains.kotlin.protobuf.CodedInputStream.tryRefillBuffer(I)Z @ 177 c2
Event: 11.250 Thread 0x00000258d0d53230 DEOPT PACKING pc=0x00000258bc55c0e0 sp=0x000000b9d79f5280
Event: 11.250 Thread 0x00000258d0d53230 DEOPT UNPACKING pc=0x00000258bbc7a1a3 sp=0x000000b9d79f5168 mode 2
Event: 11.250 Thread 0x00000258d0d53230 Uncommon trap: trap_request=0xffffffde fr.pc=0x00000258bc55c0e0 relative=0x0000000000000580
Event: 11.250 Thread 0x00000258d0d53230 Uncommon trap: reason=class_check action=maybe_recompile pc=0x00000258bc55c0e0 method=org.jetbrains.kotlin.protobuf.CodedInputStream.tryRefillBuffer(I)Z @ 177 c2
Event: 11.250 Thread 0x00000258d0d53230 DEOPT PACKING pc=0x00000258bc55c0e0 sp=0x000000b9d79f5280
Event: 11.250 Thread 0x00000258d0d53230 DEOPT UNPACKING pc=0x00000258bbc7a1a3 sp=0x000000b9d79f5168 mode 2

Classes unloaded (0 events):
No events

Classes redefined (0 events):
No events

Internal exceptions (20 events):
Event: 8.122 Thread 0x00000258d0d53230 Exception <a 'java/lang/IncompatibleClassChangeError'{0x000000008489a068}: Found class java.lang.Object, but interface was expected> (0x000000008489a068) 
thrown [s\src\hotspot\share\interpreter\linkResolver.cpp, line 838]
Event: 8.131 Thread 0x00000258d0d53230 Exception <a 'java/lang/NoSuchMethodError'{0x000000008476a940}: 'void java.lang.invoke.DirectMethodHandle$Holder.invokeVirtual(java.lang.Object, java.lang.Object)'> (0x000000008476a940) 
thrown [s\src\hotspot\share\interpreter\linkResolver.cpp, line 771]
Event: 8.155 Thread 0x00000258d0d53230 Exception <a 'java/lang/NoSuchMethodError'{0x000000008453d508}: 'java.lang.Object java.lang.invoke.DirectMethodHandle$Holder.invokeStaticInit(java.lang.Object, int)'> (0x000000008453d508) 
thrown [s\src\hotspot\share\interpreter\linkResolver.cpp, line 771]
Event: 8.824 Thread 0x00000258d0d53230 Implicit null exception at 0x00000258bc2006f2 to 0x00000258bc200d30
Event: 8.927 Thread 0x00000258d0d53230 Implicit null exception at 0x00000258bc2013f2 to 0x00000258bc201a48
Event: 9.078 Thread 0x00000258d0d53230 Exception <a 'sun/nio/fs/WindowsException'{0x0000000083f223b0}> (0x0000000083f223b0) 
thrown [s\src\hotspot\share\prims\jni.cpp, line 531]
Event: 9.078 Thread 0x00000258d0d53230 Exception <a 'sun/nio/fs/WindowsException'{0x0000000083f24168}> (0x0000000083f24168) 
thrown [s\src\hotspot\share\prims\jni.cpp, line 531]
Event: 9.231 Thread 0x00000258d0d53230 Exception <a 'java/lang/NoSuchMethodError'{0x0000000084ecdc18}: 'long java.lang.invoke.DirectMethodHandle$Holder.invokeStatic(java.lang.Object)'> (0x0000000084ecdc18) 
thrown [s\src\hotspot\share\interpreter\linkResolver.cpp, line 771]
Event: 9.231 Thread 0x00000258d0d53230 Exception <a 'java/lang/NoSuchMethodError'{0x0000000084ed27b8}: 'long java.lang.invoke.DirectMethodHandle$Holder.invokeStaticInit(java.lang.Object)'> (0x0000000084ed27b8) 
thrown [s\src\hotspot\share\interpreter\linkResolver.cpp, line 771]
Event: 9.285 Thread 0x00000258d0d53230 Exception <a 'java/lang/NoSuchMethodError'{0x000000008481ef38}: 'long java.lang.invoke.Invokers$Holder.invoke_MT(java.lang.Object, java.lang.Object, java.lang.Object, java.lang.Object)'> (0x000000008481ef38) 
thrown [s\src\hotspot\share\interpreter\linkResolver.cpp, line 771]
Event: 9.286 Thread 0x00000258d0d53230 Exception <a 'java/lang/NoSuchMethodError'{0x00000000848282e0}: 'int java.lang.invoke.Invokers$Holder.invoke_MT(java.lang.Object, java.lang.Object, java.lang.Object, java.lang.Object)'> (0x00000000848282e0) 
thrown [s\src\hotspot\share\interpreter\linkResolver.cpp, line 771]
Event: 9.287 Thread 0x00000258d0d53230 Exception <a 'java/lang/NoSuchMethodError'{0x0000000084844e18}: 'void java.lang.invoke.DelegatingMethodHandle$Holder.reinvoke_L(java.lang.Object, java.lang.Object, java.lang.Object, long, java.lang.Object)'> (0x0000000084844e18) 
thrown [s\src\hotspot\share\interpreter\linkResolver.cpp, line 771]
Event: 9.287 Thread 0x00000258d0d53230 Exception <a 'java/lang/NoSuchMethodError'{0x000000008484d748}: 'java.lang.Object java.lang.invoke.DirectMethodHandle$Holder.invokeSpecial(java.lang.Object, java.lang.Object, java.lang.Object, java.lang.Object, long)'> (0x000000008484d748) 
thrown [s\src\hotspot\share\interpreter\linkResolver.cpp, line 771]
Event: 9.288 Thread 0x00000258d0d53230 Exception <a 'java/lang/NoSuchMethodError'{0x000000008485de40}: 'int java.lang.invoke.DelegatingMethodHandle$Holder.reinvoke_L(java.lang.Object, java.lang.Object, java.lang.Object, long, java.lang.Object, java.lang.Object)'> (0x000000008485de40) 
thrown [s\src\hotspot\share\interpreter\linkResolver.cpp, line 771]
Event: 9.288 Thread 0x00000258d0d53230 Exception <a 'java/lang/NoSuchMethodError'{0x000000008486de80}: 'int java.lang.invoke.DelegatingMethodHandle$Holder.reinvoke_L(java.lang.Object, java.lang.Object, java.lang.Object, long, int, int)'> (0x000000008486de80) 
thrown [s\src\hotspot\share\interpreter\linkResolver.cpp, line 771]
Event: 9.289 Thread 0x00000258d0d53230 Exception <a 'java/lang/NoSuchMethodError'{0x000000008487e338}: 'int java.lang.invoke.DelegatingMethodHandle$Holder.reinvoke_L(java.lang.Object, java.lang.Object, java.lang.Object, long, long, long)'> (0x000000008487e338) 
thrown [s\src\hotspot\share\interpreter\linkResolver.cpp, line 771]
Event: 9.290 Thread 0x00000258d0d53230 Exception <a 'java/lang/NoSuchMethodError'{0x000000008488de00}: 'int java.lang.invoke.DelegatingMethodHandle$Holder.reinvoke_L(java.lang.Object, java.lang.Object, java.lang.Object, long, int)'> (0x000000008488de00) 
thrown [s\src\hotspot\share\interpreter\linkResolver.cpp, line 771]
Event: 10.001 Thread 0x00000258d0d53230 Exception <a 'java/lang/NoSuchMethodError'{0x00000000851c7240}: 'java.lang.Object java.lang.invoke.Invokers$Holder.invokeExact_MT(java.lang.Object, java.lang.Object, long, java.lang.Object)'> (0x00000000851c7240) 
thrown [s\src\hotspot\share\interpreter\linkResolver.cpp, line 771]
Event: 10.058 Thread 0x00000258d0d53230 Exception <a 'java/lang/NoSuchMethodError'{0x0000000084f3cd88}: 'java.lang.Object java.lang.invoke.Invokers$Holder.invoke_MT(java.lang.Object, java.lang.Object, java.lang.Object)'> (0x0000000084f3cd88) 
thrown [s\src\hotspot\share\interpreter\linkResolver.cpp, line 771]
Event: 10.359 Thread 0x00000258d0d53230 Implicit null exception at 0x00000258bc50f919 to 0x00000258bc5108bc

VM Operations (20 events):
Event: 9.963 Executing VM operation: G1CollectForAllocation done
Event: 10.007 Executing VM operation: G1CollectForAllocation
Event: 10.010 Executing VM operation: G1CollectForAllocation done
Event: 10.281 Executing VM operation: G1CollectForAllocation
Event: 10.286 Executing VM operation: G1CollectForAllocation done
Event: 10.324 Executing VM operation: G1PauseRemark
Event: 10.326 Executing VM operation: G1PauseRemark done
Event: 10.345 Executing VM operation: G1PauseCleanup
Event: 10.345 Executing VM operation: G1PauseCleanup done
Event: 10.567 Executing VM operation: HandshakeAllThreads
Event: 10.567 Executing VM operation: HandshakeAllThreads done
Event: 10.596 Executing VM operation: G1CollectForAllocation
Event: 10.607 Executing VM operation: G1CollectForAllocation done
Event: 10.611 Executing VM operation: G1CollectForAllocation
Event: 10.617 Executing VM operation: G1CollectForAllocation done
Event: 10.975 Executing VM operation: G1CollectForAllocation
Event: 10.985 Executing VM operation: G1CollectForAllocation done
Event: 11.385 Executing VM operation: G1CollectForAllocation
Event: 11.391 Executing VM operation: G1CollectForAllocation done
Event: 11.755 Executing VM operation: G1CollectForAllocation

Events (20 events):
Event: 10.058 loading class sun/nio/ch/FileChannelImpl$Unmapper
Event: 10.059 loading class jdk/internal/access/foreign/UnmapperProxy
Event: 10.059 loading class jdk/internal/access/foreign/UnmapperProxy done
Event: 10.059 loading class sun/nio/ch/FileChannelImpl$Unmapper done
Event: 10.059 loading class sun/nio/ch/FileChannelImpl$DefaultUnmapper done
Event: 10.059 loading class sun/nio/ch/Util$4
Event: 10.059 loading class sun/nio/ch/Util$4 done
Event: 10.059 loading class jdk/internal/access/foreign/MemorySegmentProxy
Event: 10.059 loading class jdk/internal/access/foreign/MemorySegmentProxy done
Event: 10.061 loading class java/io/UTFDataFormatException
Event: 10.061 loading class java/io/UTFDataFormatException done
Event: 10.204 Thread 0x00000258d3a74300 Thread added: 0x00000258d3a74300
Event: 10.570 Thread 0x00000258cb235cf0 flushing nmethod 0x00000258b4830a10
Event: 10.570 Thread 0x00000258cb235cf0 flushing nmethod 0x00000258b499ef10
Event: 10.571 Thread 0x00000258cb235cf0 flushing nmethod 0x00000258b4a01310
Event: 10.728 loading class java/nio/channels/NonWritableChannelException
Event: 10.728 loading class java/nio/channels/NonWritableChannelException done
Event: 10.889 Thread 0x00000258d3a74300 Thread exited: 0x00000258d3a74300
Event: 11.151 Thread 0x00000258d3be2780 Thread added: 0x00000258d3be2780
Event: 11.489 Thread 0x00000258d3be2780 Thread exited: 0x00000258d3be2780


Dynamic libraries:
0x00007ff6f7590000 - 0x00007ff6f759a000 	C:\Program Files\Android\Android Studio\jbr\bin\java.exe
0x00007ff929ab0000 - 0x00007ff929ca8000 	C:\Windows\SYSTEM32\ntdll.dll
0x00007ff929480000 - 0x00007ff929542000 	C:\Windows\System32\KERNEL32.DLL
0x00007ff927150000 - 0x00007ff92744e000 	C:\Windows\System32\KERNELBASE.dll
0x00007ff927840000 - 0x00007ff927940000 	C:\Windows\System32\ucrtbase.dll
0x00007ff9174b0000 - 0x00007ff9174c7000 	C:\Program Files\Android\Android Studio\jbr\bin\jli.dll
0x00007ff928220000 - 0x00007ff9283bd000 	C:\Windows\System32\USER32.dll
0x00007ff927570000 - 0x00007ff927592000 	C:\Windows\System32\win32u.dll
0x00007ff929390000 - 0x00007ff9293bb000 	C:\Windows\System32\GDI32.dll
0x00007ff927450000 - 0x00007ff927567000 	C:\Windows\System32\gdi32full.dll
0x00007ff9277a0000 - 0x00007ff92783d000 	C:\Windows\System32\msvcp_win.dll
0x00007ff919920000 - 0x00007ff919bba000 	C:\Windows\WinSxS\amd64_microsoft.windows.common-controls_6595b64144ccf1df_6.0.19041.4355_none_60b8b9eb71f62e16\COMCTL32.dll
0x00007ff913320000 - 0x00007ff91333b000 	C:\Program Files\Android\Android Studio\jbr\bin\VCRUNTIME140.dll
0x00007ff928090000 - 0x00007ff92812e000 	C:\Windows\System32\msvcrt.dll
0x00007ff929a40000 - 0x00007ff929a6f000 	C:\Windows\System32\IMM32.DLL
0x00007ff91de80000 - 0x00007ff91de8c000 	C:\Program Files\Android\Android Studio\jbr\bin\vcruntime140_1.dll
0x00007ff8ebad0000 - 0x00007ff8ebb5d000 	C:\Program Files\Android\Android Studio\jbr\bin\msvcp140.dll
0x00007ff8c4dd0000 - 0x00007ff8c5a53000 	C:\Program Files\Android\Android Studio\jbr\bin\server\jvm.dll
0x00007ff9283c0000 - 0x00007ff928471000 	C:\Windows\System32\ADVAPI32.dll
0x00007ff9293e0000 - 0x00007ff92947f000 	C:\Windows\System32\sechost.dll
0x00007ff928480000 - 0x00007ff9285a3000 	C:\Windows\System32\RPCRT4.dll
0x00007ff927770000 - 0x00007ff927797000 	C:\Windows\System32\bcrypt.dll
0x00007ff9266e0000 - 0x00007ff92672b000 	C:\Windows\SYSTEM32\POWRPROF.dll
0x00007ff8f18c0000 - 0x00007ff8f18c9000 	C:\Windows\SYSTEM32\WSOCK32.dll
0x00007ff91fd00000 - 0x00007ff91fd0a000 	C:\Windows\SYSTEM32\VERSION.dll
0x00007ff925150000 - 0x00007ff925177000 	C:\Windows\SYSTEM32\WINMM.dll
0x00007ff929610000 - 0x00007ff92967b000 	C:\Windows\System32\WS2_32.dll
0x00007ff926550000 - 0x00007ff926562000 	C:\Windows\SYSTEM32\UMPDC.dll
0x00007ff925970000 - 0x00007ff925982000 	C:\Windows\SYSTEM32\kernel.appcore.dll
0x00007ff921b70000 - 0x00007ff921b7a000 	C:\Program Files\Android\Android Studio\jbr\bin\jimage.dll
0x00007ff924ce0000 - 0x00007ff924ec4000 	C:\Windows\SYSTEM32\DBGHELP.DLL
0x00007ff919440000 - 0x00007ff919474000 	C:\Windows\SYSTEM32\dbgcore.DLL
0x00007ff927940000 - 0x00007ff9279c2000 	C:\Windows\System32\bcryptPrimitives.dll
0x00007ff918b70000 - 0x00007ff918b7e000 	C:\Program Files\Android\Android Studio\jbr\bin\instrument.dll
0x00007ff91ded0000 - 0x00007ff91def5000 	C:\Program Files\Android\Android Studio\jbr\bin\java.dll
0x00007ff91dbc0000 - 0x00007ff91dbd8000 	C:\Program Files\Android\Android Studio\jbr\bin\zip.dll
0x00007ff928c20000 - 0x00007ff92938d000 	C:\Windows\System32\SHELL32.dll
0x00007ff9251b0000 - 0x00007ff925954000 	C:\Windows\SYSTEM32\windows.storage.dll
0x00007ff929680000 - 0x00007ff9299d3000 	C:\Windows\System32\combase.dll
0x00007ff926b80000 - 0x00007ff926bae000 	C:\Windows\SYSTEM32\Wldp.dll
0x00007ff9285b0000 - 0x00007ff92867d000 	C:\Windows\System32\OLEAUT32.dll
0x00007ff928af0000 - 0x00007ff928b9d000 	C:\Windows\System32\SHCORE.dll
0x00007ff927bc0000 - 0x00007ff927c15000 	C:\Windows\System32\shlwapi.dll
0x00007ff927080000 - 0x00007ff9270a4000 	C:\Windows\SYSTEM32\profapi.dll
0x00007ff918c80000 - 0x00007ff918c99000 	C:\Program Files\Android\Android Studio\jbr\bin\net.dll
0x00007ff922040000 - 0x00007ff92214d000 	C:\Windows\SYSTEM32\WINHTTP.dll
0x00007ff9268e0000 - 0x00007ff92694a000 	C:\Windows\system32\mswsock.dll
0x00007ff918c60000 - 0x00007ff918c76000 	C:\Program Files\Android\Android Studio\jbr\bin\nio.dll
0x00007ff918c50000 - 0x00007ff918c60000 	C:\Program Files\Android\Android Studio\jbr\bin\verify.dll
0x00007ff90a6c0000 - 0x00007ff90a6e7000 	C:\Users\salin\.gradle\native\c067742578af261105cb4f569cf0c3c89f3d7b1fecec35dd04571415982c5e48\windows-amd64\native-platform.dll
0x00007ff8da500000 - 0x00007ff8da644000 	C:\Users\salin\.gradle\native\38dada09dfb8b06ba9b0570ebf7e218e3eb74d4ef43ca46872605cf95ebc2f47\windows-amd64\native-platform-file-events.dll
0x00007ff91dec0000 - 0x00007ff91dec9000 	C:\Program Files\Android\Android Studio\jbr\bin\management.dll
0x00007ff91d9d0000 - 0x00007ff91d9db000 	C:\Program Files\Android\Android Studio\jbr\bin\management_ext.dll
0x00007ff929600000 - 0x00007ff929608000 	C:\Windows\System32\PSAPI.DLL
0x00007ff926ad0000 - 0x00007ff926ae8000 	C:\Windows\SYSTEM32\CRYPTSP.dll
0x00007ff926190000 - 0x00007ff9261c4000 	C:\Windows\system32\rsaenh.dll
0x00007ff927040000 - 0x00007ff92706e000 	C:\Windows\SYSTEM32\USERENV.dll
0x00007ff926af0000 - 0x00007ff926afc000 	C:\Windows\SYSTEM32\CRYPTBASE.dll
0x00007ff926570000 - 0x00007ff9265ab000 	C:\Windows\SYSTEM32\IPHLPAPI.DLL
0x00007ff927bb0000 - 0x00007ff927bb8000 	C:\Windows\System32\NSI.dll
0x00007ff921810000 - 0x00007ff921827000 	C:\Windows\SYSTEM32\dhcpcsvc6.DLL
0x00007ff921a50000 - 0x00007ff921a6d000 	C:\Windows\SYSTEM32\dhcpcsvc.DLL
0x00007ff9265b0000 - 0x00007ff92667a000 	C:\Windows\SYSTEM32\DNSAPI.dll
0x00007ff91dfe0000 - 0x00007ff91dfe9000 	C:\Program Files\Android\Android Studio\jbr\bin\extnet.dll
0x00007ff91f0c0000 - 0x00007ff91f0c7000 	C:\Windows\system32\wshunix.dll

dbghelp: loaded successfully - version: 4.0.5 - missing functions: none
symbol engine: initialized successfully - sym options: 0x614 - pdb path: .;C:\Program Files\Android\Android Studio\jbr\bin;C:\Windows\SYSTEM32;C:\Windows\WinSxS\amd64_microsoft.windows.common-controls_6595b64144ccf1df_6.0.19041.4355_none_60b8b9eb71f62e16;C:\Program Files\Android\Android Studio\jbr\bin\server;C:\Users\salin\.gradle\native\c067742578af261105cb4f569cf0c3c89f3d7b1fecec35dd04571415982c5e48\windows-amd64;C:\Users\salin\.gradle\native\38dada09dfb8b06ba9b0570ebf7e218e3eb74d4ef43ca46872605cf95ebc2f47\windows-amd64

VM Arguments:
jvm_args: --add-opens=java.base/java.util=ALL-UNNAMED --add-opens=java.base/java.lang=ALL-UNNAMED --add-opens=java.base/java.lang.invoke=ALL-UNNAMED --add-opens=java.prefs/java.util.prefs=ALL-UNNAMED --add-opens=java.base/java.nio.charset=ALL-UNNAMED --add-opens=java.base/java.net=ALL-UNNAMED --add-opens=java.base/java.util.concurrent.atomic=ALL-UNNAMED -Xmx2048m -Dfile.encoding=UTF-8 -Duser.country=ES -Duser.language=es -Duser.variant -javaagent:C:\Users\salin\.gradle\wrapper\dists\gradle-8.7-bin\bhs2wmbdwecv87pi65oeuq5iu\gradle-8.7\lib\agents\gradle-instrumentation-agent-8.7.jar 
java_command: org.gradle.launcher.daemon.bootstrap.GradleDaemon 8.7
java_class_path (initial): C:\Users\salin\.gradle\wrapper\dists\gradle-8.7-bin\bhs2wmbdwecv87pi65oeuq5iu\gradle-8.7\lib\gradle-launcher-8.7.jar
Launcher Type: SUN_STANDARD

[Global flags]
     intx CICompilerCount                          = 4                                         {product} {ergonomic}
     uint ConcGCThreads                            = 2                                         {product} {ergonomic}
     uint G1ConcRefinementThreads                  = 8                                         {product} {ergonomic}
   size_t G1HeapRegionSize                         = 1048576                                   {product} {ergonomic}
    uintx GCDrainStackTargetSize                   = 64                                        {product} {ergonomic}
   size_t InitialHeapSize                          = 132120576                                 {product} {ergonomic}
   size_t MarkStackSize                            = 4194304                                   {product} {ergonomic}
   size_t MaxHeapSize                              = 2147483648                                {product} {command line}
   size_t MaxNewSize                               = 1287651328                                {product} {ergonomic}
   size_t MinHeapDeltaBytes                        = 1048576                                   {product} {ergonomic}
   size_t MinHeapSize                              = 8388608                                   {product} {ergonomic}
    uintx NonNMethodCodeHeapSize                   = 5839372                                {pd product} {ergonomic}
    uintx NonProfiledCodeHeapSize                  = 122909434                              {pd product} {ergonomic}
    uintx ProfiledCodeHeapSize                     = 122909434                              {pd product} {ergonomic}
    uintx ReservedCodeCacheSize                    = 251658240                              {pd product} {ergonomic}
     bool SegmentedCodeCache                       = true                                      {product} {ergonomic}
   size_t SoftMaxHeapSize                          = 2147483648                             {manageable} {ergonomic}
     bool UseCompressedClassPointers               = true                           {product lp64_product} {ergonomic}
     bool UseCompressedOops                        = true                           {product lp64_product} {ergonomic}
     bool UseG1GC                                  = true                                      {product} {ergonomic}
     bool UseLargePagesIndividualAllocation        = false                                  {pd product} {ergonomic}

Logging:
Log output configuration:
 #0: stdout all=warning uptime,level,tags
 #1: stderr all=off uptime,level,tags

Environment Variables:
PATH=C:\Program Files\Common Files\Oracle\Java\javapath;C:\Windows\System32\HWAudioDriverLibs;C:\Windows\system32;C:\Windows;C:\Windows\System32\Wbem;C:\Windows\System32\WindowsPowerShell\v1.0\;C:\Windows\System32\OpenSSH\;C:\Windows\system32\config\systemprofile\AppData\Local\Microsoft\WindowsApps;C:\Program Files\CodeBlocks\MinGW\bin;C:\msys64\mingw64\bin;D:\MATLAB\R2023a\bin;C:\Program Files\dotnet\;C:\Program Files (x86)\IVI Foundation\VISA\WinNT\Bin\;C:\Program Files (x86)\IVI Foundation\VISA\WinNT\Bin;C:\Program Files\MongoDB\Tools\100\bin;C:\Program Files\Amazon\AWSCLIV2\;C:\Users\José Uribe\OneDrive\Escritorio\mav\apache-maven-3.9.9\bin;C:\Program Files\Git\cmd;C:\Users\salin\AppData\Local\Microsoft\WindowsApps;
USERNAME=salin
OS=Windows_NT
PROCESSOR_IDENTIFIER=Intel64 Family 6 Model 140 Stepping 1, GenuineIntel
TMP=C:\Users\salin\AppData\Local\Temp
TEMP=C:\Users\salin\AppData\Local\Temp



Periodic native trim disabled

JNI global refs:
JNI global refs: 26, weak refs: 0

JNI global refs memory usage: 843, weak refs: 841

Process memory usage:
Resident Set Size: 356928K (4% of 8183096K total physical memory with 514936K free physical memory)

OOME stack traces (most recent first):
Classloader memory used:
Loader org.gradle.internal.classloader.VisitableURLClassLoader                         : 6491K
Loader bootstrap                                                                       : 2481K
Loader org.gradle.initialization.MixInLegacyTypesClassLoader                           : 1103K
Loader jdk.internal.loader.ClassLoaders$PlatformClassLoader                            : 67355B
Loader jdk.internal.jrtfs.JrtFileSystemProvider$JrtFsLoader                            : 37661B
Loader jdk.internal.loader.ClassLoaders$AppClassLoader                                 : 28754B
Loader jdk.internal.reflect.DelegatingClassLoader                                      : 21397B
Loader org.gradle.internal.classloader.VisitableURLClassLoader                         : 14958B

Classes loaded by more than one classloader:
Class Program                                                                         : loaded 3 times (x 70B)
Class org.gradle.internal.classpath.ClassPath                                         : loaded 2 times (x 68B)
Class org.gradle.api.internal.classpath.DefaultModuleRegistry                         : loaded 2 times (x 84B)
Class Settings_gradle$1$1                                                             : loaded 2 times (x 72B)
Class jdk.internal.jimage.BasicImageReader$1                                          : loaded 2 times (x 75B)
Class org.gradle.api.Action                                                           : loaded 2 times (x 68B)
Class jdk.internal.jimage.ImageBufferCache$1                                          : loaded 2 times (x 78B)
Class jdk.internal.jimage.ImageBufferCache$2                                          : loaded 2 times (x 89B)
Class org.gradle.api.internal.DefaultClassPathProvider                                : loaded 2 times (x 74B)
Class org.gradle.internal.installation.GradleInstallation$1                           : loaded 2 times (x 73B)
Class jdk.internal.jrtfs.SystemImage$1                                                : loaded 2 times (x 76B)
Class jdk.internal.jrtfs.SystemImage$2                                                : loaded 2 times (x 74B)
Class org.gradle.internal.classloader.FilteringClassLoader                            : loaded 2 times (x 103B)
Class jdk.internal.jimage.ImageReader$Resource                                        : loaded 2 times (x 82B)
Class jdk.internal.jrtfs.SystemImage                                                  : loaded 2 times (x 72B)
Class org.gradle.internal.classpath.DefaultClassPath$ImmutableUniqueList$Builder      : loaded 2 times (x 73B)
Class jdk.internal.jrtfs.JrtDirectoryStream$1                                         : loaded 2 times (x 81B)
Class org.gradle.internal.classloader.ClassLoaderVisitor                              : loaded 2 times (x 74B)
Class org.gradle.internal.service.DefaultServiceLocator                               : loaded 2 times (x 81B)
Class org.gradle.internal.service.UnknownServiceException                             : loaded 2 times (x 81B)
Class org.gradle.internal.classloader.DefaultClassLoaderFactory                       : loaded 2 times (x 80B)
Class jdk.internal.jimage.ImageReader$SharedImageReader                               : loaded 2 times (x 93B)
Class jdk.internal.jimage.decompressor.ZipDecompressorFactory                         : loaded 2 times (x 72B)
Class org.gradle.internal.classloader.VisitableURLClassLoader$Spec                    : loaded 2 times (x 72B)
Class org.gradle.api.GradleException                                                  : loaded 2 times (x 80B)
Class org.gradle.api.internal.classpath.ModuleRegistry                                : loaded 2 times (x 68B)
Class org.gradle.api.internal.ClassPathProvider                                       : loaded 2 times (x 68B)
Class org.gradle.internal.classloader.ClasspathUtil$1                                 : loaded 2 times (x 74B)
Class org.gradle.internal.classloader.ClassLoaderFactory                              : loaded 2 times (x 68B)
Class jdk.internal.jimage.ImageHeader                                                 : loaded 2 times (x 69B)
Class org.gradle.api.internal.classpath.ManifestUtil                                  : loaded 2 times (x 69B)
Class org.gradle.api.specs.Spec                                                       : loaded 2 times (x 68B)
Class org.gradle.internal.IoActions                                                   : loaded 2 times (x 69B)
Class jdk.internal.jimage.decompressor.StringSharingDecompressorFactory               : loaded 2 times (x 72B)
Class org.gradle.api.internal.classpath.EffectiveClassPath                            : loaded 2 times (x 88B)
Class org.gradle.internal.installation.CurrentGradleInstallation                      : loaded 2 times (x 71B)
Class org.gradle.internal.agents.InstrumentingClassLoader                             : loaded 2 times (x 68B)
Class org.gradle.internal.installation.CurrentGradleInstallationLocator               : loaded 2 times (x 69B)
Class org.gradle.api.internal.classpath.Module                                        : loaded 2 times (x 68B)
Class org.gradle.internal.service.CachingServiceLocator                               : loaded 2 times (x 80B)
Class org.gradle.internal.classpath.DefaultClassPath                                  : loaded 2 times (x 88B)
Class jdk.internal.jimage.BasicImageReader                                            : loaded 2 times (x 93B)
Class jdk.internal.jimage.ImageLocation                                               : loaded 2 times (x 88B)
Class jdk.internal.jimage.ImageReader$Node                                            : loaded 2 times (x 82B)
Class jdk.internal.jimage.decompressor.CompressedResourceHeader                       : loaded 2 times (x 69B)
Class jdk.internal.jrtfs.JrtPath                                                      : loaded 2 times (x 116B)
Class jdk.internal.jimage.ImageStrings                                                : loaded 2 times (x 68B)
Class jdk.internal.jrtfs.JrtFileAttributes                                            : loaded 2 times (x 81B)
Class org.gradle.internal.classloader.SystemClassLoaderSpec                           : loaded 2 times (x 69B)
Class jdk.internal.jimage.decompressor.ResourceDecompressorRepository                 : loaded 2 times (x 69B)
Class org.gradle.api.UncheckedIOException                                             : loaded 2 times (x 80B)
Class jdk.internal.jimage.decompressor.ResourceDecompressor$StringsProvider           : loaded 2 times (x 68B)
Class org.gradle.internal.installation.GradleInstallation                             : loaded 2 times (x 73B)
Class jdk.internal.jimage.decompressor.Decompressor                                   : loaded 2 times (x 70B)
Class jdk.internal.jrtfs.JrtFileSystem                                                : loaded 2 times (x 100B)
Class jdk.internal.jrtfs.JrtFileSystemProvider                                        : loaded 2 times (x 97B)
Class org.gradle.internal.classloader.ClasspathUtil                                   : loaded 2 times (x 69B)
Class jdk.internal.jrtfs.JrtDirectoryStream                                           : loaded 2 times (x 87B)
Class jdk.internal.jimage.decompressor.ResourceDecompressor                           : loaded 2 times (x 68B)
Class org.gradle.api.internal.DefaultClassPathRegistry                                : loaded 2 times (x 74B)
Class org.gradle.api.internal.classpath.DefaultModuleRegistry$DefaultModule           : loaded 2 times (x 84B)
Class org.gradle.api.internal.classpath.UnknownModuleException                        : loaded 2 times (x 80B)
Class org.gradle.internal.service.ServiceLookupException                              : loaded 2 times (x 80B)
Class jdk.internal.jimage.ImageStringsReader                                          : loaded 2 times (x 78B)
Class org.gradle.cache.GlobalCache                                                    : loaded 2 times (x 68B)
Class jdk.internal.jimage.decompressor.ResourceDecompressorFactory                    : loaded 2 times (x 72B)
Class [Lorg.gradle.api.internal.ClassPathProvider;                                    : loaded 2 times (x 67B)
Class jdk.internal.jimage.ImageReader$SharedImageReader$LocationVisitor               : loaded 2 times (x 68B)
Class org.gradle.util.internal.GUtil                                                  : loaded 2 times (x 69B)
Class jdk.internal.jimage.decompressor.ZipDecompressor                                : loaded 2 times (x 73B)
Class org.gradle.internal.classloader.ClassLoaderSpec                                 : loaded 2 times (x 69B)
Class org.gradle.internal.classloader.VisitableURLClassLoader                         : loaded 2 times (x 115B)
Class org.gradle.internal.Cast                                                        : loaded 2 times (x 69B)
Class org.gradle.api.internal.ClassPathRegistry                                       : loaded 2 times (x 68B)
Class org.gradle.internal.classloader.VisitableURLClassLoader$InstrumentingVisitableURLClassLoader: loaded 2 times (x 121B)
Class org.gradle.internal.classloader.ClassLoaderHierarchy                            : loaded 2 times (x 68B)
Class jdk.internal.jimage.ImageReader                                                 : loaded 2 times (x 73B)
Class org.gradle.internal.InternalTransformer                                         : loaded 2 times (x 68B)
Class org.gradle.internal.service.ServiceLocator                                      : loaded 2 times (x 68B)
Class Settings_gradle$1                                                               : loaded 2 times (x 72B)
Class org.gradle.internal.classpath.DefaultClassPath$ImmutableUniqueList              : loaded 2 times (x 159B)
Class jdk.internal.jimage.ImageBufferCache                                            : loaded 2 times (x 69B)
Class org.gradle.internal.classpath.TransformedClassPath                              : loaded 2 times (x 94B)
Class Settings_gradle                                                                 : loaded 2 times (x 126B)
Class jdk.internal.jimage.ImageReader$Directory                                       : loaded 2 times (x 82B)


---------------  S Y S T E M  ---------------

OS:
 Windows 10 , 64 bit Build 19041 (10.0.19041.5072)
OS uptime: 1 days 14:03 hours

CPU: total 8 (initial active 8) (4 cores per cpu, 2 threads per core) family 6 model 140 stepping 1 microcode 0x8a, cx8, cmov, fxsr, ht, mmx, 3dnowpref, sse, sse2, sse3, ssse3, sse4.1, sse4.2, popcnt, lzcnt, tsc, tscinvbit, avx, avx2, aes, erms, clmul, bmi1, bmi2, adx, avx512f, avx512dq, avx512cd, avx512bw, avx512vl, sha, fma, vzeroupper, avx512_vpopcntdq, avx512_vpclmulqdq, avx512_vaes, avx512_vnni, clflush, clflushopt, clwb, avx512_vbmi2, avx512_vbmi
Processor Information for processor 0
  Max Mhz: 2419, Current Mhz: 2419, Mhz Limit: 2419
Processor Information for processor 1
  Max Mhz: 2419, Current Mhz: 2419, Mhz Limit: 2419
Processor Information for processor 2
  Max Mhz: 2419, Current Mhz: 2419, Mhz Limit: 2419
Processor Information for processor 3
  Max Mhz: 2419, Current Mhz: 2419, Mhz Limit: 2419
Processor Information for processor 4
  Max Mhz: 2419, Current Mhz: 907, Mhz Limit: 2419
Processor Information for processor 5
  Max Mhz: 2419, Current Mhz: 907, Mhz Limit: 2419
Processor Information for processor 6
  Max Mhz: 2419, Current Mhz: 2419, Mhz Limit: 2419
Processor Information for processor 7
  Max Mhz: 2419, Current Mhz: 907, Mhz Limit: 2419

Memory: 4k page, system-wide physical 7991M (502M free)
TotalPageFile size 18229M (AvailPageFile size 162M)
current process WorkingSet (physical memory assigned to process): 348M, peak: 348M
current process commit charge ("private bytes"): 383M, peak: 546M

vm_info: OpenJDK 64-Bit Server VM (17.0.11+0--11852314) for windows-amd64 JRE (17.0.11+0--11852314), built on May 16 2024 21:29:20 by "androidbuild" with MS VC++ 16.10 / 16.11 (VS2019)

END.
