#
# There is insufficient memory for the Java Runtime Environment to continue.
# Native memory allocation (malloc) failed to allocate 1176016 bytes. Error detail: Chunk::new
# Possible reasons:
#   The system is out of physical RAM or swap space
#   This process is running with CompressedOops enabled, and the Java Heap may be blocking the growth of the native heap
# Possible solutions:
#   Reduce memory load on the system
#   Increase physical memory or swap space
#   Check if swap backing store is full
#   Decrease Java heap size (-Xmx/-Xms)
#   Decrease number of Java threads
#   Decrease Java thread stack sizes (-Xss)
#   Set larger code cache with -XX:ReservedCodeCacheSize=
#   JVM is running with Unscaled Compressed Oops mode in which the Java heap is
#     placed in the first 4GB address space. The Java Heap base address is the
#     maximum limit for the native heap growth. Please use -XX:HeapBaseMinAddress
#     to set the Java Heap base and to place the Java Heap above 4GB virtual address.
# This output file may be truncated or incomplete.
#
#  Out of Memory Error (arena.cpp:191), pid=21784, tid=1984
#
# JRE version: OpenJDK Runtime Environment (17.0.11) (build 17.0.11+0--11852314)
# Java VM: OpenJDK 64-Bit Server VM (17.0.11+0--11852314, mixed mode, tiered, compressed oops, compressed class ptrs, g1 gc, windows-amd64)
# No core dump will be written. Minidumps are not enabled by default on client versions of Windows
#

---------------  S U M M A R Y ------------

Command Line: --add-opens=java.base/java.util=ALL-UNNAMED --add-opens=java.base/java.lang=ALL-UNNAMED --add-opens=java.base/java.lang.invoke=ALL-UNNAMED --add-opens=java.prefs/java.util.prefs=ALL-UNNAMED --add-opens=java.base/java.nio.charset=ALL-UNNAMED --add-opens=java.base/java.net=ALL-UNNAMED --add-opens=java.base/java.util.concurrent.atomic=ALL-UNNAMED -Xmx2048m -Dfile.encoding=UTF-8 -Duser.country=ES -Duser.language=es -Duser.variant -javaagent:C:\Users\salin\.gradle\wrapper\dists\gradle-8.7-bin\bhs2wmbdwecv87pi65oeuq5iu\gradle-8.7\lib\agents\gradle-instrumentation-agent-8.7.jar org.gradle.launcher.daemon.bootstrap.GradleDaemon 8.7

Host: 11th Gen Intel(R) Core(TM) i5-1135G7 @ 2.40GHz, 8 cores, 7G,  Windows 10 , 64 bit Build 19041 (10.0.19041.5072)
Time: Tue Nov 26 11:57:54 2024 Hora estándar central (México) elapsed time: 12.409317 seconds (0d 0h 0m 12s)

---------------  T H R E A D  ---------------

Current thread (0x00000156ecf63590):  JavaThread "C2 CompilerThread2" daemon [_thread_in_native, id=1984, stack(0x0000001700800000,0x0000001700900000)]


Current CompileTask:
C2:  12409 8489       4       org.jetbrains.kotlin.metadata.ProtoBuf$Type::isInitialized (145 bytes)

Stack: [0x0000001700800000,0x0000001700900000]
Native frames: (J=compiled Java code, j=interpreted, Vv=VM code, C=native code)
V  [jvm.dll+0x687bb9]
V  [jvm.dll+0x84142a]
V  [jvm.dll+0x8430ae]
V  [jvm.dll+0x843713]
V  [jvm.dll+0x24a35f]
V  [jvm.dll+0xac544]
V  [jvm.dll+0xacb8c]
V  [jvm.dll+0x369be2]
V  [jvm.dll+0x33416a]
V  [jvm.dll+0x33360a]
V  [jvm.dll+0x21bed1]
V  [jvm.dll+0x21b311]
V  [jvm.dll+0x1a63ed]
V  [jvm.dll+0x22b1ee]
V  [jvm.dll+0x229375]
V  [jvm.dll+0x7f5647]
V  [jvm.dll+0x7efa4a]
V  [jvm.dll+0x686a35]
C  [ucrtbase.dll+0x21bb2]
C  [KERNEL32.DLL+0x17374]
C  [ntdll.dll+0x4cc91]


---------------  P R O C E S S  ---------------

Threads class SMR info:
_java_thread_list=0x00000156ec628470, length=49, elements={
0x00000156c72cf550, 0x00000156e3297270, 0x00000156e3297d40, 0x00000156e313c7d0,
0x00000156e313d1a0, 0x00000156e313de90, 0x00000156e32b4d50, 0x00000156e32b9740,
0x00000156e32ba710, 0x00000156e32c8540, 0x00000156e32b5770, 0x00000156e32b5c80,
0x00000156e32b4840, 0x00000156e32b66a0, 0x00000156e32b7ae0, 0x00000156e32b70c0,
0x00000156e32b7ff0, 0x00000156e32b6190, 0x00000156e9a996d0, 0x00000156e9a9c460,
0x00000156e9a97360, 0x00000156e9a9b020, 0x00000156e9a9ce80, 0x00000156e9a99be0,
0x00000156e9a9d8a0, 0x00000156e9a9a600, 0x00000156e9a97870, 0x00000156e9a9c970,
0x00000156e9a96e50, 0x00000156e9a9b530, 0x00000156e9a9ba40, 0x00000156e9a9e2c0,
0x00000156ebd283d0, 0x00000156ebd26060, 0x00000156ebd24200, 0x00000156ebd24710,
0x00000156ebd26570, 0x00000156ebd223a0, 0x00000156ebd228b0, 0x00000156ebd288e0,
0x00000156ebd29300, 0x00000156ebd22dc0, 0x00000156ebd26a80, 0x00000156ebd274a0,
0x00000156ebd25b50, 0x00000156ebd28df0, 0x00000156ebd21e90, 0x00000156ecf66ab0,
0x00000156ecf63590
}

Java Threads: ( => current thread )
  0x00000156c72cf550 JavaThread "main" [_thread_blocked, id=3368, stack(0x000000177c400000,0x000000177c500000)]
  0x00000156e3297270 JavaThread "Reference Handler" daemon [_thread_blocked, id=2116, stack(0x000000177cb00000,0x000000177cc00000)]
  0x00000156e3297d40 JavaThread "Finalizer" daemon [_thread_blocked, id=9708, stack(0x000000177cc00000,0x000000177cd00000)]
  0x00000156e313c7d0 JavaThread "Signal Dispatcher" daemon [_thread_blocked, id=23504, stack(0x000000177cd00000,0x000000177ce00000)]
  0x00000156e313d1a0 JavaThread "Attach Listener" daemon [_thread_blocked, id=21828, stack(0x000000177ce00000,0x000000177cf00000)]
  0x00000156e313de90 JavaThread "Service Thread" daemon [_thread_blocked, id=22552, stack(0x000000177cf00000,0x000000177d000000)]
  0x00000156e32b4d50 JavaThread "Monitor Deflation Thread" daemon [_thread_blocked, id=21824, stack(0x000000177d000000,0x000000177d100000)]
  0x00000156e32b9740 JavaThread "C2 CompilerThread0" daemon [_thread_in_native, id=14176, stack(0x000000177d100000,0x000000177d200000)]
  0x00000156e32ba710 JavaThread "C1 CompilerThread0" daemon [_thread_in_native, id=16184, stack(0x000000177d200000,0x000000177d300000)]
  0x00000156e32c8540 JavaThread "Sweeper thread" daemon [_thread_blocked, id=22628, stack(0x000000177d300000,0x000000177d400000)]
  0x00000156e32b5770 JavaThread "Common-Cleaner" daemon [_thread_blocked, id=11360, stack(0x000000177d400000,0x000000177d500000)]
  0x00000156e32b5c80 JavaThread "Notification Thread" daemon [_thread_blocked, id=17424, stack(0x000000177d500000,0x000000177d600000)]
  0x00000156e32b4840 JavaThread "Daemon health stats" [_thread_blocked, id=21188, stack(0x000000177dc00000,0x000000177dd00000)]
  0x00000156e32b66a0 JavaThread "Incoming local TCP Connector on port 49711" [_thread_in_native, id=5100, stack(0x000000177dd00000,0x000000177de00000)]
  0x00000156e32b7ae0 JavaThread "Daemon periodic checks" [_thread_blocked, id=24348, stack(0x000000177d700000,0x000000177d800000)]
  0x00000156e32b70c0 JavaThread "Daemon" [_thread_blocked, id=13988, stack(0x000000177de00000,0x000000177df00000)]
  0x00000156e32b7ff0 JavaThread "Handler for socket connection from /127.0.0.1:49711 to /127.0.0.1:49712" [_thread_in_native, id=1064, stack(0x000000177df00000,0x000000177e000000)]
  0x00000156e32b6190 JavaThread "Cancel handler" [_thread_blocked, id=22420, stack(0x000000177e000000,0x000000177e100000)]
  0x00000156e9a996d0 JavaThread "Daemon worker" [_thread_in_Java, id=19068, stack(0x000000177e100000,0x000000177e200000)]
  0x00000156e9a9c460 JavaThread "Asynchronous log dispatcher for DefaultDaemonConnection: socket connection from /127.0.0.1:49711 to /127.0.0.1:49712" [_thread_blocked, id=19348, stack(0x000000177e200000,0x000000177e300000)]
  0x00000156e9a97360 JavaThread "Stdin handler" [_thread_blocked, id=7852, stack(0x000000177e300000,0x000000177e400000)]
  0x00000156e9a9b020 JavaThread "Daemon client event forwarder" [_thread_blocked, id=20768, stack(0x000000177e400000,0x000000177e500000)]
  0x00000156e9a9ce80 JavaThread "Cache worker for journal cache (C:\Users\salin\.gradle\caches\journal-1)" [_thread_blocked, id=944, stack(0x000000177ea00000,0x000000177eb00000)]
  0x00000156e9a99be0 JavaThread "File lock request listener" [_thread_in_native, id=8876, stack(0x000000177eb00000,0x000000177ec00000)]
  0x00000156e9a9d8a0 JavaThread "Cache worker for file hash cache (C:\Users\salin\.gradle\caches\8.7\fileHashes)" [_thread_blocked, id=22160, stack(0x000000177ec00000,0x000000177ed00000)]
  0x00000156e9a9a600 JavaThread "Cache worker for file hash cache (D:\andr\.gradle\8.7\fileHashes)" [_thread_blocked, id=23756, stack(0x000000177ed00000,0x000000177ee00000)]
  0x00000156e9a97870 JavaThread "File watcher server" daemon [_thread_in_native, id=21736, stack(0x000000177ee00000,0x000000177ef00000)]
  0x00000156e9a9c970 JavaThread "File watcher consumer" daemon [_thread_blocked, id=12108, stack(0x000000177ef00000,0x000000177f000000)]
  0x00000156e9a96e50 JavaThread "Cache worker for checksums cache (D:\andr\.gradle\8.7\checksums)" [_thread_blocked, id=24280, stack(0x000000177f000000,0x000000177f100000)]
  0x00000156e9a9b530 JavaThread "Cache worker for cache directory md-supplier (C:\Users\salin\.gradle\caches\8.7\md-supplier)" [_thread_blocked, id=21584, stack(0x000000177e900000,0x000000177ea00000)]
  0x00000156e9a9ba40 JavaThread "Cache worker for cache directory md-rule (C:\Users\salin\.gradle\caches\8.7\md-rule)" [_thread_blocked, id=17500, stack(0x000000177f100000,0x000000177f200000)]
  0x00000156e9a9e2c0 JavaThread "Cache worker for file content cache (C:\Users\salin\.gradle\caches\8.7\fileContent)" [_thread_blocked, id=12584, stack(0x000000177f300000,0x000000177f400000)]
  0x00000156ebd283d0 JavaThread "Cache worker for Build Output Cleanup Cache (D:\andr\.gradle\buildOutputCleanup)" [_thread_blocked, id=7204, stack(0x000000177f400000,0x000000177f500000)]
  0x00000156ebd26060 JavaThread "Unconstrained build operations" [_thread_blocked, id=17676, stack(0x000000177f500000,0x000000177f600000)]
  0x00000156ebd24200 JavaThread "Unconstrained build operations Thread 2" [_thread_blocked, id=22060, stack(0x000000177f600000,0x000000177f700000)]
  0x00000156ebd24710 JavaThread "Unconstrained build operations Thread 3" [_thread_blocked, id=5892, stack(0x000000177f700000,0x000000177f800000)]
  0x00000156ebd26570 JavaThread "Unconstrained build operations Thread 4" [_thread_blocked, id=23456, stack(0x000000177f800000,0x000000177f900000)]
  0x00000156ebd223a0 JavaThread "Unconstrained build operations Thread 5" [_thread_blocked, id=1676, stack(0x000000177f900000,0x000000177fa00000)]
  0x00000156ebd228b0 JavaThread "Unconstrained build operations Thread 6" [_thread_blocked, id=20448, stack(0x000000177fa00000,0x000000177fb00000)]
  0x00000156ebd288e0 JavaThread "Unconstrained build operations Thread 7" [_thread_blocked, id=22336, stack(0x000000177fb00000,0x000000177fc00000)]
  0x00000156ebd29300 JavaThread "Unconstrained build operations Thread 8" [_thread_blocked, id=17908, stack(0x000000177fc00000,0x000000177fd00000)]
  0x00000156ebd22dc0 JavaThread "Unconstrained build operations Thread 9" [_thread_blocked, id=24244, stack(0x000000177fd00000,0x000000177fe00000)]
  0x00000156ebd26a80 JavaThread "Unconstrained build operations Thread 10" [_thread_blocked, id=512, stack(0x000000177fe00000,0x000000177ff00000)]
  0x00000156ebd274a0 JavaThread "Unconstrained build operations Thread 11" [_thread_blocked, id=14320, stack(0x000000177ff00000,0x0000001780000000)]
  0x00000156ebd25b50 JavaThread "Unconstrained build operations Thread 12" [_thread_blocked, id=21080, stack(0x0000001700000000,0x0000001700100000)]
  0x00000156ebd28df0 JavaThread "Unconstrained build operations Thread 13" [_thread_blocked, id=23252, stack(0x0000001700100000,0x0000001700200000)]
  0x00000156ebd21e90 JavaThread "Unconstrained build operations Thread 14" [_thread_blocked, id=22292, stack(0x0000001700200000,0x0000001700300000)]
  0x00000156ecf66ab0 JavaThread "C2 CompilerThread1" daemon [_thread_in_native, id=20912, stack(0x0000001700700000,0x0000001700800000)]
=>0x00000156ecf63590 JavaThread "C2 CompilerThread2" daemon [_thread_in_native, id=1984, stack(0x0000001700800000,0x0000001700900000)]

Other Threads:
  0x00000156e327f940 VMThread "VM Thread" [stack: 0x000000177ca00000,0x000000177cb00000] [id=23600]
  0x00000156c72d0320 WatcherThread [stack: 0x000000177d600000,0x000000177d700000] [id=21516]
  0x00000156c732ae10 GCTaskThread "GC Thread#0" [stack: 0x000000177c500000,0x000000177c600000] [id=23364]
  0x00000156e841d3f0 GCTaskThread "GC Thread#1" [stack: 0x000000177d800000,0x000000177d900000] [id=21036]
  0x00000156e841d6b0 GCTaskThread "GC Thread#2" [stack: 0x000000177d900000,0x000000177da00000] [id=924]
  0x00000156e3bf2490 GCTaskThread "GC Thread#3" [stack: 0x000000177da00000,0x000000177db00000] [id=21604]
  0x00000156e3f7ec10 GCTaskThread "GC Thread#4" [stack: 0x000000177db00000,0x000000177dc00000] [id=18200]
  0x00000156e9abb550 GCTaskThread "GC Thread#5" [stack: 0x000000177e500000,0x000000177e600000] [id=4984]
  0x00000156e9ab99d0 GCTaskThread "GC Thread#6" [stack: 0x000000177e600000,0x000000177e700000] [id=19536]
  0x00000156e9abafd0 GCTaskThread "GC Thread#7" [stack: 0x000000177e700000,0x000000177e800000] [id=10548]
  0x00000156c733bc70 ConcurrentGCThread "G1 Main Marker" [stack: 0x000000177c600000,0x000000177c700000] [id=8648]
  0x00000156c733c5a0 ConcurrentGCThread "G1 Conc#0" [stack: 0x000000177c700000,0x000000177c800000] [id=22992]
  0x00000156e9abb290 ConcurrentGCThread "G1 Conc#1" [stack: 0x000000177e800000,0x000000177e900000] [id=20700]
  0x00000156c738ec40 ConcurrentGCThread "G1 Refine#0" [stack: 0x000000177c800000,0x000000177c900000] [id=24132]
  0x00000156eb260070 ConcurrentGCThread "G1 Refine#1" [stack: 0x0000001700300000,0x0000001700400000] [id=21120]
  0x00000156eb260940 ConcurrentGCThread "G1 Refine#2" [stack: 0x0000001700400000,0x0000001700500000] [id=22188]
  0x00000156ec0ceaf0 ConcurrentGCThread "G1 Refine#3" [stack: 0x0000001700500000,0x0000001700600000] [id=11676]
  0x00000156ec0ce510 ConcurrentGCThread "G1 Refine#4" [stack: 0x0000001700600000,0x0000001700700000] [id=19192]
  0x00000156e2f7b760 ConcurrentGCThread "G1 Service" [stack: 0x000000177c900000,0x000000177ca00000] [id=21948]

Threads with active compile tasks:
C2 CompilerThread0    12448 8458   !   4       org.jetbrains.kotlin.metadata.ProtoBuf$Type::<init> (875 bytes)
C1 CompilerThread0    12448 8657       2       org.jetbrains.kotlin.metadata.ProtoBuf$Property::getSerializedSize (496 bytes)
C2 CompilerThread1    12448 8470   !   4       org.jetbrains.kotlin.metadata.ProtoBuf$Function::<init> (1410 bytes)
C2 CompilerThread2    12448 8489       4       org.jetbrains.kotlin.metadata.ProtoBuf$Type::isInitialized (145 bytes)

VM state: not at safepoint (normal execution)

VM Mutex/Monitor currently owned by a thread: None

Heap address: 0x0000000080000000, size: 2048 MB, Compressed Oops mode: 32-bit

CDS archive(s) not mapped
Compressed class space mapped at: 0x0000000100000000-0x0000000140000000, reserved size: 1073741824
Narrow klass base: 0x0000000000000000, Narrow klass shift: 3, Narrow klass range: 0x140000000

GC Precious Log:
 CPUs: 8 total, 8 available
 Memory: 7991M
 Large Page Support: Disabled
 NUMA Support: Disabled
 Compressed Oops: Enabled (32-bit)
 Heap Region Size: 1M
 Heap Min Capacity: 8M
 Heap Initial Capacity: 126M
 Heap Max Capacity: 2G
 Pre-touch: Disabled
 Parallel Workers: 8
 Concurrent Workers: 2
 Concurrent Refinement Workers: 8
 Periodic GC: Disabled

Heap:
 garbage-first heap   total 291840K, used 140180K [0x0000000080000000, 0x0000000100000000)
  region size 1024K, 43 young (44032K), 6 survivors (6144K)
 Metaspace       used 95775K, committed 96320K, reserved 1179648K
  class space    used 12945K, committed 13184K, reserved 1048576K

Heap Regions: E=young(eden), S=young(survivor), O=old, HS=humongous(starts), HC=humongous(continues), CS=collection set, F=free, OA=open archive, CA=closed archive, TAMS=top-at-mark-start (previous, next)
|   0|0x0000000080000000, 0x0000000080100000, 0x0000000080100000|100%|HS|  |TAMS 0x0000000080100000, 0x0000000080000000| Complete 
|   1|0x0000000080100000, 0x0000000080200000, 0x0000000080200000|100%|HC|  |TAMS 0x0000000080200000, 0x0000000080100000| Complete 
|   2|0x0000000080200000, 0x0000000080300000, 0x0000000080300000|100%|HC|  |TAMS 0x0000000080300000, 0x0000000080200000| Complete 
|   3|0x0000000080300000, 0x0000000080400000, 0x0000000080400000|100%|HC|  |TAMS 0x0000000080400000, 0x0000000080300000| Complete 
|   4|0x0000000080400000, 0x0000000080500000, 0x0000000080500000|100%| O|  |TAMS 0x0000000080500000, 0x0000000080400000| Untracked 
|   5|0x0000000080500000, 0x0000000080600000, 0x0000000080600000|100%| O|  |TAMS 0x0000000080600000, 0x0000000080500000| Untracked 
|   6|0x0000000080600000, 0x0000000080700000, 0x0000000080700000|100%| O|  |TAMS 0x0000000080700000, 0x0000000080600000| Untracked 
|   7|0x0000000080700000, 0x0000000080800000, 0x0000000080800000|100%| O|  |TAMS 0x0000000080800000, 0x0000000080700000| Untracked 
|   8|0x0000000080800000, 0x0000000080900000, 0x0000000080900000|100%| O|  |TAMS 0x0000000080900000, 0x0000000080800000| Untracked 
|   9|0x0000000080900000, 0x0000000080a00000, 0x0000000080a00000|100%| O|  |TAMS 0x0000000080a00000, 0x0000000080900000| Untracked 
|  10|0x0000000080a00000, 0x0000000080b00000, 0x0000000080b00000|100%| O|  |TAMS 0x0000000080b00000, 0x0000000080a00000| Untracked 
|  11|0x0000000080b00000, 0x0000000080c00000, 0x0000000080c00000|100%| O|  |TAMS 0x0000000080c00000, 0x0000000080b00000| Untracked 
|  12|0x0000000080c00000, 0x0000000080d00000, 0x0000000080d00000|100%| O|  |TAMS 0x0000000080d00000, 0x0000000080c00000| Untracked 
|  13|0x0000000080d00000, 0x0000000080e00000, 0x0000000080e00000|100%| O|  |TAMS 0x0000000080e00000, 0x0000000080d00000| Untracked 
|  14|0x0000000080e00000, 0x0000000080f00000, 0x0000000080f00000|100%| O|  |TAMS 0x0000000080f00000, 0x0000000080e00000| Untracked 
|  15|0x0000000080f00000, 0x0000000081000000, 0x0000000081000000|100%| O|  |TAMS 0x0000000081000000, 0x0000000080f00000| Untracked 
|  16|0x0000000081000000, 0x0000000081100000, 0x0000000081100000|100%| O|  |TAMS 0x0000000081100000, 0x0000000081000000| Untracked 
|  17|0x0000000081100000, 0x0000000081200000, 0x0000000081200000|100%| O|  |TAMS 0x0000000081200000, 0x0000000081100000| Untracked 
|  18|0x0000000081200000, 0x0000000081300000, 0x0000000081300000|100%| O|  |TAMS 0x0000000081300000, 0x0000000081200000| Untracked 
|  19|0x0000000081300000, 0x0000000081400000, 0x0000000081400000|100%| O|  |TAMS 0x0000000081400000, 0x0000000081300000| Untracked 
|  20|0x0000000081400000, 0x0000000081500000, 0x0000000081500000|100%| O|  |TAMS 0x0000000081500000, 0x0000000081400000| Untracked 
|  21|0x0000000081500000, 0x0000000081600000, 0x0000000081600000|100%| O|  |TAMS 0x0000000081600000, 0x0000000081500000| Untracked 
|  22|0x0000000081600000, 0x0000000081700000, 0x0000000081700000|100%| O|  |TAMS 0x0000000081700000, 0x0000000081600000| Untracked 
|  23|0x0000000081700000, 0x0000000081800000, 0x0000000081800000|100%| O|  |TAMS 0x0000000081800000, 0x0000000081700000| Untracked 
|  24|0x0000000081800000, 0x0000000081900000, 0x0000000081900000|100%| O|  |TAMS 0x0000000081900000, 0x0000000081800000| Untracked 
|  25|0x0000000081900000, 0x0000000081a00000, 0x0000000081a00000|100%| O|  |TAMS 0x0000000081a00000, 0x0000000081900000| Untracked 
|  26|0x0000000081a00000, 0x0000000081b00000, 0x0000000081b00000|100%| O|  |TAMS 0x0000000081b00000, 0x0000000081a00000| Untracked 
|  27|0x0000000081b00000, 0x0000000081c00000, 0x0000000081c00000|100%| O|  |TAMS 0x0000000081c00000, 0x0000000081b00000| Untracked 
|  28|0x0000000081c00000, 0x0000000081d00000, 0x0000000081d00000|100%| O|  |TAMS 0x0000000081d00000, 0x0000000081c00000| Untracked 
|  29|0x0000000081d00000, 0x0000000081e00000, 0x0000000081e00000|100%| O|  |TAMS 0x0000000081d00000, 0x0000000081d00000| Untracked 
|  30|0x0000000081e00000, 0x0000000081f00000, 0x0000000081f00000|100%| O|  |TAMS 0x0000000081f00000, 0x0000000081e00000| Untracked 
|  31|0x0000000081f00000, 0x0000000082000000, 0x0000000082000000|100%| O|  |TAMS 0x0000000082000000, 0x0000000081f00000| Untracked 
|  32|0x0000000082000000, 0x0000000082100000, 0x0000000082100000|100%| O|  |TAMS 0x0000000082100000, 0x0000000082000000| Untracked 
|  33|0x0000000082100000, 0x0000000082200000, 0x0000000082200000|100%| O|  |TAMS 0x0000000082200000, 0x0000000082100000| Untracked 
|  34|0x0000000082200000, 0x0000000082300000, 0x0000000082300000|100%| O|  |TAMS 0x0000000082300000, 0x0000000082200000| Untracked 
|  35|0x0000000082300000, 0x0000000082400000, 0x0000000082400000|100%| O|  |TAMS 0x0000000082400000, 0x0000000082300000| Untracked 
|  36|0x0000000082400000, 0x0000000082500000, 0x0000000082500000|100%| O|  |TAMS 0x0000000082500000, 0x0000000082400000| Untracked 
|  37|0x0000000082500000, 0x0000000082600000, 0x0000000082600000|100%| O|  |TAMS 0x0000000082600000, 0x0000000082500000| Untracked 
|  38|0x0000000082600000, 0x0000000082700000, 0x0000000082700000|100%| O|  |TAMS 0x0000000082700000, 0x0000000082600000| Untracked 
|  39|0x0000000082700000, 0x0000000082800000, 0x0000000082800000|100%| O|  |TAMS 0x0000000082800000, 0x0000000082700000| Untracked 
|  40|0x0000000082800000, 0x0000000082900000, 0x0000000082900000|100%| O|  |TAMS 0x0000000082900000, 0x0000000082800000| Untracked 
|  41|0x0000000082900000, 0x0000000082a00000, 0x0000000082a00000|100%| O|  |TAMS 0x0000000082a00000, 0x0000000082900000| Untracked 
|  42|0x0000000082a00000, 0x0000000082b00000, 0x0000000082b00000|100%| O|  |TAMS 0x0000000082b00000, 0x0000000082a00000| Untracked 
|  43|0x0000000082b00000, 0x0000000082c00000, 0x0000000082c00000|100%| O|  |TAMS 0x0000000082c00000, 0x0000000082b00000| Untracked 
|  44|0x0000000082c00000, 0x0000000082d00000, 0x0000000082d00000|100%| O|  |TAMS 0x0000000082d00000, 0x0000000082c00000| Untracked 
|  45|0x0000000082d00000, 0x0000000082e00000, 0x0000000082e00000|100%| O|  |TAMS 0x0000000082e00000, 0x0000000082d00000| Untracked 
|  46|0x0000000082e00000, 0x0000000082f00000, 0x0000000082f00000|100%| O|  |TAMS 0x0000000082e00000, 0x0000000082e00000| Untracked 
|  47|0x0000000082f00000, 0x0000000083000000, 0x0000000083000000|100%|HS|  |TAMS 0x0000000082f00000, 0x0000000082f00000| Complete 
|  48|0x0000000083000000, 0x0000000083100000, 0x0000000083100000|100%|HS|  |TAMS 0x0000000083000000, 0x0000000083000000| Complete 
|  49|0x0000000083100000, 0x0000000083200000, 0x0000000083200000|100%| O|  |TAMS 0x0000000083200000, 0x0000000083100000| Untracked 
|  50|0x0000000083200000, 0x0000000083300000, 0x0000000083300000|100%| O|  |TAMS 0x0000000083300000, 0x0000000083200000| Untracked 
|  51|0x0000000083300000, 0x0000000083400000, 0x0000000083400000|100%| O|  |TAMS 0x0000000083400000, 0x0000000083300000| Untracked 
|  52|0x0000000083400000, 0x0000000083500000, 0x0000000083500000|100%| O|  |TAMS 0x0000000083500000, 0x0000000083400000| Untracked 
|  53|0x0000000083500000, 0x0000000083600000, 0x0000000083600000|100%| O|  |TAMS 0x0000000083600000, 0x0000000083500000| Untracked 
|  54|0x0000000083600000, 0x0000000083700000, 0x0000000083700000|100%| O|  |TAMS 0x0000000083700000, 0x0000000083600000| Untracked 
|  55|0x0000000083700000, 0x0000000083700000, 0x0000000083800000|  0%| F|  |TAMS 0x0000000083700000, 0x0000000083700000| Untracked 
|  56|0x0000000083800000, 0x0000000083800000, 0x0000000083900000|  0%| F|  |TAMS 0x0000000083800000, 0x0000000083800000| Untracked 
|  57|0x0000000083900000, 0x0000000083a00000, 0x0000000083a00000|100%| O|  |TAMS 0x0000000083a00000, 0x0000000083900000| Untracked 
|  58|0x0000000083a00000, 0x0000000083b00000, 0x0000000083b00000|100%| O|  |TAMS 0x0000000083b00000, 0x0000000083a00000| Untracked 
|  59|0x0000000083b00000, 0x0000000083c00000, 0x0000000083c00000|100%| O|  |TAMS 0x0000000083c00000, 0x0000000083b00000| Untracked 
|  60|0x0000000083c00000, 0x0000000083d00000, 0x0000000083d00000|100%| O|  |TAMS 0x0000000083d00000, 0x0000000083c00000| Untracked 
|  61|0x0000000083d00000, 0x0000000083e00000, 0x0000000083e00000|100%| O|  |TAMS 0x0000000083e00000, 0x0000000083d00000| Untracked 
|  62|0x0000000083e00000, 0x0000000083f00000, 0x0000000083f00000|100%| O|  |TAMS 0x0000000083f00000, 0x0000000083e00000| Untracked 
|  63|0x0000000083f00000, 0x0000000084000000, 0x0000000084000000|100%| O|  |TAMS 0x0000000084000000, 0x0000000083f00000| Untracked 
|  64|0x0000000084000000, 0x0000000084100000, 0x0000000084100000|100%| O|  |TAMS 0x0000000084100000, 0x0000000084000000| Untracked 
|  65|0x0000000084100000, 0x0000000084200000, 0x0000000084200000|100%| O|  |TAMS 0x00000000841f6000, 0x0000000084100000| Untracked 
|  66|0x0000000084200000, 0x0000000084300000, 0x0000000084300000|100%| O|  |TAMS 0x0000000084200000, 0x0000000084200000| Untracked 
|  67|0x0000000084300000, 0x0000000084400000, 0x0000000084400000|100%| O|  |TAMS 0x0000000084300000, 0x0000000084300000| Untracked 
|  68|0x0000000084400000, 0x0000000084500000, 0x0000000084500000|100%| O|  |TAMS 0x0000000084400000, 0x0000000084400000| Untracked 
|  69|0x0000000084500000, 0x0000000084600000, 0x0000000084600000|100%| O|  |TAMS 0x0000000084500000, 0x0000000084500000| Untracked 
|  70|0x0000000084600000, 0x0000000084700000, 0x0000000084700000|100%| O|  |TAMS 0x0000000084600000, 0x0000000084600000| Untracked 
|  71|0x0000000084700000, 0x0000000084800000, 0x0000000084800000|100%| O|  |TAMS 0x0000000084700000, 0x0000000084700000| Untracked 
|  72|0x0000000084800000, 0x0000000084900000, 0x0000000084900000|100%| O|  |TAMS 0x0000000084800000, 0x0000000084800000| Untracked 
|  73|0x0000000084900000, 0x0000000084a00000, 0x0000000084a00000|100%|HS|  |TAMS 0x0000000084900000, 0x0000000084900000| Complete 
|  74|0x0000000084a00000, 0x0000000084b00000, 0x0000000084b00000|100%|HC|  |TAMS 0x0000000084a00000, 0x0000000084a00000| Complete 
|  75|0x0000000084b00000, 0x0000000084c00000, 0x0000000084c00000|100%|HC|  |TAMS 0x0000000084b00000, 0x0000000084b00000| Complete 
|  76|0x0000000084c00000, 0x0000000084d00000, 0x0000000084d00000|100%|HC|  |TAMS 0x0000000084c00000, 0x0000000084c00000| Complete 
|  77|0x0000000084d00000, 0x0000000084e00000, 0x0000000084e00000|100%|HC|  |TAMS 0x0000000084d00000, 0x0000000084d00000| Complete 
|  78|0x0000000084e00000, 0x0000000084f00000, 0x0000000084f00000|100%|HC|  |TAMS 0x0000000084e00000, 0x0000000084e00000| Complete 
|  79|0x0000000084f00000, 0x0000000085000000, 0x0000000085000000|100%|HS|  |TAMS 0x0000000084f00000, 0x0000000084f00000| Complete 
|  80|0x0000000085000000, 0x0000000085100000, 0x0000000085100000|100%|HS|  |TAMS 0x0000000085000000, 0x0000000085000000| Complete 
|  81|0x0000000085100000, 0x0000000085200000, 0x0000000085200000|100%|HC|  |TAMS 0x0000000085100000, 0x0000000085100000| Complete 
|  82|0x0000000085200000, 0x0000000085300000, 0x0000000085300000|100%| O|  |TAMS 0x0000000085200000, 0x0000000085200000| Untracked 
|  83|0x0000000085300000, 0x0000000085400000, 0x0000000085400000|100%|HS|  |TAMS 0x0000000085300000, 0x0000000085300000| Complete 
|  84|0x0000000085400000, 0x0000000085500000, 0x0000000085500000|100%|HC|  |TAMS 0x0000000085400000, 0x0000000085400000| Complete 
|  85|0x0000000085500000, 0x0000000085600000, 0x0000000085600000|100%|HC|  |TAMS 0x0000000085500000, 0x0000000085500000| Complete 
|  86|0x0000000085600000, 0x0000000085700000, 0x0000000085700000|100%|HC|  |TAMS 0x0000000085600000, 0x0000000085600000| Complete 
|  87|0x0000000085700000, 0x0000000085800000, 0x0000000085800000|100%| O|  |TAMS 0x0000000085700000, 0x0000000085700000| Untracked 
|  88|0x0000000085800000, 0x0000000085900000, 0x0000000085900000|100%| O|  |TAMS 0x0000000085800000, 0x0000000085800000| Untracked 
|  89|0x0000000085900000, 0x0000000085a00000, 0x0000000085a00000|100%| O|  |TAMS 0x0000000085900000, 0x0000000085900000| Untracked 
|  90|0x0000000085a00000, 0x0000000085b00000, 0x0000000085b00000|100%| O|  |TAMS 0x0000000085a00000, 0x0000000085a00000| Untracked 
|  91|0x0000000085b00000, 0x0000000085c00000, 0x0000000085c00000|100%| O|  |TAMS 0x0000000085b00000, 0x0000000085b00000| Untracked 
|  92|0x0000000085c00000, 0x0000000085d00000, 0x0000000085d00000|100%| O|  |TAMS 0x0000000085c00000, 0x0000000085c00000| Untracked 
|  93|0x0000000085d00000, 0x0000000085e00000, 0x0000000085e00000|100%| O|  |TAMS 0x0000000085d00000, 0x0000000085d00000| Untracked 
|  94|0x0000000085e00000, 0x0000000085f00000, 0x0000000085f00000|100%| O|  |TAMS 0x0000000085e00000, 0x0000000085e00000| Untracked 
|  95|0x0000000085f00000, 0x0000000086000000, 0x0000000086000000|100%| O|  |TAMS 0x0000000085f00000, 0x0000000085f00000| Untracked 
|  96|0x0000000086000000, 0x0000000086100000, 0x0000000086100000|100%| O|  |TAMS 0x0000000086000000, 0x0000000086000000| Untracked 
|  97|0x0000000086100000, 0x0000000086129800, 0x0000000086200000| 16%| O|  |TAMS 0x0000000086100000, 0x0000000086100000| Untracked 
|  98|0x0000000086200000, 0x0000000086200000, 0x0000000086300000|  0%| F|  |TAMS 0x0000000086200000, 0x0000000086200000| Untracked 
|  99|0x0000000086300000, 0x0000000086300000, 0x0000000086400000|  0%| F|  |TAMS 0x0000000086300000, 0x0000000086300000| Untracked 
| 100|0x0000000086400000, 0x0000000086400000, 0x0000000086500000|  0%| F|  |TAMS 0x0000000086400000, 0x0000000086400000| Untracked 
| 101|0x0000000086500000, 0x0000000086500000, 0x0000000086600000|  0%| F|  |TAMS 0x0000000086500000, 0x0000000086500000| Untracked 
| 102|0x0000000086600000, 0x0000000086600000, 0x0000000086700000|  0%| F|  |TAMS 0x0000000086600000, 0x0000000086600000| Untracked 
| 103|0x0000000086700000, 0x0000000086700000, 0x0000000086800000|  0%| F|  |TAMS 0x0000000086700000, 0x0000000086700000| Untracked 
| 104|0x0000000086800000, 0x0000000086800000, 0x0000000086900000|  0%| F|  |TAMS 0x0000000086800000, 0x0000000086800000| Untracked 
| 105|0x0000000086900000, 0x0000000086900000, 0x0000000086a00000|  0%| F|  |TAMS 0x0000000086900000, 0x0000000086900000| Untracked 
| 106|0x0000000086a00000, 0x0000000086a00000, 0x0000000086b00000|  0%| F|  |TAMS 0x0000000086a00000, 0x0000000086a00000| Untracked 
| 107|0x0000000086b00000, 0x0000000086b00000, 0x0000000086c00000|  0%| F|  |TAMS 0x0000000086b00000, 0x0000000086b00000| Untracked 
| 108|0x0000000086c00000, 0x0000000086c00000, 0x0000000086d00000|  0%| F|  |TAMS 0x0000000086c00000, 0x0000000086c00000| Untracked 
| 109|0x0000000086d00000, 0x0000000086d00000, 0x0000000086e00000|  0%| F|  |TAMS 0x0000000086d00000, 0x0000000086d00000| Untracked 
| 110|0x0000000086e00000, 0x0000000086e00000, 0x0000000086f00000|  0%| F|  |TAMS 0x0000000086e00000, 0x0000000086e00000| Untracked 
| 111|0x0000000086f00000, 0x0000000086f00000, 0x0000000087000000|  0%| F|  |TAMS 0x0000000086f00000, 0x0000000086f00000| Untracked 
| 112|0x0000000087000000, 0x0000000087000000, 0x0000000087100000|  0%| F|  |TAMS 0x0000000087000000, 0x0000000087000000| Untracked 
| 113|0x0000000087100000, 0x0000000087100000, 0x0000000087200000|  0%| F|  |TAMS 0x0000000087100000, 0x0000000087100000| Untracked 
| 114|0x0000000087200000, 0x0000000087200000, 0x0000000087300000|  0%| F|  |TAMS 0x0000000087200000, 0x0000000087200000| Untracked 
| 115|0x0000000087300000, 0x0000000087300000, 0x0000000087400000|  0%| F|  |TAMS 0x0000000087300000, 0x0000000087300000| Untracked 
| 116|0x0000000087400000, 0x0000000087400000, 0x0000000087500000|  0%| F|  |TAMS 0x0000000087400000, 0x0000000087400000| Untracked 
| 117|0x0000000087500000, 0x0000000087500000, 0x0000000087600000|  0%| F|  |TAMS 0x0000000087500000, 0x0000000087500000| Untracked 
| 118|0x0000000087600000, 0x0000000087600000, 0x0000000087700000|  0%| F|  |TAMS 0x0000000087600000, 0x0000000087600000| Untracked 
| 119|0x0000000087700000, 0x0000000087700000, 0x0000000087800000|  0%| F|  |TAMS 0x0000000087700000, 0x0000000087700000| Untracked 
| 120|0x0000000087800000, 0x0000000087800000, 0x0000000087900000|  0%| F|  |TAMS 0x0000000087800000, 0x0000000087800000| Untracked 
| 121|0x0000000087900000, 0x0000000087900000, 0x0000000087a00000|  0%| F|  |TAMS 0x0000000087900000, 0x0000000087900000| Untracked 
| 122|0x0000000087a00000, 0x0000000087a00000, 0x0000000087b00000|  0%| F|  |TAMS 0x0000000087a00000, 0x0000000087a00000| Untracked 
| 123|0x0000000087b00000, 0x0000000087b00000, 0x0000000087c00000|  0%| F|  |TAMS 0x0000000087b00000, 0x0000000087b00000| Untracked 
| 124|0x0000000087c00000, 0x0000000087c00000, 0x0000000087d00000|  0%| F|  |TAMS 0x0000000087c00000, 0x0000000087c00000| Untracked 
| 125|0x0000000087d00000, 0x0000000087d00000, 0x0000000087e00000|  0%| F|  |TAMS 0x0000000087d00000, 0x0000000087d00000| Untracked 
| 126|0x0000000087e00000, 0x0000000087e00000, 0x0000000087f00000|  0%| F|  |TAMS 0x0000000087e00000, 0x0000000087e00000| Untracked 
| 127|0x0000000087f00000, 0x0000000087f00000, 0x0000000088000000|  0%| F|  |TAMS 0x0000000087f00000, 0x0000000087f00000| Untracked 
| 128|0x0000000088000000, 0x0000000088000000, 0x0000000088100000|  0%| F|  |TAMS 0x0000000088000000, 0x0000000088000000| Untracked 
| 129|0x0000000088100000, 0x0000000088100000, 0x0000000088200000|  0%| F|  |TAMS 0x0000000088100000, 0x0000000088100000| Untracked 
| 130|0x0000000088200000, 0x0000000088200000, 0x0000000088300000|  0%| F|  |TAMS 0x0000000088200000, 0x0000000088200000| Untracked 
| 131|0x0000000088300000, 0x0000000088300000, 0x0000000088400000|  0%| F|  |TAMS 0x0000000088300000, 0x0000000088300000| Untracked 
| 132|0x0000000088400000, 0x0000000088400000, 0x0000000088500000|  0%| F|  |TAMS 0x0000000088400000, 0x0000000088400000| Untracked 
| 133|0x0000000088500000, 0x0000000088500000, 0x0000000088600000|  0%| F|  |TAMS 0x0000000088500000, 0x0000000088500000| Untracked 
| 134|0x0000000088600000, 0x0000000088600000, 0x0000000088700000|  0%| F|  |TAMS 0x0000000088600000, 0x0000000088600000| Untracked 
| 135|0x0000000088700000, 0x0000000088700000, 0x0000000088800000|  0%| F|  |TAMS 0x0000000088700000, 0x0000000088700000| Untracked 
| 136|0x0000000088800000, 0x0000000088800000, 0x0000000088900000|  0%| F|  |TAMS 0x0000000088800000, 0x0000000088800000| Untracked 
| 137|0x0000000088900000, 0x0000000088900000, 0x0000000088a00000|  0%| F|  |TAMS 0x0000000088900000, 0x0000000088900000| Untracked 
| 138|0x0000000088a00000, 0x0000000088a00000, 0x0000000088b00000|  0%| F|  |TAMS 0x0000000088a00000, 0x0000000088a00000| Untracked 
| 139|0x0000000088b00000, 0x0000000088b00000, 0x0000000088c00000|  0%| F|  |TAMS 0x0000000088b00000, 0x0000000088b00000| Untracked 
| 140|0x0000000088c00000, 0x0000000088c00000, 0x0000000088d00000|  0%| F|  |TAMS 0x0000000088c00000, 0x0000000088c00000| Untracked 
| 141|0x0000000088d00000, 0x0000000088d00000, 0x0000000088e00000|  0%| F|  |TAMS 0x0000000088d00000, 0x0000000088d00000| Untracked 
| 142|0x0000000088e00000, 0x0000000088e00000, 0x0000000088f00000|  0%| F|  |TAMS 0x0000000088e00000, 0x0000000088e00000| Untracked 
| 143|0x0000000088f00000, 0x0000000088f00000, 0x0000000089000000|  0%| F|  |TAMS 0x0000000088f00000, 0x0000000088f00000| Untracked 
| 144|0x0000000089000000, 0x0000000089000000, 0x0000000089100000|  0%| F|  |TAMS 0x0000000089000000, 0x0000000089000000| Untracked 
| 145|0x0000000089100000, 0x0000000089100000, 0x0000000089200000|  0%| F|  |TAMS 0x0000000089100000, 0x0000000089100000| Untracked 
| 146|0x0000000089200000, 0x0000000089200000, 0x0000000089300000|  0%| F|  |TAMS 0x0000000089200000, 0x0000000089200000| Untracked 
| 147|0x0000000089300000, 0x0000000089300000, 0x0000000089400000|  0%| F|  |TAMS 0x0000000089300000, 0x0000000089300000| Untracked 
| 148|0x0000000089400000, 0x0000000089400000, 0x0000000089500000|  0%| F|  |TAMS 0x0000000089400000, 0x0000000089400000| Untracked 
| 149|0x0000000089500000, 0x0000000089500000, 0x0000000089600000|  0%| F|  |TAMS 0x0000000089500000, 0x0000000089500000| Untracked 
| 150|0x0000000089600000, 0x0000000089600000, 0x0000000089700000|  0%| F|  |TAMS 0x0000000089600000, 0x0000000089600000| Untracked 
| 151|0x0000000089700000, 0x0000000089700000, 0x0000000089800000|  0%| F|  |TAMS 0x0000000089700000, 0x0000000089700000| Untracked 
| 152|0x0000000089800000, 0x0000000089800000, 0x0000000089900000|  0%| F|  |TAMS 0x0000000089800000, 0x0000000089800000| Untracked 
| 153|0x0000000089900000, 0x0000000089900000, 0x0000000089a00000|  0%| F|  |TAMS 0x0000000089900000, 0x0000000089900000| Untracked 
| 154|0x0000000089a00000, 0x0000000089a00000, 0x0000000089b00000|  0%| F|  |TAMS 0x0000000089a00000, 0x0000000089a00000| Untracked 
| 155|0x0000000089b00000, 0x0000000089b00000, 0x0000000089c00000|  0%| F|  |TAMS 0x0000000089b00000, 0x0000000089b00000| Untracked 
| 156|0x0000000089c00000, 0x0000000089c00000, 0x0000000089d00000|  0%| F|  |TAMS 0x0000000089c00000, 0x0000000089c00000| Untracked 
| 157|0x0000000089d00000, 0x0000000089d00000, 0x0000000089e00000|  0%| F|  |TAMS 0x0000000089d00000, 0x0000000089d00000| Untracked 
| 158|0x0000000089e00000, 0x0000000089e00000, 0x0000000089f00000|  0%| F|  |TAMS 0x0000000089e00000, 0x0000000089e00000| Untracked 
| 159|0x0000000089f00000, 0x0000000089f00000, 0x000000008a000000|  0%| F|  |TAMS 0x0000000089f00000, 0x0000000089f00000| Untracked 
| 160|0x000000008a000000, 0x000000008a000000, 0x000000008a100000|  0%| F|  |TAMS 0x000000008a000000, 0x000000008a000000| Untracked 
| 161|0x000000008a100000, 0x000000008a100000, 0x000000008a200000|  0%| F|  |TAMS 0x000000008a100000, 0x000000008a100000| Untracked 
| 162|0x000000008a200000, 0x000000008a200000, 0x000000008a300000|  0%| F|  |TAMS 0x000000008a200000, 0x000000008a200000| Untracked 
| 163|0x000000008a300000, 0x000000008a300000, 0x000000008a400000|  0%| F|  |TAMS 0x000000008a300000, 0x000000008a300000| Untracked 
| 164|0x000000008a400000, 0x000000008a400000, 0x000000008a500000|  0%| F|  |TAMS 0x000000008a400000, 0x000000008a400000| Untracked 
| 165|0x000000008a500000, 0x000000008a500000, 0x000000008a600000|  0%| F|  |TAMS 0x000000008a500000, 0x000000008a500000| Untracked 
| 166|0x000000008a600000, 0x000000008a600000, 0x000000008a700000|  0%| F|  |TAMS 0x000000008a600000, 0x000000008a600000| Untracked 
| 167|0x000000008a700000, 0x000000008a700000, 0x000000008a800000|  0%| F|  |TAMS 0x000000008a700000, 0x000000008a700000| Untracked 
| 168|0x000000008a800000, 0x000000008a800000, 0x000000008a900000|  0%| F|  |TAMS 0x000000008a800000, 0x000000008a800000| Untracked 
| 169|0x000000008a900000, 0x000000008a900000, 0x000000008aa00000|  0%| F|  |TAMS 0x000000008a900000, 0x000000008a900000| Untracked 
| 170|0x000000008aa00000, 0x000000008aa00000, 0x000000008ab00000|  0%| F|  |TAMS 0x000000008aa00000, 0x000000008aa00000| Untracked 
| 171|0x000000008ab00000, 0x000000008ab00000, 0x000000008ac00000|  0%| F|  |TAMS 0x000000008ab00000, 0x000000008ab00000| Untracked 
| 172|0x000000008ac00000, 0x000000008ac00000, 0x000000008ad00000|  0%| F|  |TAMS 0x000000008ac00000, 0x000000008ac00000| Untracked 
| 173|0x000000008ad00000, 0x000000008ad00000, 0x000000008ae00000|  0%| F|  |TAMS 0x000000008ad00000, 0x000000008ad00000| Untracked 
| 174|0x000000008ae00000, 0x000000008ae00000, 0x000000008af00000|  0%| F|  |TAMS 0x000000008ae00000, 0x000000008ae00000| Untracked 
| 175|0x000000008af00000, 0x000000008af00000, 0x000000008b000000|  0%| F|  |TAMS 0x000000008af00000, 0x000000008af00000| Untracked 
| 176|0x000000008b000000, 0x000000008b000000, 0x000000008b100000|  0%| F|  |TAMS 0x000000008b000000, 0x000000008b000000| Untracked 
| 177|0x000000008b100000, 0x000000008b1bba98, 0x000000008b200000| 73%| S|CS|TAMS 0x000000008b100000, 0x000000008b100000| Complete 
| 178|0x000000008b200000, 0x000000008b300000, 0x000000008b300000|100%| S|CS|TAMS 0x000000008b200000, 0x000000008b200000| Complete 
| 179|0x000000008b300000, 0x000000008b400000, 0x000000008b400000|100%| S|CS|TAMS 0x000000008b300000, 0x000000008b300000| Complete 
| 180|0x000000008b400000, 0x000000008b500000, 0x000000008b500000|100%| S|CS|TAMS 0x000000008b400000, 0x000000008b400000| Complete 
| 181|0x000000008b500000, 0x000000008b600000, 0x000000008b600000|100%| S|CS|TAMS 0x000000008b500000, 0x000000008b500000| Complete 
| 182|0x000000008b600000, 0x000000008b700000, 0x000000008b700000|100%| S|CS|TAMS 0x000000008b600000, 0x000000008b600000| Complete 
| 183|0x000000008b700000, 0x000000008b700000, 0x000000008b800000|  0%| F|  |TAMS 0x000000008b700000, 0x000000008b700000| Untracked 
| 184|0x000000008b800000, 0x000000008b800000, 0x000000008b900000|  0%| F|  |TAMS 0x000000008b800000, 0x000000008b800000| Untracked 
| 185|0x000000008b900000, 0x000000008b900000, 0x000000008ba00000|  0%| F|  |TAMS 0x000000008b900000, 0x000000008b900000| Untracked 
| 186|0x000000008ba00000, 0x000000008ba00000, 0x000000008bb00000|  0%| F|  |TAMS 0x000000008ba00000, 0x000000008ba00000| Untracked 
| 187|0x000000008bb00000, 0x000000008bb00000, 0x000000008bc00000|  0%| F|  |TAMS 0x000000008bb00000, 0x000000008bb00000| Untracked 
| 188|0x000000008bc00000, 0x000000008bc00000, 0x000000008bd00000|  0%| F|  |TAMS 0x000000008bc00000, 0x000000008bc00000| Untracked 
| 189|0x000000008bd00000, 0x000000008bd00000, 0x000000008be00000|  0%| F|  |TAMS 0x000000008bd00000, 0x000000008bd00000| Untracked 
| 190|0x000000008be00000, 0x000000008be00000, 0x000000008bf00000|  0%| F|  |TAMS 0x000000008be00000, 0x000000008be00000| Untracked 
| 191|0x000000008bf00000, 0x000000008bf00000, 0x000000008c000000|  0%| F|  |TAMS 0x000000008bf00000, 0x000000008bf00000| Untracked 
| 192|0x000000008c000000, 0x000000008c000000, 0x000000008c100000|  0%| F|  |TAMS 0x000000008c000000, 0x000000008c000000| Untracked 
| 193|0x000000008c100000, 0x000000008c100000, 0x000000008c200000|  0%| F|  |TAMS 0x000000008c100000, 0x000000008c100000| Untracked 
| 194|0x000000008c200000, 0x000000008c200000, 0x000000008c300000|  0%| F|  |TAMS 0x000000008c200000, 0x000000008c200000| Untracked 
| 195|0x000000008c300000, 0x000000008c300000, 0x000000008c400000|  0%| F|  |TAMS 0x000000008c300000, 0x000000008c300000| Untracked 
| 196|0x000000008c400000, 0x000000008c400000, 0x000000008c500000|  0%| F|  |TAMS 0x000000008c400000, 0x000000008c400000| Untracked 
| 197|0x000000008c500000, 0x000000008c500000, 0x000000008c600000|  0%| F|  |TAMS 0x000000008c500000, 0x000000008c500000| Untracked 
| 198|0x000000008c600000, 0x000000008c600000, 0x000000008c700000|  0%| F|  |TAMS 0x000000008c600000, 0x000000008c600000| Untracked 
| 199|0x000000008c700000, 0x000000008c700000, 0x000000008c800000|  0%| F|  |TAMS 0x000000008c700000, 0x000000008c700000| Untracked 
| 200|0x000000008c800000, 0x000000008c800000, 0x000000008c900000|  0%| F|  |TAMS 0x000000008c800000, 0x000000008c800000| Untracked 
| 201|0x000000008c900000, 0x000000008c900000, 0x000000008ca00000|  0%| F|  |TAMS 0x000000008c900000, 0x000000008c900000| Untracked 
| 202|0x000000008ca00000, 0x000000008ca00000, 0x000000008cb00000|  0%| F|  |TAMS 0x000000008ca00000, 0x000000008ca00000| Untracked 
| 203|0x000000008cb00000, 0x000000008cb00000, 0x000000008cc00000|  0%| F|  |TAMS 0x000000008cb00000, 0x000000008cb00000| Untracked 
| 204|0x000000008cc00000, 0x000000008cc00000, 0x000000008cd00000|  0%| F|  |TAMS 0x000000008cc00000, 0x000000008cc00000| Untracked 
| 205|0x000000008cd00000, 0x000000008cd00000, 0x000000008ce00000|  0%| F|  |TAMS 0x000000008cd00000, 0x000000008cd00000| Untracked 
| 206|0x000000008ce00000, 0x000000008ce00000, 0x000000008cf00000|  0%| F|  |TAMS 0x000000008ce00000, 0x000000008ce00000| Untracked 
| 207|0x000000008cf00000, 0x000000008cf00000, 0x000000008d000000|  0%| F|  |TAMS 0x000000008cf00000, 0x000000008cf00000| Untracked 
| 208|0x000000008d000000, 0x000000008d000000, 0x000000008d100000|  0%| F|  |TAMS 0x000000008d000000, 0x000000008d000000| Untracked 
| 209|0x000000008d100000, 0x000000008d100000, 0x000000008d200000|  0%| F|  |TAMS 0x000000008d100000, 0x000000008d100000| Untracked 
| 210|0x000000008d200000, 0x000000008d200000, 0x000000008d300000|  0%| F|  |TAMS 0x000000008d200000, 0x000000008d200000| Untracked 
| 211|0x000000008d300000, 0x000000008d300000, 0x000000008d400000|  0%| F|  |TAMS 0x000000008d300000, 0x000000008d300000| Untracked 
| 212|0x000000008d400000, 0x000000008d400000, 0x000000008d500000|  0%| F|  |TAMS 0x000000008d400000, 0x000000008d400000| Untracked 
| 213|0x000000008d500000, 0x000000008d500000, 0x000000008d600000|  0%| F|  |TAMS 0x000000008d500000, 0x000000008d500000| Untracked 
| 214|0x000000008d600000, 0x000000008d600000, 0x000000008d700000|  0%| F|  |TAMS 0x000000008d600000, 0x000000008d600000| Untracked 
| 215|0x000000008d700000, 0x000000008d700000, 0x000000008d800000|  0%| F|  |TAMS 0x000000008d700000, 0x000000008d700000| Untracked 
| 216|0x000000008d800000, 0x000000008d800000, 0x000000008d900000|  0%| F|  |TAMS 0x000000008d800000, 0x000000008d800000| Untracked 
| 217|0x000000008d900000, 0x000000008d900000, 0x000000008da00000|  0%| F|  |TAMS 0x000000008d900000, 0x000000008d900000| Untracked 
| 218|0x000000008da00000, 0x000000008da00000, 0x000000008db00000|  0%| F|  |TAMS 0x000000008da00000, 0x000000008da00000| Untracked 
| 219|0x000000008db00000, 0x000000008db00000, 0x000000008dc00000|  0%| F|  |TAMS 0x000000008db00000, 0x000000008db00000| Untracked 
| 220|0x000000008dc00000, 0x000000008dc00000, 0x000000008dd00000|  0%| F|  |TAMS 0x000000008dc00000, 0x000000008dc00000| Untracked 
| 221|0x000000008dd00000, 0x000000008dd00000, 0x000000008de00000|  0%| F|  |TAMS 0x000000008dd00000, 0x000000008dd00000| Untracked 
| 222|0x000000008de00000, 0x000000008de00000, 0x000000008df00000|  0%| F|  |TAMS 0x000000008de00000, 0x000000008de00000| Untracked 
| 223|0x000000008df00000, 0x000000008df00000, 0x000000008e000000|  0%| F|  |TAMS 0x000000008df00000, 0x000000008df00000| Untracked 
| 224|0x000000008e000000, 0x000000008e000000, 0x000000008e100000|  0%| F|  |TAMS 0x000000008e000000, 0x000000008e000000| Untracked 
| 225|0x000000008e100000, 0x000000008e100000, 0x000000008e200000|  0%| F|  |TAMS 0x000000008e100000, 0x000000008e100000| Untracked 
| 226|0x000000008e200000, 0x000000008e200000, 0x000000008e300000|  0%| F|  |TAMS 0x000000008e200000, 0x000000008e200000| Untracked 
| 227|0x000000008e300000, 0x000000008e300000, 0x000000008e400000|  0%| F|  |TAMS 0x000000008e300000, 0x000000008e300000| Untracked 
| 228|0x000000008e400000, 0x000000008e400000, 0x000000008e500000|  0%| F|  |TAMS 0x000000008e400000, 0x000000008e400000| Untracked 
| 229|0x000000008e500000, 0x000000008e500000, 0x000000008e600000|  0%| F|  |TAMS 0x000000008e500000, 0x000000008e500000| Untracked 
| 230|0x000000008e600000, 0x000000008e600000, 0x000000008e700000|  0%| F|  |TAMS 0x000000008e600000, 0x000000008e600000| Untracked 
| 231|0x000000008e700000, 0x000000008e700000, 0x000000008e800000|  0%| F|  |TAMS 0x000000008e700000, 0x000000008e700000| Untracked 
| 232|0x000000008e800000, 0x000000008e800000, 0x000000008e900000|  0%| F|  |TAMS 0x000000008e800000, 0x000000008e800000| Untracked 
| 233|0x000000008e900000, 0x000000008e900000, 0x000000008ea00000|  0%| F|  |TAMS 0x000000008e900000, 0x000000008e900000| Untracked 
| 234|0x000000008ea00000, 0x000000008ea00000, 0x000000008eb00000|  0%| F|  |TAMS 0x000000008ea00000, 0x000000008ea00000| Untracked 
| 235|0x000000008eb00000, 0x000000008eb00000, 0x000000008ec00000|  0%| F|  |TAMS 0x000000008eb00000, 0x000000008eb00000| Untracked 
| 236|0x000000008ec00000, 0x000000008ec00000, 0x000000008ed00000|  0%| F|  |TAMS 0x000000008ec00000, 0x000000008ec00000| Untracked 
| 237|0x000000008ed00000, 0x000000008ed00000, 0x000000008ee00000|  0%| F|  |TAMS 0x000000008ed00000, 0x000000008ed00000| Untracked 
| 238|0x000000008ee00000, 0x000000008ee00000, 0x000000008ef00000|  0%| F|  |TAMS 0x000000008ee00000, 0x000000008ee00000| Untracked 
| 239|0x000000008ef00000, 0x000000008ef00000, 0x000000008f000000|  0%| F|  |TAMS 0x000000008ef00000, 0x000000008ef00000| Untracked 
| 240|0x000000008f000000, 0x000000008f000000, 0x000000008f100000|  0%| F|  |TAMS 0x000000008f000000, 0x000000008f000000| Untracked 
| 241|0x000000008f100000, 0x000000008f100000, 0x000000008f200000|  0%| F|  |TAMS 0x000000008f100000, 0x000000008f100000| Untracked 
| 242|0x000000008f200000, 0x000000008f200000, 0x000000008f300000|  0%| F|  |TAMS 0x000000008f200000, 0x000000008f200000| Untracked 
| 243|0x000000008f300000, 0x000000008f300000, 0x000000008f400000|  0%| F|  |TAMS 0x000000008f300000, 0x000000008f300000| Untracked 
| 244|0x000000008f400000, 0x000000008f400000, 0x000000008f500000|  0%| F|  |TAMS 0x000000008f400000, 0x000000008f400000| Untracked 
| 245|0x000000008f500000, 0x000000008f500000, 0x000000008f600000|  0%| F|  |TAMS 0x000000008f500000, 0x000000008f500000| Untracked 
| 246|0x000000008f600000, 0x000000008f600000, 0x000000008f700000|  0%| F|  |TAMS 0x000000008f600000, 0x000000008f600000| Untracked 
| 247|0x000000008f700000, 0x000000008f800000, 0x000000008f800000|100%| E|  |TAMS 0x000000008f700000, 0x000000008f700000| Complete 
| 248|0x000000008f800000, 0x000000008f900000, 0x000000008f900000|100%| E|CS|TAMS 0x000000008f800000, 0x000000008f800000| Complete 
| 249|0x000000008f900000, 0x000000008fa00000, 0x000000008fa00000|100%| E|CS|TAMS 0x000000008f900000, 0x000000008f900000| Complete 
| 250|0x000000008fa00000, 0x000000008fb00000, 0x000000008fb00000|100%| E|CS|TAMS 0x000000008fa00000, 0x000000008fa00000| Complete 
| 251|0x000000008fb00000, 0x000000008fc00000, 0x000000008fc00000|100%| E|CS|TAMS 0x000000008fb00000, 0x000000008fb00000| Complete 
| 252|0x000000008fc00000, 0x000000008fd00000, 0x000000008fd00000|100%| E|CS|TAMS 0x000000008fc00000, 0x000000008fc00000| Complete 
| 253|0x000000008fd00000, 0x000000008fe00000, 0x000000008fe00000|100%| E|CS|TAMS 0x000000008fd00000, 0x000000008fd00000| Complete 
| 254|0x000000008fe00000, 0x000000008ff00000, 0x000000008ff00000|100%| E|CS|TAMS 0x000000008fe00000, 0x000000008fe00000| Complete 
| 255|0x000000008ff00000, 0x0000000090000000, 0x0000000090000000|100%| E|CS|TAMS 0x000000008ff00000, 0x000000008ff00000| Complete 
| 256|0x0000000090000000, 0x0000000090100000, 0x0000000090100000|100%| E|CS|TAMS 0x0000000090000000, 0x0000000090000000| Complete 
| 257|0x0000000090100000, 0x0000000090200000, 0x0000000090200000|100%| E|CS|TAMS 0x0000000090100000, 0x0000000090100000| Complete 
| 258|0x0000000090200000, 0x0000000090300000, 0x0000000090300000|100%| E|CS|TAMS 0x0000000090200000, 0x0000000090200000| Complete 
| 259|0x0000000090300000, 0x0000000090400000, 0x0000000090400000|100%| E|CS|TAMS 0x0000000090300000, 0x0000000090300000| Complete 
| 260|0x0000000090400000, 0x0000000090500000, 0x0000000090500000|100%| E|CS|TAMS 0x0000000090400000, 0x0000000090400000| Complete 
| 261|0x0000000090500000, 0x0000000090600000, 0x0000000090600000|100%| E|CS|TAMS 0x0000000090500000, 0x0000000090500000| Complete 
| 262|0x0000000090600000, 0x0000000090700000, 0x0000000090700000|100%| E|CS|TAMS 0x0000000090600000, 0x0000000090600000| Complete 
| 263|0x0000000090700000, 0x0000000090800000, 0x0000000090800000|100%| E|CS|TAMS 0x0000000090700000, 0x0000000090700000| Complete 
| 264|0x0000000090800000, 0x0000000090900000, 0x0000000090900000|100%| E|CS|TAMS 0x0000000090800000, 0x0000000090800000| Complete 
| 265|0x0000000090900000, 0x0000000090a00000, 0x0000000090a00000|100%| E|CS|TAMS 0x0000000090900000, 0x0000000090900000| Complete 
| 266|0x0000000090a00000, 0x0000000090b00000, 0x0000000090b00000|100%| E|CS|TAMS 0x0000000090a00000, 0x0000000090a00000| Complete 
| 267|0x0000000090b00000, 0x0000000090c00000, 0x0000000090c00000|100%| E|CS|TAMS 0x0000000090b00000, 0x0000000090b00000| Complete 
| 268|0x0000000090c00000, 0x0000000090d00000, 0x0000000090d00000|100%| E|CS|TAMS 0x0000000090c00000, 0x0000000090c00000| Complete 
| 269|0x0000000090d00000, 0x0000000090e00000, 0x0000000090e00000|100%| E|CS|TAMS 0x0000000090d00000, 0x0000000090d00000| Complete 
| 270|0x0000000090e00000, 0x0000000090f00000, 0x0000000090f00000|100%| E|CS|TAMS 0x0000000090e00000, 0x0000000090e00000| Complete 
| 271|0x0000000090f00000, 0x0000000091000000, 0x0000000091000000|100%| E|CS|TAMS 0x0000000090f00000, 0x0000000090f00000| Complete 
| 272|0x0000000091000000, 0x0000000091100000, 0x0000000091100000|100%| E|CS|TAMS 0x0000000091000000, 0x0000000091000000| Complete 
| 273|0x0000000091100000, 0x0000000091200000, 0x0000000091200000|100%| E|CS|TAMS 0x0000000091100000, 0x0000000091100000| Complete 
| 274|0x0000000091200000, 0x0000000091300000, 0x0000000091300000|100%| E|CS|TAMS 0x0000000091200000, 0x0000000091200000| Complete 
| 275|0x0000000091300000, 0x0000000091400000, 0x0000000091400000|100%| E|CS|TAMS 0x0000000091300000, 0x0000000091300000| Complete 
| 276|0x0000000091400000, 0x0000000091500000, 0x0000000091500000|100%| E|CS|TAMS 0x0000000091400000, 0x0000000091400000| Complete 
| 277|0x0000000091500000, 0x0000000091600000, 0x0000000091600000|100%| E|CS|TAMS 0x0000000091500000, 0x0000000091500000| Complete 
| 278|0x0000000091600000, 0x0000000091700000, 0x0000000091700000|100%| E|CS|TAMS 0x0000000091600000, 0x0000000091600000| Complete 
| 279|0x0000000091700000, 0x0000000091800000, 0x0000000091800000|100%| E|CS|TAMS 0x0000000091700000, 0x0000000091700000| Complete 
| 280|0x0000000091800000, 0x0000000091900000, 0x0000000091900000|100%| E|CS|TAMS 0x0000000091800000, 0x0000000091800000| Complete 
| 281|0x0000000091900000, 0x0000000091a00000, 0x0000000091a00000|100%| E|CS|TAMS 0x0000000091900000, 0x0000000091900000| Complete 
| 282|0x0000000091a00000, 0x0000000091b00000, 0x0000000091b00000|100%| E|CS|TAMS 0x0000000091a00000, 0x0000000091a00000| Complete 
| 283|0x0000000091b00000, 0x0000000091c00000, 0x0000000091c00000|100%| E|CS|TAMS 0x0000000091b00000, 0x0000000091b00000| Complete 
| 284|0x0000000091c00000, 0x0000000091d00000, 0x0000000091d00000|100%| E|CS|TAMS 0x0000000091c00000, 0x0000000091c00000| Complete 

Card table byte_map: [0x00000156dbe10000,0x00000156dc210000] _byte_map_base: 0x00000156dba10000

Marking Bits (Prev, Next): (CMBitMap*) 0x00000156c732b340, (CMBitMap*) 0x00000156c732b380
 Prev Bits: [0x00000156dc610000, 0x00000156de610000)
 Next Bits: [0x00000156de610000, 0x00000156e0610000)

Polling page: 0x00000156c7150000

Metaspace:

Usage:
  Non-class:     80.90 MB used.
      Class:     12.64 MB used.
       Both:     93.54 MB used.

Virtual space:
  Non-class space:      128.00 MB reserved,      81.19 MB ( 63%) committed,  2 nodes.
      Class space:        1.00 GB reserved,      12.88 MB (  1%) committed,  1 nodes.
             Both:        1.12 GB reserved,      94.06 MB (  8%) committed. 

Chunk freelists:
   Non-Class:  14.78 MB
       Class:  3.12 MB
        Both:  17.91 MB

MaxMetaspaceSize: unlimited
CompressedClassSpaceSize: 1.00 GB
Initial GC threshold: 21.00 MB
Current GC threshold: 122.62 MB
CDS: off
MetaspaceReclaimPolicy: balanced
 - commit_granule_bytes: 65536.
 - commit_granule_words: 8192.
 - virtual_space_node_default_size: 8388608.
 - enlarge_chunks_in_place: 1.
 - new_chunks_are_fully_committed: 0.
 - uncommit_free_chunks: 1.
 - use_allocation_guard: 0.
 - handle_deallocations: 1.


Internal statistics:

num_allocs_failed_limit: 12.
num_arena_births: 730.
num_arena_deaths: 0.
num_vsnodes_births: 3.
num_vsnodes_deaths: 0.
num_space_committed: 1503.
num_space_uncommitted: 0.
num_chunks_returned_to_freelist: 12.
num_chunks_taken_from_freelist: 3920.
num_chunk_merges: 9.
num_chunk_splits: 2936.
num_chunks_enlarged: 2301.
num_inconsistent_stats: 0.

CodeHeap 'non-profiled nmethods': size=120000Kb used=3965Kb max_used=3965Kb free=116034Kb
 bounds [0x00000156d3a80000, 0x00000156d3e60000, 0x00000156dafb0000]
CodeHeap 'profiled nmethods': size=120000Kb used=15337Kb max_used=15337Kb free=104662Kb
 bounds [0x00000156cbfb0000, 0x00000156cceb0000, 0x00000156d34e0000]
CodeHeap 'non-nmethods': size=5760Kb used=1720Kb max_used=1759Kb free=4039Kb
 bounds [0x00000156d34e0000, 0x00000156d3750000, 0x00000156d3a80000]
 total_blobs=8683 nmethods=7877 adapters=717
 compilation: enabled
              stopped_count=0, restarted_count=0
 full_count=0

Compilation events (20 events):
Event: 12.396 Thread 0x00000156e32ba710 8611       2       org.jetbrains.org.objectweb.asm.ClassReader::readConst (276 bytes)
Event: 12.398 Thread 0x00000156e32ba710 nmethod 8611 0x00000156cce92e90 code [0x00000156cce931e0, 0x00000156cce93d88]
Event: 12.398 Thread 0x00000156e32ba710 8612       2       org.jetbrains.kotlin.com.intellij.openapi.application.ApplicationManager::getApplication (4 bytes)
Event: 12.398 Thread 0x00000156e32ba710 nmethod 8612 0x00000156cce94510 code [0x00000156cce946a0, 0x00000156cce94798]
Event: 12.398 Thread 0x00000156e32ba710 8613       1       org.jetbrains.kotlin.load.java.lazy.descriptors.LazyJavaPackageFragment::access$getJvmMetadataVersion$p (5 bytes)
Event: 12.398 Thread 0x00000156e32ba710 nmethod 8613 0x00000156d3e5c790 code [0x00000156d3e5c920, 0x00000156d3e5c9d8]
Event: 12.399 Thread 0x00000156e32ba710 8614       2       org.jetbrains.kotlin.load.kotlin.FileBasedKotlinClass::resolveNameByDesc (87 bytes)
Event: 12.400 Thread 0x00000156e32ba710 nmethod 8614 0x00000156cce94810 code [0x00000156cce949e0, 0x00000156cce94b98]
Event: 12.400 Thread 0x00000156e32ba710 8615       2       org.jetbrains.kotlin.load.kotlin.FileBasedKotlinClass::convertAnnotationVisitor (56 bytes)
Event: 12.400 Thread 0x00000156e32ba710 nmethod 8615 0x00000156cce94d10 code [0x00000156cce94ee0, 0x00000156cce950f8]
Event: 12.402 Thread 0x00000156e32ba710 8616       2       org.jetbrains.org.objectweb.asm.ClassReader::readShort (27 bytes)
Event: 12.402 Thread 0x00000156e32ba710 nmethod 8616 0x00000156cce95210 code [0x00000156cce953a0, 0x00000156cce95518]
Event: 12.402 Thread 0x00000156e32ba710 8617       2       org.jetbrains.kotlin.load.kotlin.FileBasedKotlinClass$1::visitAnnotation (21 bytes)
Event: 12.403 Thread 0x00000156e32ba710 nmethod 8617 0x00000156cce95610 code [0x00000156cce957c0, 0x00000156cce95918]
Event: 12.403 Thread 0x00000156e32ba710 8618       2       org.jetbrains.kotlin.load.kotlin.header.ReadKotlinClassHeaderAnnotationVisitor::visitAnnotation (115 bytes)
Event: 12.403 Thread 0x00000156e32ba710 nmethod 8618 0x00000156cce95a10 code [0x00000156cce95c60, 0x00000156cce96218]
Event: 12.405 Thread 0x00000156e32ba710 8619       2       java.util.Spliterators$EmptySpliterator::forEachRemaining (6 bytes)
Event: 12.405 Thread 0x00000156e32ba710 nmethod 8619 0x00000156cce96510 code [0x00000156cce966c0, 0x00000156cce96888]
Event: 12.405 Thread 0x00000156e32ba710 8620       2       java.util.Spliterators$EmptySpliterator$OfRef::forEachRemaining (6 bytes)
Event: 12.406 Thread 0x00000156e32ba710 nmethod 8620 0x00000156cce96990 code [0x00000156cce96b40, 0x00000156cce96d08]

GC Heap History (20 events):
Event: 7.500 GC heap before
{Heap before GC invocations=20 (full 0):
 garbage-first heap   total 103424K, used 82551K [0x0000000080000000, 0x0000000100000000)
  region size 1024K, 39 young (39936K), 1 survivors (1024K)
 Metaspace       used 68473K, committed 69056K, reserved 1114112K
  class space    used 9793K, committed 10048K, reserved 1048576K
}
Event: 7.503 GC heap after
{Heap after GC invocations=21 (full 0):
 garbage-first heap   total 103424K, used 44385K [0x0000000080000000, 0x0000000100000000)
  region size 1024K, 1 young (1024K), 1 survivors (1024K)
 Metaspace       used 68473K, committed 69056K, reserved 1114112K
  class space    used 9793K, committed 10048K, reserved 1048576K
}
Event: 8.117 GC heap before
{Heap before GC invocations=22 (full 0):
 garbage-first heap   total 103424K, used 91489K [0x0000000080000000, 0x0000000100000000)
  region size 1024K, 40 young (40960K), 1 survivors (1024K)
 Metaspace       used 74415K, committed 75008K, reserved 1114112K
  class space    used 10555K, committed 10816K, reserved 1048576K
}
Event: 8.121 GC heap after
{Heap after GC invocations=23 (full 0):
 garbage-first heap   total 103424K, used 52473K [0x0000000080000000, 0x0000000100000000)
  region size 1024K, 2 young (2048K), 2 survivors (2048K)
 Metaspace       used 74415K, committed 75008K, reserved 1114112K
  class space    used 10555K, committed 10816K, reserved 1048576K
}
Event: 8.161 GC heap before
{Heap before GC invocations=23 (full 0):
 garbage-first heap   total 103424K, used 55545K [0x0000000080000000, 0x0000000100000000)
  region size 1024K, 5 young (5120K), 2 survivors (2048K)
 Metaspace       used 74598K, committed 75200K, reserved 1114112K
  class space    used 10555K, committed 10816K, reserved 1048576K
}
Event: 8.164 GC heap after
{Heap after GC invocations=24 (full 0):
 garbage-first heap   total 103424K, used 52854K [0x0000000080000000, 0x0000000100000000)
  region size 1024K, 1 young (1024K), 1 survivors (1024K)
 Metaspace       used 74598K, committed 75200K, reserved 1114112K
  class space    used 10555K, committed 10816K, reserved 1048576K
}
Event: 8.411 GC heap before
{Heap before GC invocations=24 (full 0):
 garbage-first heap   total 103424K, used 83574K [0x0000000080000000, 0x0000000100000000)
  region size 1024K, 32 young (32768K), 1 survivors (1024K)
 Metaspace       used 74721K, committed 75328K, reserved 1114112K
  class space    used 10560K, committed 10816K, reserved 1048576K
}
Event: 8.418 GC heap after
{Heap after GC invocations=25 (full 0):
 garbage-first heap   total 103424K, used 56309K [0x0000000080000000, 0x0000000100000000)
  region size 1024K, 5 young (5120K), 5 survivors (5120K)
 Metaspace       used 74721K, committed 75328K, reserved 1114112K
  class space    used 10560K, committed 10816K, reserved 1048576K
}
Event: 8.524 GC heap before
{Heap before GC invocations=26 (full 0):
 garbage-first heap   total 114688K, used 84981K [0x0000000080000000, 0x0000000100000000)
  region size 1024K, 28 young (28672K), 5 survivors (5120K)
 Metaspace       used 74729K, committed 75328K, reserved 1114112K
  class space    used 10560K, committed 10816K, reserved 1048576K
}
Event: 8.531 GC heap after
{Heap after GC invocations=27 (full 0):
 garbage-first heap   total 114688K, used 66690K [0x0000000080000000, 0x0000000100000000)
  region size 1024K, 4 young (4096K), 4 survivors (4096K)
 Metaspace       used 74729K, committed 75328K, reserved 1114112K
  class space    used 10560K, committed 10816K, reserved 1048576K
}
Event: 8.534 GC heap before
{Heap before GC invocations=27 (full 0):
 garbage-first heap   total 114688K, used 67714K [0x0000000080000000, 0x0000000100000000)
  region size 1024K, 5 young (5120K), 4 survivors (4096K)
 Metaspace       used 74729K, committed 75328K, reserved 1114112K
  class space    used 10560K, committed 10816K, reserved 1048576K
}
Event: 8.536 GC heap after
{Heap after GC invocations=28 (full 0):
 garbage-first heap   total 114688K, used 67385K [0x0000000080000000, 0x0000000100000000)
  region size 1024K, 1 young (1024K), 1 survivors (1024K)
 Metaspace       used 74729K, committed 75328K, reserved 1114112K
  class space    used 10560K, committed 10816K, reserved 1048576K
}
Event: 8.624 GC heap before
{Heap before GC invocations=28 (full 0):
 garbage-first heap   total 114688K, used 91961K [0x0000000080000000, 0x0000000100000000)
  region size 1024K, 21 young (21504K), 1 survivors (1024K)
 Metaspace       used 74733K, committed 75328K, reserved 1114112K
  class space    used 10561K, committed 10816K, reserved 1048576K
}
Event: 8.629 GC heap after
{Heap after GC invocations=29 (full 0):
 garbage-first heap   total 291840K, used 74540K [0x0000000080000000, 0x0000000100000000)
  region size 1024K, 3 young (3072K), 3 survivors (3072K)
 Metaspace       used 74733K, committed 75328K, reserved 1114112K
  class space    used 10561K, committed 10816K, reserved 1048576K
}
Event: 9.782 GC heap before
{Heap before GC invocations=30 (full 0):
 garbage-first heap   total 291840K, used 201516K [0x0000000080000000, 0x0000000100000000)
  region size 1024K, 109 young (111616K), 3 survivors (3072K)
 Metaspace       used 83199K, committed 83776K, reserved 1179648K
  class space    used 11483K, committed 11776K, reserved 1048576K
}
Event: 9.811 GC heap after
{Heap after GC invocations=31 (full 0):
 garbage-first heap   total 291840K, used 99052K [0x0000000080000000, 0x0000000100000000)
  region size 1024K, 14 young (14336K), 14 survivors (14336K)
 Metaspace       used 83199K, committed 83776K, reserved 1179648K
  class space    used 11483K, committed 11776K, reserved 1048576K
}
Event: 9.830 GC heap before
{Heap before GC invocations=31 (full 0):
 garbage-first heap   total 291840K, used 100076K [0x0000000080000000, 0x0000000100000000)
  region size 1024K, 15 young (15360K), 14 survivors (14336K)
 Metaspace       used 83377K, committed 83968K, reserved 1179648K
  class space    used 11493K, committed 11776K, reserved 1048576K
}
Event: 9.840 GC heap after
{Heap after GC invocations=32 (full 0):
 garbage-first heap   total 291840K, used 99151K [0x0000000080000000, 0x0000000100000000)
  region size 1024K, 2 young (2048K), 2 survivors (2048K)
 Metaspace       used 83377K, committed 83968K, reserved 1179648K
  class space    used 11493K, committed 11776K, reserved 1048576K
}
Event: 12.179 GC heap before
{Heap before GC invocations=32 (full 0):
 garbage-first heap   total 291840K, used 201551K [0x0000000080000000, 0x0000000100000000)
  region size 1024K, 102 young (104448K), 2 survivors (2048K)
 Metaspace       used 95612K, committed 96128K, reserved 1179648K
  class space    used 12944K, committed 13184K, reserved 1048576K
}
Event: 12.192 GC heap after
{Heap after GC invocations=33 (full 0):
 garbage-first heap   total 291840K, used 103316K [0x0000000080000000, 0x0000000100000000)
  region size 1024K, 6 young (6144K), 6 survivors (6144K)
 Metaspace       used 95612K, committed 96128K, reserved 1179648K
  class space    used 12944K, committed 13184K, reserved 1048576K
}

Dll operation events (3 events):
Event: 0.007 Loaded shared library C:\Program Files\Android\Android Studio\jbr\bin\java.dll
Event: 0.135 Loaded shared library C:\Program Files\Android\Android Studio\jbr\bin\zip.dll
Event: 0.433 Loaded shared library C:\Program Files\Android\Android Studio\jbr\bin\verify.dll

Deoptimization events (20 events):
Event: 10.948 Thread 0x00000156e9a996d0 Uncommon trap: trap_request=0xffffff45 fr.pc=0x00000156d3dd49d0 relative=0x00000000000001d0
Event: 10.948 Thread 0x00000156e9a996d0 Uncommon trap: reason=unstable_if action=reinterpret pc=0x00000156d3dd49d0 method=java.io.ByteArrayInputStream.read()I @ 8 c2
Event: 10.948 Thread 0x00000156e9a996d0 DEOPT PACKING pc=0x00000156d3dd49d0 sp=0x000000177e1f4840
Event: 10.949 Thread 0x00000156e9a996d0 DEOPT UNPACKING pc=0x00000156d353a1a3 sp=0x000000177e1f47f8 mode 2
Event: 10.952 Thread 0x00000156e9a996d0 Uncommon trap: trap_request=0xffffffdc fr.pc=0x00000156d3e190c4 relative=0x0000000000000224
Event: 10.952 Thread 0x00000156e9a996d0 Uncommon trap: reason=class_check action=make_not_entrant pc=0x00000156d3e190c4 method=java.util.ArrayList.toArray([Ljava/lang/Object;)[Ljava/lang/Object; @ 21 c2
Event: 10.952 Thread 0x00000156e9a996d0 DEOPT PACKING pc=0x00000156d3e190c4 sp=0x000000177e1f44a0
Event: 10.952 Thread 0x00000156e9a996d0 DEOPT UNPACKING pc=0x00000156d353a1a3 sp=0x000000177e1f4470 mode 2
Event: 11.436 Thread 0x00000156e9a996d0 DEOPT PACKING pc=0x00000156ccb0dff9 sp=0x000000177e1ee4d0
Event: 11.436 Thread 0x00000156e9a996d0 DEOPT UNPACKING pc=0x00000156d353ace3 sp=0x000000177e1ed990 mode 0
Event: 11.436 Thread 0x00000156e9a996d0 DEOPT PACKING pc=0x00000156ccb0fe20 sp=0x000000177e1ee4a0
Event: 11.436 Thread 0x00000156e9a996d0 DEOPT UNPACKING pc=0x00000156d353ace3 sp=0x000000177e1ed948 mode 0
Event: 12.105 Thread 0x00000156e9a996d0 Uncommon trap: trap_request=0xffffffcc fr.pc=0x00000156d3e46184 relative=0x0000000000000164
Event: 12.105 Thread 0x00000156e9a996d0 Uncommon trap: reason=intrinsic_or_type_checked_inlining action=make_not_entrant pc=0x00000156d3e46184 method=java.util.ArrayList$SubList.toArray([Ljava/lang/Object;)[Ljava/lang/Object; @ 58 c2
Event: 12.105 Thread 0x00000156e9a996d0 DEOPT PACKING pc=0x00000156d3e46184 sp=0x000000177e1efec0
Event: 12.105 Thread 0x00000156e9a996d0 DEOPT UNPACKING pc=0x00000156d353a1a3 sp=0x000000177e1efe80 mode 2
Event: 12.151 Thread 0x00000156e9a996d0 DEOPT PACKING pc=0x00000156ccb11490 sp=0x000000177e1ee220
Event: 12.151 Thread 0x00000156e9a996d0 DEOPT UNPACKING pc=0x00000156d353ace3 sp=0x000000177e1ed730 mode 0
Event: 12.197 Thread 0x00000156e9a996d0 DEOPT PACKING pc=0x00000156ccb286ac sp=0x000000177e1ef590
Event: 12.197 Thread 0x00000156e9a996d0 DEOPT UNPACKING pc=0x00000156d353ace3 sp=0x000000177e1eea20 mode 0

Classes unloaded (0 events):
No events

Classes redefined (0 events):
No events

Internal exceptions (20 events):
Event: 6.249 Thread 0x00000156e9a996d0 Exception <a 'java/lang/NoSuchMethodError'{0x0000000084c50a20}: 'void java.lang.invoke.DirectMethodHandle$Holder.invokeVirtual(java.lang.Object, java.lang.Object)'> (0x0000000084c50a20) 
thrown [s\src\hotspot\share\interpreter\linkResolver.cpp, line 771]
Event: 6.272 Thread 0x00000156e9a996d0 Exception <a 'java/lang/NoSuchMethodError'{0x0000000084a241f8}: 'java.lang.Object java.lang.invoke.DirectMethodHandle$Holder.invokeStaticInit(java.lang.Object, int)'> (0x0000000084a241f8) 
thrown [s\src\hotspot\share\interpreter\linkResolver.cpp, line 771]
Event: 6.751 Thread 0x00000156e9a996d0 Implicit null exception at 0x00000156d3ac87f2 to 0x00000156d3ac8e30
Event: 6.862 Thread 0x00000156e9a996d0 Implicit null exception at 0x00000156d3ac0072 to 0x00000156d3ac06c8
Event: 7.030 Thread 0x00000156e9a996d0 Exception <a 'sun/nio/fs/WindowsException'{0x0000000085549090}> (0x0000000085549090) 
thrown [s\src\hotspot\share\prims\jni.cpp, line 531]
Event: 7.030 Thread 0x00000156e9a996d0 Exception <a 'sun/nio/fs/WindowsException'{0x000000008554ae48}> (0x000000008554ae48) 
thrown [s\src\hotspot\share\prims\jni.cpp, line 531]
Event: 7.244 Thread 0x00000156e9a996d0 Exception <a 'java/lang/NoSuchMethodError'{0x0000000084ad3750}: 'long java.lang.invoke.DirectMethodHandle$Holder.invokeStatic(java.lang.Object)'> (0x0000000084ad3750) 
thrown [s\src\hotspot\share\interpreter\linkResolver.cpp, line 771]
Event: 7.245 Thread 0x00000156e9a996d0 Exception <a 'java/lang/NoSuchMethodError'{0x0000000084ad82f0}: 'long java.lang.invoke.DirectMethodHandle$Holder.invokeStaticInit(java.lang.Object)'> (0x0000000084ad82f0) 
thrown [s\src\hotspot\share\interpreter\linkResolver.cpp, line 771]
Event: 7.353 Thread 0x00000156e9a996d0 Exception <a 'java/lang/NoSuchMethodError'{0x000000008441ef98}: 'long java.lang.invoke.Invokers$Holder.invoke_MT(java.lang.Object, java.lang.Object, java.lang.Object, java.lang.Object)'> (0x000000008441ef98) 
thrown [s\src\hotspot\share\interpreter\linkResolver.cpp, line 771]
Event: 7.354 Thread 0x00000156e9a996d0 Exception <a 'java/lang/NoSuchMethodError'{0x0000000084428340}: 'int java.lang.invoke.Invokers$Holder.invoke_MT(java.lang.Object, java.lang.Object, java.lang.Object, java.lang.Object)'> (0x0000000084428340) 
thrown [s\src\hotspot\share\interpreter\linkResolver.cpp, line 771]
Event: 7.356 Thread 0x00000156e9a996d0 Exception <a 'java/lang/NoSuchMethodError'{0x0000000084444b38}: 'void java.lang.invoke.DelegatingMethodHandle$Holder.reinvoke_L(java.lang.Object, java.lang.Object, java.lang.Object, long, java.lang.Object)'> (0x0000000084444b38) 
thrown [s\src\hotspot\share\interpreter\linkResolver.cpp, line 771]
Event: 7.357 Thread 0x00000156e9a996d0 Exception <a 'java/lang/NoSuchMethodError'{0x000000008444d468}: 'java.lang.Object java.lang.invoke.DirectMethodHandle$Holder.invokeSpecial(java.lang.Object, java.lang.Object, java.lang.Object, java.lang.Object, long)'> (0x000000008444d468) 
thrown [s\src\hotspot\share\interpreter\linkResolver.cpp, line 771]
Event: 7.358 Thread 0x00000156e9a996d0 Exception <a 'java/lang/NoSuchMethodError'{0x000000008445db60}: 'int java.lang.invoke.DelegatingMethodHandle$Holder.reinvoke_L(java.lang.Object, java.lang.Object, java.lang.Object, long, java.lang.Object, java.lang.Object)'> (0x000000008445db60) 
thrown [s\src\hotspot\share\interpreter\linkResolver.cpp, line 771]
Event: 7.359 Thread 0x00000156e9a996d0 Exception <a 'java/lang/NoSuchMethodError'{0x000000008446dba0}: 'int java.lang.invoke.DelegatingMethodHandle$Holder.reinvoke_L(java.lang.Object, java.lang.Object, java.lang.Object, long, int, int)'> (0x000000008446dba0) 
thrown [s\src\hotspot\share\interpreter\linkResolver.cpp, line 771]
Event: 7.361 Thread 0x00000156e9a996d0 Exception <a 'java/lang/NoSuchMethodError'{0x000000008447ddd8}: 'int java.lang.invoke.DelegatingMethodHandle$Holder.reinvoke_L(java.lang.Object, java.lang.Object, java.lang.Object, long, long, long)'> (0x000000008447ddd8) 
thrown [s\src\hotspot\share\interpreter\linkResolver.cpp, line 771]
Event: 7.362 Thread 0x00000156e9a996d0 Exception <a 'java/lang/NoSuchMethodError'{0x000000008448daf8}: 'int java.lang.invoke.DelegatingMethodHandle$Holder.reinvoke_L(java.lang.Object, java.lang.Object, java.lang.Object, long, int)'> (0x000000008448daf8) 
thrown [s\src\hotspot\share\interpreter\linkResolver.cpp, line 771]
Event: 8.008 Thread 0x00000156e9a996d0 Exception <a 'java/lang/NoSuchMethodError'{0x00000000842ca078}: 'java.lang.Object java.lang.invoke.Invokers$Holder.invokeExact_MT(java.lang.Object, java.lang.Object, long, java.lang.Object)'> (0x00000000842ca078) 
thrown [s\src\hotspot\share\interpreter\linkResolver.cpp, line 771]
Event: 8.051 Thread 0x00000156e9a996d0 Exception <a 'java/lang/NoSuchMethodError'{0x0000000083f3f8b8}: 'java.lang.Object java.lang.invoke.Invokers$Holder.invoke_MT(java.lang.Object, java.lang.Object, java.lang.Object)'> (0x0000000083f3f8b8) 
thrown [s\src\hotspot\share\interpreter\linkResolver.cpp, line 771]
Event: 11.106 Thread 0x00000156e9a996d0 Exception <a 'java/lang/NoSuchMethodError'{0x000000008e2e31e8}: 'int java.lang.invoke.DirectMethodHandle$Holder.invokeSpecial(java.lang.Object, java.lang.Object, int, int)'> (0x000000008e2e31e8) 
thrown [s\src\hotspot\share\interpreter\linkResolver.cpp, line 771]
Event: 11.816 Thread 0x00000156e9a996d0 Exception <a 'java/lang/NoSuchMethodError'{0x000000008c539e38}: 'java.lang.Object java.lang.invoke.DirectMethodHandle$Holder.invokeStatic(java.lang.Object, java.lang.Object, java.lang.Object, java.lang.Object, int)'> (0x000000008c539e38) 
thrown [s\src\hotspot\share\interpreter\linkResolver.cpp, line 771]

VM Operations (20 events):
Event: 10.417 Executing VM operation: HandshakeAllThreads
Event: 10.418 Executing VM operation: HandshakeAllThreads done
Event: 10.474 Executing VM operation: HandshakeAllThreads
Event: 10.474 Executing VM operation: HandshakeAllThreads done
Event: 10.599 Executing VM operation: HandshakeAllThreads
Event: 10.599 Executing VM operation: HandshakeAllThreads done
Event: 10.648 Executing VM operation: HandshakeAllThreads
Event: 10.648 Executing VM operation: HandshakeAllThreads done
Event: 10.853 Executing VM operation: ICBufferFull
Event: 10.854 Executing VM operation: ICBufferFull done
Event: 10.941 Executing VM operation: HandshakeAllThreads
Event: 10.942 Executing VM operation: HandshakeAllThreads done
Event: 11.829 Executing VM operation: HandshakeAllThreads
Event: 11.830 Executing VM operation: HandshakeAllThreads done
Event: 11.960 Executing VM operation: HandshakeAllThreads
Event: 11.960 Executing VM operation: HandshakeAllThreads done
Event: 11.960 Executing VM operation: Cleanup
Event: 11.960 Executing VM operation: Cleanup done
Event: 12.179 Executing VM operation: G1CollectForAllocation
Event: 12.192 Executing VM operation: G1CollectForAllocation done

Events (20 events):
Event: 10.727 loading class java/text/StringCharacterIterator done
Event: 10.797 loading class java/io/NotSerializableException
Event: 10.797 loading class java/io/NotSerializableException done
Event: 10.940 loading class java/util/AbstractList$ListItr
Event: 10.941 loading class java/util/AbstractList$ListItr done
Event: 11.105 loading class java/util/function/IntUnaryOperator
Event: 11.105 loading class java/util/function/IntUnaryOperator done
Event: 11.303 loading class java/util/AbstractList$RandomAccessSubList
Event: 11.303 loading class java/util/AbstractList$SubList
Event: 11.304 loading class java/util/AbstractList$SubList done
Event: 11.304 loading class java/util/AbstractList$RandomAccessSubList done
Event: 11.620 Thread 0x00000156ecf625a0 Thread exited: 0x00000156ecf625a0
Event: 11.771 loading class java/util/AbstractList$SubList$1
Event: 11.771 loading class java/util/AbstractList$SubList$1 done
Event: 11.817 loading class java/util/concurrent/LinkedBlockingDeque$Itr
Event: 11.817 loading class java/util/concurrent/LinkedBlockingDeque$AbstractItr
Event: 11.818 loading class java/util/concurrent/LinkedBlockingDeque$AbstractItr done
Event: 11.818 loading class java/util/concurrent/LinkedBlockingDeque$Itr done
Event: 11.890 Thread 0x00000156ecf66ab0 Thread added: 0x00000156ecf66ab0
Event: 12.259 Thread 0x00000156ecf63590 Thread added: 0x00000156ecf63590


Dynamic libraries:
0x00007ff6f7590000 - 0x00007ff6f759a000 	C:\Program Files\Android\Android Studio\jbr\bin\java.exe
0x00007ff929ab0000 - 0x00007ff929ca8000 	C:\Windows\SYSTEM32\ntdll.dll
0x00007ff929480000 - 0x00007ff929542000 	C:\Windows\System32\KERNEL32.DLL
0x00007ff927150000 - 0x00007ff92744e000 	C:\Windows\System32\KERNELBASE.dll
0x00007ff927840000 - 0x00007ff927940000 	C:\Windows\System32\ucrtbase.dll
0x00007ff9174b0000 - 0x00007ff9174c7000 	C:\Program Files\Android\Android Studio\jbr\bin\jli.dll
0x00007ff913320000 - 0x00007ff91333b000 	C:\Program Files\Android\Android Studio\jbr\bin\VCRUNTIME140.dll
0x00007ff928220000 - 0x00007ff9283bd000 	C:\Windows\System32\USER32.dll
0x00007ff919920000 - 0x00007ff919bba000 	C:\Windows\WinSxS\amd64_microsoft.windows.common-controls_6595b64144ccf1df_6.0.19041.4355_none_60b8b9eb71f62e16\COMCTL32.dll
0x00007ff927570000 - 0x00007ff927592000 	C:\Windows\System32\win32u.dll
0x00007ff928090000 - 0x00007ff92812e000 	C:\Windows\System32\msvcrt.dll
0x00007ff929390000 - 0x00007ff9293bb000 	C:\Windows\System32\GDI32.dll
0x00007ff927450000 - 0x00007ff927567000 	C:\Windows\System32\gdi32full.dll
0x00007ff9277a0000 - 0x00007ff92783d000 	C:\Windows\System32\msvcp_win.dll
0x00007ff929a40000 - 0x00007ff929a6f000 	C:\Windows\System32\IMM32.DLL
0x00007ff91de80000 - 0x00007ff91de8c000 	C:\Program Files\Android\Android Studio\jbr\bin\vcruntime140_1.dll
0x00007ff8ebad0000 - 0x00007ff8ebb5d000 	C:\Program Files\Android\Android Studio\jbr\bin\msvcp140.dll
0x00007ff8c4dd0000 - 0x00007ff8c5a53000 	C:\Program Files\Android\Android Studio\jbr\bin\server\jvm.dll
0x00007ff9283c0000 - 0x00007ff928471000 	C:\Windows\System32\ADVAPI32.dll
0x00007ff9293e0000 - 0x00007ff92947f000 	C:\Windows\System32\sechost.dll
0x00007ff928480000 - 0x00007ff9285a3000 	C:\Windows\System32\RPCRT4.dll
0x00007ff927770000 - 0x00007ff927797000 	C:\Windows\System32\bcrypt.dll
0x00007ff9266e0000 - 0x00007ff92672b000 	C:\Windows\SYSTEM32\POWRPROF.dll
0x00007ff8f18c0000 - 0x00007ff8f18c9000 	C:\Windows\SYSTEM32\WSOCK32.dll
0x00007ff929610000 - 0x00007ff92967b000 	C:\Windows\System32\WS2_32.dll
0x00007ff925150000 - 0x00007ff925177000 	C:\Windows\SYSTEM32\WINMM.dll
0x00007ff91fd00000 - 0x00007ff91fd0a000 	C:\Windows\SYSTEM32\VERSION.dll
0x00007ff926550000 - 0x00007ff926562000 	C:\Windows\SYSTEM32\UMPDC.dll
0x00007ff925970000 - 0x00007ff925982000 	C:\Windows\SYSTEM32\kernel.appcore.dll
0x00007ff921b70000 - 0x00007ff921b7a000 	C:\Program Files\Android\Android Studio\jbr\bin\jimage.dll
0x00007ff924ce0000 - 0x00007ff924ec4000 	C:\Windows\SYSTEM32\DBGHELP.DLL
0x00007ff919440000 - 0x00007ff919474000 	C:\Windows\SYSTEM32\dbgcore.DLL
0x00007ff927940000 - 0x00007ff9279c2000 	C:\Windows\System32\bcryptPrimitives.dll
0x00007ff918b70000 - 0x00007ff918b7e000 	C:\Program Files\Android\Android Studio\jbr\bin\instrument.dll
0x00007ff91ded0000 - 0x00007ff91def5000 	C:\Program Files\Android\Android Studio\jbr\bin\java.dll
0x00007ff91dbc0000 - 0x00007ff91dbd8000 	C:\Program Files\Android\Android Studio\jbr\bin\zip.dll
0x00007ff928c20000 - 0x00007ff92938d000 	C:\Windows\System32\SHELL32.dll
0x00007ff9251b0000 - 0x00007ff925954000 	C:\Windows\SYSTEM32\windows.storage.dll
0x00007ff929680000 - 0x00007ff9299d3000 	C:\Windows\System32\combase.dll
0x00007ff926b80000 - 0x00007ff926bae000 	C:\Windows\SYSTEM32\Wldp.dll
0x00007ff9285b0000 - 0x00007ff92867d000 	C:\Windows\System32\OLEAUT32.dll
0x00007ff928af0000 - 0x00007ff928b9d000 	C:\Windows\System32\SHCORE.dll
0x00007ff927bc0000 - 0x00007ff927c15000 	C:\Windows\System32\shlwapi.dll
0x00007ff927080000 - 0x00007ff9270a4000 	C:\Windows\SYSTEM32\profapi.dll
0x00007ff918c80000 - 0x00007ff918c99000 	C:\Program Files\Android\Android Studio\jbr\bin\net.dll
0x00007ff922040000 - 0x00007ff92214d000 	C:\Windows\SYSTEM32\WINHTTP.dll
0x00007ff9268e0000 - 0x00007ff92694a000 	C:\Windows\system32\mswsock.dll
0x00007ff918c60000 - 0x00007ff918c76000 	C:\Program Files\Android\Android Studio\jbr\bin\nio.dll
0x00007ff918c50000 - 0x00007ff918c60000 	C:\Program Files\Android\Android Studio\jbr\bin\verify.dll
0x00007ff90a6c0000 - 0x00007ff90a6e7000 	C:\Users\salin\.gradle\native\c067742578af261105cb4f569cf0c3c89f3d7b1fecec35dd04571415982c5e48\windows-amd64\native-platform.dll
0x00007ff8da500000 - 0x00007ff8da644000 	C:\Users\salin\.gradle\native\38dada09dfb8b06ba9b0570ebf7e218e3eb74d4ef43ca46872605cf95ebc2f47\windows-amd64\native-platform-file-events.dll
0x00007ff91dec0000 - 0x00007ff91dec9000 	C:\Program Files\Android\Android Studio\jbr\bin\management.dll
0x00007ff91d9d0000 - 0x00007ff91d9db000 	C:\Program Files\Android\Android Studio\jbr\bin\management_ext.dll
0x00007ff929600000 - 0x00007ff929608000 	C:\Windows\System32\PSAPI.DLL
0x00007ff926ad0000 - 0x00007ff926ae8000 	C:\Windows\SYSTEM32\CRYPTSP.dll
0x00007ff926190000 - 0x00007ff9261c4000 	C:\Windows\system32\rsaenh.dll
0x00007ff927040000 - 0x00007ff92706e000 	C:\Windows\SYSTEM32\USERENV.dll
0x00007ff926af0000 - 0x00007ff926afc000 	C:\Windows\SYSTEM32\CRYPTBASE.dll
0x00007ff926570000 - 0x00007ff9265ab000 	C:\Windows\SYSTEM32\IPHLPAPI.DLL
0x00007ff927bb0000 - 0x00007ff927bb8000 	C:\Windows\System32\NSI.dll
0x00007ff921810000 - 0x00007ff921827000 	C:\Windows\SYSTEM32\dhcpcsvc6.DLL
0x00007ff921a50000 - 0x00007ff921a6d000 	C:\Windows\SYSTEM32\dhcpcsvc.DLL
0x00007ff9265b0000 - 0x00007ff92667a000 	C:\Windows\SYSTEM32\DNSAPI.dll
0x00007ff91dfe0000 - 0x00007ff91dfe9000 	C:\Program Files\Android\Android Studio\jbr\bin\extnet.dll
0x00007ff91f0c0000 - 0x00007ff91f0c7000 	C:\Windows\system32\wshunix.dll

dbghelp: loaded successfully - version: 4.0.5 - missing functions: none
symbol engine: initialized successfully - sym options: 0x614 - pdb path: .;C:\Program Files\Android\Android Studio\jbr\bin;C:\Windows\SYSTEM32;C:\Windows\WinSxS\amd64_microsoft.windows.common-controls_6595b64144ccf1df_6.0.19041.4355_none_60b8b9eb71f62e16;C:\Program Files\Android\Android Studio\jbr\bin\server;C:\Users\salin\.gradle\native\c067742578af261105cb4f569cf0c3c89f3d7b1fecec35dd04571415982c5e48\windows-amd64;C:\Users\salin\.gradle\native\38dada09dfb8b06ba9b0570ebf7e218e3eb74d4ef43ca46872605cf95ebc2f47\windows-amd64

VM Arguments:
jvm_args: --add-opens=java.base/java.util=ALL-UNNAMED --add-opens=java.base/java.lang=ALL-UNNAMED --add-opens=java.base/java.lang.invoke=ALL-UNNAMED --add-opens=java.prefs/java.util.prefs=ALL-UNNAMED --add-opens=java.base/java.nio.charset=ALL-UNNAMED --add-opens=java.base/java.net=ALL-UNNAMED --add-opens=java.base/java.util.concurrent.atomic=ALL-UNNAMED -Xmx2048m -Dfile.encoding=UTF-8 -Duser.country=ES -Duser.language=es -Duser.variant -javaagent:C:\Users\salin\.gradle\wrapper\dists\gradle-8.7-bin\bhs2wmbdwecv87pi65oeuq5iu\gradle-8.7\lib\agents\gradle-instrumentation-agent-8.7.jar 
java_command: org.gradle.launcher.daemon.bootstrap.GradleDaemon 8.7
java_class_path (initial): C:\Users\salin\.gradle\wrapper\dists\gradle-8.7-bin\bhs2wmbdwecv87pi65oeuq5iu\gradle-8.7\lib\gradle-launcher-8.7.jar
Launcher Type: SUN_STANDARD

[Global flags]
     intx CICompilerCount                          = 4                                         {product} {ergonomic}
     uint ConcGCThreads                            = 2                                         {product} {ergonomic}
     uint G1ConcRefinementThreads                  = 8                                         {product} {ergonomic}
   size_t G1HeapRegionSize                         = 1048576                                   {product} {ergonomic}
    uintx GCDrainStackTargetSize                   = 64                                        {product} {ergonomic}
   size_t InitialHeapSize                          = 132120576                                 {product} {ergonomic}
   size_t MarkStackSize                            = 4194304                                   {product} {ergonomic}
   size_t MaxHeapSize                              = 2147483648                                {product} {command line}
   size_t MaxNewSize                               = 1287651328                                {product} {ergonomic}
   size_t MinHeapDeltaBytes                        = 1048576                                   {product} {ergonomic}
   size_t MinHeapSize                              = 8388608                                   {product} {ergonomic}
    uintx NonNMethodCodeHeapSize                   = 5839372                                {pd product} {ergonomic}
    uintx NonProfiledCodeHeapSize                  = 122909434                              {pd product} {ergonomic}
    uintx ProfiledCodeHeapSize                     = 122909434                              {pd product} {ergonomic}
    uintx ReservedCodeCacheSize                    = 251658240                              {pd product} {ergonomic}
     bool SegmentedCodeCache                       = true                                      {product} {ergonomic}
   size_t SoftMaxHeapSize                          = 2147483648                             {manageable} {ergonomic}
     bool UseCompressedClassPointers               = true                           {product lp64_product} {ergonomic}
     bool UseCompressedOops                        = true                           {product lp64_product} {ergonomic}
     bool UseG1GC                                  = true                                      {product} {ergonomic}
     bool UseLargePagesIndividualAllocation        = false                                  {pd product} {ergonomic}

Logging:
Log output configuration:
 #0: stdout all=warning uptime,level,tags
 #1: stderr all=off uptime,level,tags

Environment Variables:
PATH=C:\Program Files\Common Files\Oracle\Java\javapath;C:\Windows\System32\HWAudioDriverLibs;C:\Windows\system32;C:\Windows;C:\Windows\System32\Wbem;C:\Windows\System32\WindowsPowerShell\v1.0\;C:\Windows\System32\OpenSSH\;C:\Windows\system32\config\systemprofile\AppData\Local\Microsoft\WindowsApps;C:\Program Files\CodeBlocks\MinGW\bin;C:\msys64\mingw64\bin;D:\MATLAB\R2023a\bin;C:\Program Files\dotnet\;C:\Program Files (x86)\IVI Foundation\VISA\WinNT\Bin\;C:\Program Files (x86)\IVI Foundation\VISA\WinNT\Bin;C:\Program Files\MongoDB\Tools\100\bin;C:\Program Files\Amazon\AWSCLIV2\;C:\Users\José Uribe\OneDrive\Escritorio\mav\apache-maven-3.9.9\bin;C:\Program Files\Git\cmd;C:\Users\salin\AppData\Local\Microsoft\WindowsApps;
USERNAME=salin
OS=Windows_NT
PROCESSOR_IDENTIFIER=Intel64 Family 6 Model 140 Stepping 1, GenuineIntel
TMP=C:\Users\salin\AppData\Local\Temp
TEMP=C:\Users\salin\AppData\Local\Temp



Periodic native trim disabled

JNI global refs:
JNI global refs: 29, weak refs: 24

JNI global refs memory usage: 843, weak refs: 841

Process memory usage:
Resident Set Size: 443712K (5% of 8183096K total physical memory with 690932K free physical memory)

OOME stack traces (most recent first):
Classloader memory used:
Loader org.gradle.internal.classloader.VisitableURLClassLoader                         : 8204K
Loader bootstrap                                                                       : 2495K
Loader org.gradle.initialization.MixInLegacyTypesClassLoader                           : 1108K
Loader jdk.internal.loader.ClassLoaders$PlatformClassLoader                            : 67435B
Loader jdk.internal.jrtfs.JrtFileSystemProvider$JrtFsLoader                            : 39899B
Loader jdk.internal.loader.ClassLoaders$AppClassLoader                                 : 28721B
Loader jdk.internal.reflect.DelegatingClassLoader                                      : 21397B
Loader org.gradle.internal.classloader.VisitableURLClassLoader                         : 15085B

Classes loaded by more than one classloader:
Class Program                                                                         : loaded 3 times (x 70B)
Class org.gradle.internal.classpath.ClassPath                                         : loaded 2 times (x 68B)
Class org.gradle.api.internal.classpath.DefaultModuleRegistry                         : loaded 2 times (x 84B)
Class Settings_gradle$1$1                                                             : loaded 2 times (x 72B)
Class jdk.internal.jimage.BasicImageReader$1                                          : loaded 2 times (x 75B)
Class org.gradle.api.Action                                                           : loaded 2 times (x 68B)
Class jdk.internal.jimage.ImageBufferCache$1                                          : loaded 2 times (x 78B)
Class jdk.internal.jimage.ImageBufferCache$2                                          : loaded 2 times (x 89B)
Class org.gradle.api.internal.DefaultClassPathProvider                                : loaded 2 times (x 74B)
Class org.gradle.internal.installation.GradleInstallation$1                           : loaded 2 times (x 73B)
Class jdk.internal.jrtfs.SystemImage$1                                                : loaded 2 times (x 76B)
Class jdk.internal.jrtfs.SystemImage$2                                                : loaded 2 times (x 74B)
Class org.gradle.internal.classloader.FilteringClassLoader                            : loaded 2 times (x 103B)
Class jdk.internal.jimage.ImageReader$Resource                                        : loaded 2 times (x 82B)
Class jdk.internal.jrtfs.SystemImage                                                  : loaded 2 times (x 72B)
Class org.gradle.internal.classpath.DefaultClassPath$ImmutableUniqueList$Builder      : loaded 2 times (x 73B)
Class jdk.internal.jrtfs.JrtDirectoryStream$1                                         : loaded 2 times (x 81B)
Class org.gradle.internal.classloader.ClassLoaderVisitor                              : loaded 2 times (x 74B)
Class org.gradle.internal.service.DefaultServiceLocator                               : loaded 2 times (x 81B)
Class org.gradle.internal.service.UnknownServiceException                             : loaded 2 times (x 81B)
Class org.gradle.internal.classloader.DefaultClassLoaderFactory                       : loaded 2 times (x 80B)
Class jdk.internal.jimage.ImageReader$SharedImageReader                               : loaded 2 times (x 93B)
Class jdk.internal.jimage.decompressor.ZipDecompressorFactory                         : loaded 2 times (x 72B)
Class org.gradle.internal.classloader.VisitableURLClassLoader$Spec                    : loaded 2 times (x 72B)
Class org.gradle.api.GradleException                                                  : loaded 2 times (x 80B)
Class org.gradle.api.internal.classpath.ModuleRegistry                                : loaded 2 times (x 68B)
Class org.gradle.api.internal.ClassPathProvider                                       : loaded 2 times (x 68B)
Class org.gradle.internal.classloader.ClasspathUtil$1                                 : loaded 2 times (x 74B)
Class org.gradle.internal.classloader.ClassLoaderFactory                              : loaded 2 times (x 68B)
Class jdk.internal.jimage.ImageHeader                                                 : loaded 2 times (x 69B)
Class org.gradle.api.internal.classpath.ManifestUtil                                  : loaded 2 times (x 69B)
Class org.gradle.api.specs.Spec                                                       : loaded 2 times (x 68B)
Class org.gradle.internal.IoActions                                                   : loaded 2 times (x 69B)
Class jdk.internal.jimage.decompressor.StringSharingDecompressorFactory               : loaded 2 times (x 72B)
Class org.gradle.api.internal.classpath.EffectiveClassPath                            : loaded 2 times (x 88B)
Class org.gradle.internal.installation.CurrentGradleInstallation                      : loaded 2 times (x 71B)
Class org.gradle.internal.agents.InstrumentingClassLoader                             : loaded 2 times (x 68B)
Class org.gradle.internal.installation.CurrentGradleInstallationLocator               : loaded 2 times (x 69B)
Class org.gradle.api.internal.classpath.Module                                        : loaded 2 times (x 68B)
Class org.gradle.internal.service.CachingServiceLocator                               : loaded 2 times (x 80B)
Class org.gradle.internal.classpath.DefaultClassPath                                  : loaded 2 times (x 88B)
Class jdk.internal.jimage.BasicImageReader                                            : loaded 2 times (x 93B)
Class jdk.internal.jimage.ImageLocation                                               : loaded 2 times (x 88B)
Class jdk.internal.jimage.ImageReader$Node                                            : loaded 2 times (x 82B)
Class jdk.internal.jimage.decompressor.CompressedResourceHeader                       : loaded 2 times (x 69B)
Class jdk.internal.jrtfs.JrtPath                                                      : loaded 2 times (x 116B)
Class jdk.internal.jimage.ImageStrings                                                : loaded 2 times (x 68B)
Class jdk.internal.jrtfs.JrtFileAttributes                                            : loaded 2 times (x 81B)
Class org.gradle.internal.classloader.SystemClassLoaderSpec                           : loaded 2 times (x 69B)
Class jdk.internal.jimage.decompressor.ResourceDecompressorRepository                 : loaded 2 times (x 69B)
Class org.gradle.api.UncheckedIOException                                             : loaded 2 times (x 80B)
Class jdk.internal.jimage.decompressor.ResourceDecompressor$StringsProvider           : loaded 2 times (x 68B)
Class org.gradle.internal.installation.GradleInstallation                             : loaded 2 times (x 73B)
Class jdk.internal.jimage.decompressor.Decompressor                                   : loaded 2 times (x 70B)
Class jdk.internal.jrtfs.JrtFileSystem                                                : loaded 2 times (x 100B)
Class jdk.internal.jrtfs.JrtFileSystemProvider                                        : loaded 2 times (x 97B)
Class org.gradle.internal.classloader.ClasspathUtil                                   : loaded 2 times (x 69B)
Class jdk.internal.jrtfs.JrtDirectoryStream                                           : loaded 2 times (x 87B)
Class jdk.internal.jimage.decompressor.ResourceDecompressor                           : loaded 2 times (x 68B)
Class org.gradle.api.internal.DefaultClassPathRegistry                                : loaded 2 times (x 74B)
Class org.gradle.api.internal.classpath.DefaultModuleRegistry$DefaultModule           : loaded 2 times (x 84B)
Class org.gradle.api.internal.classpath.UnknownModuleException                        : loaded 2 times (x 80B)
Class org.gradle.internal.service.ServiceLookupException                              : loaded 2 times (x 80B)
Class jdk.internal.jimage.ImageStringsReader                                          : loaded 2 times (x 78B)
Class org.gradle.cache.GlobalCache                                                    : loaded 2 times (x 68B)
Class jdk.internal.jimage.decompressor.ResourceDecompressorFactory                    : loaded 2 times (x 72B)
Class [Lorg.gradle.api.internal.ClassPathProvider;                                    : loaded 2 times (x 67B)
Class jdk.internal.jimage.ImageReader$SharedImageReader$LocationVisitor               : loaded 2 times (x 68B)
Class org.gradle.util.internal.GUtil                                                  : loaded 2 times (x 69B)
Class jdk.internal.jimage.decompressor.ZipDecompressor                                : loaded 2 times (x 73B)
Class org.gradle.internal.classloader.ClassLoaderSpec                                 : loaded 2 times (x 69B)
Class org.gradle.internal.classloader.VisitableURLClassLoader                         : loaded 2 times (x 115B)
Class org.gradle.internal.Cast                                                        : loaded 2 times (x 69B)
Class org.gradle.api.internal.ClassPathRegistry                                       : loaded 2 times (x 68B)
Class org.gradle.internal.classloader.VisitableURLClassLoader$InstrumentingVisitableURLClassLoader: loaded 2 times (x 121B)
Class org.gradle.internal.classloader.ClassLoaderHierarchy                            : loaded 2 times (x 68B)
Class jdk.internal.jimage.ImageReader                                                 : loaded 2 times (x 73B)
Class org.gradle.internal.InternalTransformer                                         : loaded 2 times (x 68B)
Class org.gradle.internal.service.ServiceLocator                                      : loaded 2 times (x 68B)
Class Settings_gradle$1                                                               : loaded 2 times (x 72B)
Class org.gradle.internal.classpath.DefaultClassPath$ImmutableUniqueList              : loaded 2 times (x 159B)
Class jdk.internal.jimage.ImageBufferCache                                            : loaded 2 times (x 69B)
Class org.gradle.internal.classpath.TransformedClassPath                              : loaded 2 times (x 94B)
Class Settings_gradle                                                                 : loaded 2 times (x 126B)
Class jdk.internal.jimage.ImageReader$Directory                                       : loaded 2 times (x 82B)


---------------  S Y S T E M  ---------------

OS:
 Windows 10 , 64 bit Build 19041 (10.0.19041.5072)
OS uptime: 1 days 14:03 hours

CPU: total 8 (initial active 8) (4 cores per cpu, 2 threads per core) family 6 model 140 stepping 1 microcode 0x8a, cx8, cmov, fxsr, ht, mmx, 3dnowpref, sse, sse2, sse3, ssse3, sse4.1, sse4.2, popcnt, lzcnt, tsc, tscinvbit, avx, avx2, aes, erms, clmul, bmi1, bmi2, adx, avx512f, avx512dq, avx512cd, avx512bw, avx512vl, sha, fma, vzeroupper, avx512_vpopcntdq, avx512_vpclmulqdq, avx512_vaes, avx512_vnni, clflush, clflushopt, clwb, avx512_vbmi2, avx512_vbmi
Processor Information for processor 0
  Max Mhz: 2419, Current Mhz: 907, Mhz Limit: 2419
Processor Information for processor 1
  Max Mhz: 2419, Current Mhz: 907, Mhz Limit: 2419
Processor Information for processor 2
  Max Mhz: 2419, Current Mhz: 2419, Mhz Limit: 2419
Processor Information for processor 3
  Max Mhz: 2419, Current Mhz: 2419, Mhz Limit: 2419
Processor Information for processor 4
  Max Mhz: 2419, Current Mhz: 2419, Mhz Limit: 2419
Processor Information for processor 5
  Max Mhz: 2419, Current Mhz: 2419, Mhz Limit: 2419
Processor Information for processor 6
  Max Mhz: 2419, Current Mhz: 907, Mhz Limit: 2419
Processor Information for processor 7
  Max Mhz: 2419, Current Mhz: 907, Mhz Limit: 2419

Memory: 4k page, system-wide physical 7991M (674M free)
TotalPageFile size 18229M (AvailPageFile size 5M)
current process WorkingSet (physical memory assigned to process): 433M, peak: 433M
current process commit charge ("private bytes"): 567M, peak: 569M

vm_info: OpenJDK 64-Bit Server VM (17.0.11+0--11852314) for windows-amd64 JRE (17.0.11+0--11852314), built on May 16 2024 21:29:20 by "androidbuild" with MS VC++ 16.10 / 16.11 (VS2019)

END.
